MISSION_LOG: t=2025-04-15T18:49:05.014Z | Mission 10_0_2_15_20250415184905_b0y64d STARTED for robot at 10.0.2.15
MISSION_LOG: t=2025-04-15T18:56:51.777Z | Mission undefined STOPPED for robot at 10.0.2.15
MISSION_LOG: t=2025-04-15T18:56:52.102Z | Mission undefined STOPPED for robot at 10.0.2.15
MISSION_LOG: t=2025-04-15T18:56:51.882Z | Mission undefined STOPPED for robot at 10.0.2.15
limo1 : SCAN_LOG: t=19:00:01.250 | min_dist=1.18m@120° | obstacles(<0.5m)=0 | F/L/R/B=2.92/1.18/4.86/Infinitym | avg=5.28m var=4.44
limo2 : SCAN_LOG: t=19:00:01.250 | min_dist=1.71m@11° | obstacles(<0.5m)=0 | F/L/R/B=1.71/2.05/3.28/Infinitym | avg=4.51m var=6.41
limo1 : SCAN_LOG: t=19:00:01.375 | min_dist=1.18m@119° | obstacles(<0.5m)=0 | F/L/R/B=2.91/1.18/4.83/Infinitym | avg=5.27m var=4.49
limo2 : SCAN_LOG: t=19:00:01.375 | min_dist=1.72m@12° | obstacles(<0.5m)=0 | F/L/R/B=1.72/2.05/3.27/Infinitym | avg=4.51m var=6.41
limo1 : SCAN_LOG: t=19:00:01.500 | min_dist=1.16m@52° | obstacles(<0.5m)=0 | F/L/R/B=2.92/1.16/4.84/Infinitym | avg=5.28m var=4.47
limo2 : SCAN_LOG: t=19:00:01.500 | min_dist=1.72m@10° | obstacles(<0.5m)=0 | F/L/R/B=1.72/2.05/3.26/Infinitym | avg=4.51m var=6.41
limo1 : SCAN_LOG: t=19:00:01.625 | min_dist=1.18m@52° | obstacles(<0.5m)=0 | F/L/R/B=2.92/1.18/4.84/Infinitym | avg=5.28m var=4.46
limo2 : SCAN_LOG: t=19:00:01.625 | min_dist=1.72m@15° | obstacles(<0.5m)=0 | F/L/R/B=1.72/2.04/3.27/Infinitym | avg=4.51m var=6.41
limo1 : SCAN_LOG: t=19:00:01.750 | min_dist=1.17m@52° | obstacles(<0.5m)=0 | F/L/R/B=2.91/1.17/4.83/Infinitym | avg=5.28m var=4.46
limo2 : SCAN_LOG: t=19:00:01.750 | min_dist=1.71m@15° | obstacles(<0.5m)=0 | F/L/R/B=1.71/2.05/3.29/Infinitym | avg=4.51m var=6.41
limo1 : SCAN_LOG: t=19:00:01.875 | min_dist=1.18m@52° | obstacles(<0.5m)=0 | F/L/R/B=2.92/1.18/4.84/Infinitym | avg=5.28m var=4.46
limo2 : SCAN_LOG: t=19:00:01.875 | min_dist=1.72m@15° | obstacles(<0.5m)=0 | F/L/R/B=1.72/2.05/3.29/Infinitym | avg=4.51m var=6.41
MISSION_LOG: t=2025-04-15T18:58:26.560Z | Mission 10_0_2_15_20250415184905_b0y64d STARTED for robot at 10.0.2.15
limo1 : SCAN_LOG: t=19:00:02.000 | min_dist=1.17m@52° | obstacles(<0.5m)=0 | F/L/R/B=2.9/1.17/4.84/Infinitym | avg=5.29m var=4.46
limo2 : SCAN_LOG: t=19:00:02.000 | min_dist=1.7m@10° | obstacles(<0.5m)=0 | F/L/R/B=1.7/2.04/3.24/Infinitym | avg=4.5m var=6.45
limo1 : SCAN_LOG: t=19:00:02.125 | min_dist=1.17m@52° | obstacles(<0.5m)=0 | F/L/R/B=2.8/1.17/4.98/Infinitym | avg=5.32m var=4.43
limo2 : SCAN_LOG: t=19:00:02.125 | min_dist=1.6m@10° | obstacles(<0.5m)=0 | F/L/R/B=1.6/1.91/3.06/Infinitym | avg=4.38m var=6.66
limo1 : SCAN_LOG: t=19:00:02.250 | min_dist=1.18m@52° | obstacles(<0.5m)=0 | F/L/R/B=2.7/1.18/5.13/Infinitym | avg=5.37m var=4.43
limo2 : SCAN_LOG: t=19:00:02.250 | min_dist=1.5m@13° | obstacles(<0.5m)=0 | F/L/R/B=1.5/1.82/2.88/Infinitym | avg=4.27m var=6.88
limo1 : SCAN_LOG: t=19:00:02.375 | min_dist=1.18m@52° | obstacles(<0.5m)=0 | F/L/R/B=2.61/1.18/5.23/Infinitym | avg=5.32m var=4.64
limo2 : SCAN_LOG: t=19:00:02.375 | min_dist=1.41m@12° | obstacles(<0.5m)=0 | F/L/R/B=1.41/1.71/2.69/Infinitym | avg=4.16m var=7.11
limo1 : SCAN_LOG: t=19:00:02.500 | min_dist=1.17m@52° | obstacles(<0.5m)=0 | F/L/R/B=2.5/1.17/6.39/Infinitym | avg=5.28m var=4.81
limo2 : SCAN_LOG: t=19:00:02.500 | min_dist=1.31m@6° | obstacles(<0.5m)=0 | F/L/R/B=1.31/1.58/2.5/Infinitym | avg=4.04m var=7.33
limo1 : SCAN_LOG: t=19:00:02.625 | min_dist=1.17m@52° | obstacles(<0.5m)=0 | F/L/R/B=2.4/1.17/6.39/Infinitym | avg=5.21m var=5.02
limo2 : SCAN_LOG: t=19:00:02.625 | min_dist=1.21m@7° | obstacles(<0.5m)=0 | F/L/R/B=1.21/1.45/2.32/Infinitym | avg=3.92m var=7.55
limo1 : SCAN_LOG: t=19:00:02.750 | min_dist=1.17m@52° | obstacles(<0.5m)=0 | F/L/R/B=2.31/1.17/6.38/Infinitym | avg=5.15m var=5.23
limo2 : SCAN_LOG: t=19:00:02.750 | min_dist=1.12m@7° | obstacles(<0.5m)=0 | F/L/R/B=1.12/1.34/2.13/Infinitym | avg=3.8m var=7.78
limo1 : SCAN_LOG: t=19:00:02.875 | min_dist=1.18m@52° | obstacles(<0.5m)=0 | F/L/R/B=2.2/1.18/6.39/Infinitym | avg=5.09m var=5.45
limo2 : SCAN_LOG: t=19:00:02.875 | min_dist=1.01m@12° | obstacles(<0.5m)=0 | F/L/R/B=1.01/1.21/1.93/Infinitym | avg=3.67m var=8
limo1 : SCAN_LOG: t=19:00:03.000 | min_dist=1.18m@52° | obstacles(<0.5m)=0 | F/L/R/B=2.11/1.18/6.39/Infinitym | avg=5.02m var=5.68
limo2 : SCAN_LOG: t=19:00:03.000 | min_dist=0.92m@11° | obstacles(<0.5m)=0 | F/L/R/B=0.92/1.1/1.78/Infinitym | avg=3.54m var=8.22
limo1 : SCAN_LOG: t=19:00:03.125 | min_dist=1.18m@52° | obstacles(<0.5m)=0 | F/L/R/B=2.01/1.18/6.38/Infinitym | avg=4.94m var=5.9
limo2 : SCAN_LOG: t=19:00:03.125 | min_dist=0.82m@14° | obstacles(<0.5m)=0 | F/L/R/B=0.82/0.99/1.6/Infinitym | avg=3.4m var=8.42
limo1 : SCAN_LOG: t=19:00:03.250 | min_dist=1.19m@52° | obstacles(<0.5m)=0 | F/L/R/B=1.91/1.19/6.38/Infinitym | avg=4.85m var=6.09
limo2 : SCAN_LOG: t=19:00:03.250 | min_dist=0.72m@11° | obstacles(<0.5m)=0 | F/L/R/B=0.72/0.87/1.41/Infinitym | avg=3.26m var=8.64
limo1 : SCAN_LOG: t=19:00:03.375 | min_dist=1.2m@52° | obstacles(<0.5m)=0 | F/L/R/B=1.82/1.2/6.38/Infinitym | avg=4.75m var=6.3
limo2 : SCAN_LOG: t=19:00:03.375 | min_dist=0.62m@18° | obstacles(<0.5m)=0 | F/L/R/B=0.62/0.76/1.23/Infinitym | avg=3.12m var=8.84
limo1 : SCAN_LOG: t=19:00:03.500 | min_dist=1.27m@47° | obstacles(<0.5m)=0 | F/L/R/B=1.72/1.27/6.38/Infinitym | avg=4.65m var=6.5
limo2 : SCAN_LOG: t=19:00:03.500 | min_dist=0.52m@10° | obstacles(<0.5m)=0 | F/L/R/B=0.52/0.64/1.03/Infinitym | avg=2.96m var=9.03
limo1 : SCAN_LOG: t=19:00:03.625 | min_dist=1.28m@56° | obstacles(<0.5m)=0 | F/L/R/B=1.63/1.28/6.38/Infinitym | avg=4.55m var=6.72
limo2 : SCAN_LOG: t=19:00:03.625 | min_dist=0.43m@8° | obstacles(<0.5m)=155 | F/L/R/B=0.43/0.52/0.85/Infinitym | avg=2.81m var=9.24
limo1 : SCAN_LOG: t=19:00:03.750 | min_dist=1.27m@57° | obstacles(<0.5m)=0 | F/L/R/B=1.53/1.27/6.39/Infinitym | avg=4.44m var=6.93
limo2 : SCAN_LOG: t=19:00:03.750 | min_dist=0.34m@16° | obstacles(<0.5m)=246 | F/L/R/B=0.34/0.44/0.7/Infinitym | avg=2.66m var=9.31
limo1 : SCAN_LOG: t=19:00:03.875 | min_dist=1.19m@51° | obstacles(<0.5m)=0 | F/L/R/B=1.43/1.19/6.38/Infinitym | avg=4.33m var=7.13
limo2 : SCAN_LOG: t=19:00:03.875 | min_dist=0.33m@18° | obstacles(<0.5m)=268 | F/L/R/B=0.33/0.42/0.65/Infinitym | avg=2.63m var=9.34
limo1 : SCAN_LOG: t=19:00:04.000 | min_dist=1.08m@60° | obstacles(<0.5m)=0 | F/L/R/B=1.33/1.08/6.39/Infinitym | avg=4.2m var=7.36
limo2 : SCAN_LOG: t=19:00:04.000 | min_dist=0.31m@17° | obstacles(<0.5m)=284 | F/L/R/B=0.31/0.4/0.58/Infinitym | avg=2.62m var=9.47
limo1 : SCAN_LOG: t=19:00:04.125 | min_dist=1.11m@58° | obstacles(<0.5m)=0 | F/L/R/B=1.23/1.11/6.38/Infinitym | avg=4.08m var=7.54
limo2 : SCAN_LOG: t=19:00:04.125 | min_dist=0.3m@7° | obstacles(<0.5m)=298 | F/L/R/B=0.3/0.38/0.52/Infinitym | avg=2.65m var=9.67
limo1 : SCAN_LOG: t=19:00:04.250 | min_dist=0.97m@69° | obstacles(<0.5m)=0 | F/L/R/B=1.14/0.97/6.39/Infinitym | avg=3.96m var=7.74
limo2 : SCAN_LOG: t=19:00:04.250 | min_dist=0.3m@1° | obstacles(<0.5m)=295 | F/L/R/B=0.3/0.44/0.48/Infinitym | avg=2.66m var=9.64
limo1 : SCAN_LOG: t=19:00:04.375 | min_dist=0.94m@75° | obstacles(<0.5m)=0 | F/L/R/B=1.03/0.94/1.99/Infinitym | avg=3.82m var=7.92
limo2 : SCAN_LOG: t=19:00:04.375 | min_dist=0.31m@-6° | obstacles(<0.5m)=284 | F/L/R/B=0.31/0.49/0.45/Infinitym | avg=2.56m var=9.23
limo1 : SCAN_LOG: t=19:00:04.500 | min_dist=0.92m@81° | obstacles(<0.5m)=0 | F/L/R/B=0.94/0.92/1.82/Infinitym | avg=3.66m var=8.09
limo2 : SCAN_LOG: t=19:00:04.500 | min_dist=0.33m@-6° | obstacles(<0.5m)=272 | F/L/R/B=0.33/0.59/0.42/Infinitym | avg=2.46m var=8.82
limo1 : SCAN_LOG: t=19:00:04.625 | min_dist=0.84m@12° | obstacles(<0.5m)=0 | F/L/R/B=0.84/0.9/1.61/Infinitym | avg=3.5m var=8.2
limo2 : SCAN_LOG: t=19:00:04.625 | min_dist=0.34m@-18° | obstacles(<0.5m)=261 | F/L/R/B=0.34/0.74/0.4/Infinitym | avg=2.34m var=8.3
limo1 : SCAN_LOG: t=19:00:04.750 | min_dist=0.75m@11° | obstacles(<0.5m)=0 | F/L/R/B=0.75/0.9/1.43/Infinitym | avg=3.38m var=8.39
limo2 : SCAN_LOG: t=19:00:04.750 | min_dist=0.35m@-29° | obstacles(<0.5m)=250 | F/L/R/B=0.35/1.05/0.39/Infinitym | avg=2.16m var=7.53
limo1 : SCAN_LOG: t=19:00:04.875 | min_dist=0.65m@6° | obstacles(<0.5m)=0 | F/L/R/B=0.65/0.78/1.26/Infinitym | avg=3.18m var=8.38
limo2 : SCAN_LOG: t=19:00:04.875 | min_dist=0.36m@-33° | obstacles(<0.5m)=234 | F/L/R/B=0.36/2.06/0.39/Infinitym | avg=2.09m var=6.65
limo1 : SCAN_LOG: t=19:00:05.000 | min_dist=0.55m@13° | obstacles(<0.5m)=0 | F/L/R/B=0.55/0.68/1.06/Infinitym | avg=2.99m var=8.42
limo2 : SCAN_LOG: t=19:00:05.000 | min_dist=0.4m@-37° | obstacles(<0.5m)=202 | F/L/R/B=0.4/2.96/0.4/Infinitym | avg=2.11m var=6.12
limo1 : SCAN_LOG: t=19:00:05.125 | min_dist=0.46m@20° | obstacles(<0.5m)=109 | F/L/R/B=0.46/0.55/0.9/Infinitym | avg=2.78m var=8.38
limo2 : SCAN_LOG: t=19:00:05.125 | min_dist=0.43m@-56° | obstacles(<0.5m)=168 | F/L/R/B=0.44/2.78/0.43/Infinitym | avg=2.22m var=6.22
limo1 : SCAN_LOG: t=19:00:05.250 | min_dist=0.39m@9° | obstacles(<0.5m)=202 | F/L/R/B=0.39/0.48/0.77/Infinitym | avg=2.65m var=8.35
limo2 : SCAN_LOG: t=19:00:05.250 | min_dist=0.45m@-64° | obstacles(<0.5m)=127 | F/L/R/B=0.49/2.73/0.45/Infinitym | avg=2.54m var=6.85
limo1 : SCAN_LOG: t=19:00:05.375 | min_dist=0.38m@5° | obstacles(<0.5m)=222 | F/L/R/B=0.38/0.48/0.73/Infinitym | avg=2.6m var=8.32
limo2 : SCAN_LOG: t=19:00:05.375 | min_dist=0.47m@-74° | obstacles(<0.5m)=34 | F/L/R/B=0.58/2.7/0.47/Infinitym | avg=2.84m var=7.16
limo1 : SCAN_LOG: t=19:00:05.500 | min_dist=0.35m@12° | obstacles(<0.5m)=242 | F/L/R/B=0.35/0.46/0.64/Infinitym | avg=2.52m var=8.24
limo2 : SCAN_LOG: t=19:00:05.500 | min_dist=0.51m@-88° | obstacles(<0.5m)=0 | F/L/R/B=0.71/2.65/0.51/Infinitym | avg=3.15m var=7.33
limo1 : SCAN_LOG: t=19:00:05.625 | min_dist=0.34m@-12° | obstacles(<0.5m)=256 | F/L/R/B=0.34/0.48/0.55/Infinitym | avg=2.4m var=7.96
limo2 : SCAN_LOG: t=19:00:05.625 | min_dist=0.55m@-91° | obstacles(<0.5m)=0 | F/L/R/B=0.92/2.61/0.55/Infinitym | avg=3.47m var=7.41
limo1 : SCAN_LOG: t=19:00:05.750 | min_dist=0.34m@5° | obstacles(<0.5m)=259 | F/L/R/B=0.34/0.52/0.51/Infinitym | avg=2.32m var=7.77
limo2 : SCAN_LOG: t=19:00:05.750 | min_dist=0.61m@-106° | obstacles(<0.5m)=0 | F/L/R/B=1.26/2.54/0.61/Infinitym | avg=3.71m var=7.13
limo1 : SCAN_LOG: t=19:00:05.875 | min_dist=0.36m@-10° | obstacles(<0.5m)=246 | F/L/R/B=0.36/0.56/0.49/Infinitym | avg=2.27m var=7.58
limo2 : SCAN_LOG: t=19:00:05.875 | min_dist=0.66m@-112° | obstacles(<0.5m)=0 | F/L/R/B=1.69/2.49/0.66/Infinitym | avg=3.87m var=6.81
limo1 : SCAN_LOG: t=19:00:06.000 | min_dist=0.38m@-1° | obstacles(<0.5m)=228 | F/L/R/B=0.38/0.65/0.5/Infinitym | avg=2.25m var=7.47
limo2 : SCAN_LOG: t=19:00:06.000 | min_dist=0.72m@-117° | obstacles(<0.5m)=0 | F/L/R/B=3.29/2.42/0.72/Infinitym | avg=3.99m var=6.44
limo1 : SCAN_LOG: t=19:00:06.125 | min_dist=0.39m@-14° | obstacles(<0.5m)=212 | F/L/R/B=0.39/0.72/0.49/Infinitym | avg=2.23m var=7.39
limo2 : SCAN_LOG: t=19:00:06.125 | min_dist=0.77m@-113° | obstacles(<0.5m)=0 | F/L/R/B=3.16/2.37/0.77/Infinitym | avg=4.07m var=6.15
limo1 : SCAN_LOG: t=19:00:06.250 | min_dist=0.41m@-21° | obstacles(<0.5m)=190 | F/L/R/B=0.41/0.84/0.49/Infinitym | avg=2.19m var=7.25
limo2 : SCAN_LOG: t=19:00:06.250 | min_dist=0.81m@-113° | obstacles(<0.5m)=0 | F/L/R/B=3.19/2.31/0.81/Infinitym | avg=4.11m var=5.9
limo1 : SCAN_LOG: t=19:00:06.375 | min_dist=0.42m@-26° | obstacles(<0.5m)=174 | F/L/R/B=0.42/1.03/0.48/Infinitym | avg=2.16m var=7.11
limo2 : SCAN_LOG: t=19:00:06.375 | min_dist=0.86m@-114° | obstacles(<0.5m)=0 | F/L/R/B=3.22/2.26/0.86/Infinitym | avg=4.16m var=5.66
limo1 : SCAN_LOG: t=19:00:06.500 | min_dist=0.43m@-28° | obstacles(<0.5m)=150 | F/L/R/B=0.43/1.38/0.47/Infinitym | avg=2.15m var=6.83
limo2 : SCAN_LOG: t=19:00:06.500 | min_dist=0.91m@-119° | obstacles(<0.5m)=0 | F/L/R/B=3.25/2.2/0.91/Infinitym | avg=4.2m var=5.42
limo1 : SCAN_LOG: t=19:00:06.625 | min_dist=0.43m@-34° | obstacles(<0.5m)=134 | F/L/R/B=0.43/1.62/0.46/Infinitym | avg=2.06m var=6.3
limo2 : SCAN_LOG: t=19:00:06.625 | min_dist=0.96m@-117° | obstacles(<0.5m)=0 | F/L/R/B=3.26/2.17/0.96/Infinitym | avg=4.24m var=5.2
limo1 : SCAN_LOG: t=19:00:06.750 | min_dist=0.44m@-34° | obstacles(<0.5m)=116 | F/L/R/B=0.44/1.72/0.46/Infinitym | avg=1.95m var=5.83
limo2 : SCAN_LOG: t=19:00:06.750 | min_dist=1.01m@-114° | obstacles(<0.5m)=0 | F/L/R/B=3.25/2.12/1.01/Infinitym | avg=4.28m var=4.97
MISSION_LOG: t=2025-04-15T19:02:05.195Z | Mission 10_0_2_15_20250415184905_b0y64d STOPPED for robot at 10.0.2.15
limo1 : SCAN_LOG: t=19:00:04.000 | min_dist=1.03m@-24° | obstacles(<0.5m)=0 | F/L/R/B=1.03/1.29/1.13/Infinitym | avg=2.88m var=4.71
limo2 : SCAN_LOG: t=19:00:04.000 | min_dist=0.66m@-56° | obstacles(<0.5m)=0 | F/L/R/B=6.18/0.87/0.66/Infinitym | avg=3.81m var=7.51
limo1 : SCAN_LOG: t=19:00:04.125 | min_dist=1.05m@-28° | obstacles(<0.5m)=0 | F/L/R/B=1.05/1.16/1.12/Infinitym | avg=2.88m var=4.71
limo2 : SCAN_LOG: t=19:00:04.125 | min_dist=0.65m@-55° | obstacles(<0.5m)=0 | F/L/R/B=6.18/0.88/0.65/Infinitym | avg=3.81m var=7.51
limo1 : SCAN_LOG: t=19:00:04.250 | min_dist=1.03m@-24° | obstacles(<0.5m)=0 | F/L/R/B=1.03/1.3/1.12/Infinitym | avg=2.88m var=4.68
limo2 : SCAN_LOG: t=19:00:04.250 | min_dist=0.66m@-57° | obstacles(<0.5m)=0 | F/L/R/B=6.18/0.86/0.66/Infinitym | avg=3.81m var=7.52
limo1 : SCAN_LOG: t=19:00:04.375 | min_dist=1.03m@-23° | obstacles(<0.5m)=0 | F/L/R/B=1.03/1.3/1.13/Infinitym | avg=2.88m var=4.68
limo2 : SCAN_LOG: t=19:00:04.375 | min_dist=0.66m@-55° | obstacles(<0.5m)=0 | F/L/R/B=6.17/0.88/0.66/Infinitym | avg=3.81m var=7.51
MISSION_LOG: t=2025-04-15T19:06:23.665Z | Mission 10_0_2_15_20250415184905_b0y64d STARTED for robot at 10.0.2.15
limo1 : SCAN_LOG: t=19:00:04.500 | min_dist=1.04m@-26° | obstacles(<0.5m)=0 | F/L/R/B=1.04/1.3/1.12/Infinitym | avg=2.88m var=4.68
limo2 : SCAN_LOG: t=19:00:04.500 | min_dist=0.66m@-55° | obstacles(<0.5m)=0 | F/L/R/B=6.18/0.87/0.66/Infinitym | avg=3.81m var=7.51
limo1 : SCAN_LOG: t=19:00:04.625 | min_dist=1.04m@-30° | obstacles(<0.5m)=0 | F/L/R/B=1.04/1.28/1.11/Infinitym | avg=2.88m var=4.72
limo2 : SCAN_LOG: t=19:00:04.625 | min_dist=0.65m@-55° | obstacles(<0.5m)=0 | F/L/R/B=6.18/0.87/0.65/Infinitym | avg=3.8m var=7.52
limo1 : SCAN_LOG: t=19:00:04.750 | min_dist=0.97m@-30° | obstacles(<0.5m)=0 | F/L/R/B=0.97/1.26/1.04/Infinitym | avg=2.78m var=4.65
limo2 : SCAN_LOG: t=19:00:04.750 | min_dist=0.62m@-62° | obstacles(<0.5m)=0 | F/L/R/B=6.09/0.91/0.62/Infinitym | avg=3.83m var=7.53
limo1 : SCAN_LOG: t=19:00:04.875 | min_dist=0.87m@-26° | obstacles(<0.5m)=0 | F/L/R/B=0.87/1.18/0.94/Infinitym | avg=2.65m var=4.56
limo2 : SCAN_LOG: t=19:00:04.875 | min_dist=0.58m@-70° | obstacles(<0.5m)=0 | F/L/R/B=6/0.95/0.58/Infinitym | avg=3.9m var=7.38
limo1 : SCAN_LOG: t=19:00:05.000 | min_dist=0.77m@-28° | obstacles(<0.5m)=0 | F/L/R/B=0.77/1.2/0.85/Infinitym | avg=2.51m var=4.43
limo2 : SCAN_LOG: t=19:00:05.000 | min_dist=0.55m@-79° | obstacles(<0.5m)=0 | F/L/R/B=5.89/1.02/0.55/Infinitym | avg=3.99m var=7.13
limo1 : SCAN_LOG: t=19:00:05.125 | min_dist=0.69m@-19° | obstacles(<0.5m)=0 | F/L/R/B=0.69/1.28/0.74/Infinitym | avg=2.35m var=4.21
limo2 : SCAN_LOG: t=19:00:05.125 | min_dist=0.54m@-89° | obstacles(<0.5m)=0 | F/L/R/B=5.8/1.13/0.54/Infinitym | avg=4.24m var=7.08
limo1 : SCAN_LOG: t=19:00:05.250 | min_dist=0.6m@-26° | obstacles(<0.5m)=0 | F/L/R/B=0.6/1.28/0.65/Infinitym | avg=2.2m var=4.06
limo2 : SCAN_LOG: t=19:00:05.250 | min_dist=0.54m@-100° | obstacles(<0.5m)=0 | F/L/R/B=5.7/1.21/0.54/Infinitym | avg=4.52m var=6.87
limo1 : SCAN_LOG: t=19:00:05.375 | min_dist=0.51m@-26° | obstacles(<0.5m)=0 | F/L/R/B=0.51/1.26/0.55/Infinitym | avg=2.03m var=3.94
limo2 : SCAN_LOG: t=19:00:05.375 | min_dist=0.57m@-107° | obstacles(<0.5m)=0 | F/L/R/B=5.6/1.3/0.57/Infinitym | avg=4.81m var=6.45
limo1 : SCAN_LOG: t=19:00:05.500 | min_dist=0.42m@-11° | obstacles(<0.5m)=169 | F/L/R/B=0.42/1.18/0.46/Infinitym | avg=1.83m var=3.63
limo2 : SCAN_LOG: t=19:00:05.500 | min_dist=0.6m@-112° | obstacles(<0.5m)=0 | F/L/R/B=5.48/1.39/0.6/Infinitym | avg=5.03m var=6.01
limo1 : SCAN_LOG: t=19:00:05.625 | min_dist=0.32m@-23° | obstacles(<0.5m)=276 | F/L/R/B=0.32/1.27/0.37/Infinitym | avg=1.61m var=3.17
limo2 : SCAN_LOG: t=19:00:05.750 | min_dist=0.69m@-118° | obstacles(<0.5m)=0 | F/L/R/B=5.29/1.55/0.69/Infinitym | avg=5.49m var=4.49
limo1 : SCAN_LOG: t=19:00:05.875 | min_dist=0.2m@-32° | obstacles(<0.5m)=384 | F/L/R/B=0.2/1.34/0.2/Infinitym | avg=1.38m var=3.03
limo2 : SCAN_LOG: t=19:00:05.875 | min_dist=1.33m@-120° | obstacles(<0.5m)=0 | F/L/R/B=5.19/1.62/1.33/Infinitym | avg=5.55m var=4.02
limo1 : SCAN_LOG: t=19:00:06.000 | min_dist=0.18m@-27° | obstacles(<0.5m)=392 | F/L/R/B=0.18/1.39/0.21/Infinitym | avg=1.31m var=2.69
limo2 : SCAN_LOG: t=19:00:06.000 | min_dist=1.7m@120° | obstacles(<0.5m)=0 | F/L/R/B=5.09/1.7/2.39/Infinitym | avg=5.58m var=3.72
limo1 : SCAN_LOG: t=19:00:06.125 | min_dist=0.18m@-18° | obstacles(<0.5m)=397 | F/L/R/B=0.18/1.81/0.19/Infinitym | avg=1.24m var=2.19
limo2 : SCAN_LOG: t=19:00:06.125 | min_dist=1.81m@119° | obstacles(<0.5m)=0 | F/L/R/B=4.99/1.81/3.48/Infinitym | avg=5.6m var=3.5
limo1 : SCAN_LOG: t=19:00:06.250 | min_dist=0.18m@-38° | obstacles(<0.5m)=400 | F/L/R/B=0.18/1.8/0.18/Infinitym | avg=1.21m var=1.99
limo2 : SCAN_LOG: t=19:00:06.250 | min_dist=1.9m@120° | obstacles(<0.5m)=0 | F/L/R/B=4.9/1.9/4.54/Infinitym | avg=5.62m var=3.34
limo1 : SCAN_LOG: t=19:00:06.375 | min_dist=0.18m@-33° | obstacles(<0.5m)=398 | F/L/R/B=0.18/1.8/0.18/Infinitym | avg=1.24m var=2.05
limo2 : SCAN_LOG: t=19:00:06.375 | min_dist=1.97m@119° | obstacles(<0.5m)=0 | F/L/R/B=4.79/1.97/5.62/Infinitym | avg=5.61m var=3.21
limo1 : SCAN_LOG: t=19:00:06.500 | min_dist=0.18m@-35° | obstacles(<0.5m)=395 | F/L/R/B=0.18/1.79/0.19/Infinitym | avg=1.3m var=2.1
limo2 : SCAN_LOG: t=19:00:06.500 | min_dist=2.06m@119° | obstacles(<0.5m)=0 | F/L/R/B=4.7/2.06/6.69/Infinitym | avg=5.6m var=3.08
limo1 : SCAN_LOG: t=19:00:06.625 | min_dist=0.19m@-47° | obstacles(<0.5m)=390 | F/L/R/B=0.19/1.78/0.19/Infinitym | avg=1.35m var=2.13
limo2 : SCAN_LOG: t=19:00:06.625 | min_dist=2.14m@120° | obstacles(<0.5m)=0 | F/L/R/B=4.6/2.14/6.55/Infinitym | avg=5.59m var=2.97
limo1 : SCAN_LOG: t=19:00:06.750 | min_dist=0.2m@-49° | obstacles(<0.5m)=383 | F/L/R/B=0.21/1.75/0.2/Infinitym | avg=1.41m var=2.14
limo2 : SCAN_LOG: t=19:00:06.750 | min_dist=2.21m@119° | obstacles(<0.5m)=0 | F/L/R/B=4.49/2.21/6.41/Infinitym | avg=5.57m var=2.86
limo1 : SCAN_LOG: t=19:00:06.875 | min_dist=0.2m@-71° | obstacles(<0.5m)=362 | F/L/R/B=0.22/1.75/0.2/Infinitym | avg=1.49m var=2.15
limo2 : SCAN_LOG: t=19:00:06.875 | min_dist=2.3m@120° | obstacles(<0.5m)=0 | F/L/R/B=4.38/2.3/6.28/Infinitym | avg=5.55m var=2.77
limo2 : SCAN_LOG: t=19:00:07.000 | min_dist=2.4m@120° | obstacles(<0.5m)=0 | F/L/R/B=4.29/2.4/6.12/Infinitym | avg=5.53m var=2.71
limo1 : SCAN_LOG: t=19:00:07.000 | min_dist=0.22m@-74° | obstacles(<0.5m)=333 | F/L/R/B=0.25/1.72/0.22/Infinitym | avg=1.64m var=2.39
limo1 : SCAN_LOG: t=19:00:07.125 | min_dist=0.25m@-82° | obstacles(<0.5m)=303 | F/L/R/B=0.31/1.7/0.25/Infinitym | avg=1.85m var=2.94
limo2 : SCAN_LOG: t=19:00:07.125 | min_dist=2.47m@120° | obstacles(<0.5m)=0 | F/L/R/B=4.19/2.47/5.98/Infinitym | avg=5.5m var=2.64
limo1 : SCAN_LOG: t=19:00:07.250 | min_dist=0.27m@-88° | obstacles(<0.5m)=274 | F/L/R/B=0.35/2.91/0.27/Infinitym | avg=2.15m var=4.03
limo2 : SCAN_LOG: t=19:00:07.250 | min_dist=2.58m@120° | obstacles(<0.5m)=0 | F/L/R/B=4.09/2.58/5.84/Infinitym | avg=5.47m var=2.61
limo2 : SCAN_LOG: t=19:00:07.375 | min_dist=2.66m@119° | obstacles(<0.5m)=0 | F/L/R/B=3.99/2.66/5.69/Infinitym | avg=5.45m var=2.58
limo1 : SCAN_LOG: t=19:00:07.375 | min_dist=0.3m@-85° | obstacles(<0.5m)=249 | F/L/R/B=0.41/2.9/0.3/Infinitym | avg=2.37m var=4.72
limo1 : SCAN_LOG: t=19:00:07.500 | min_dist=0.31m@-89° | obstacles(<0.5m)=229 | F/L/R/B=0.48/2.88/0.31/Infinitym | avg=2.57m var=5.27
limo2 : SCAN_LOG: t=19:00:07.500 | min_dist=2.72m@120° | obstacles(<0.5m)=0 | F/L/R/B=3.89/2.72/5.56/Infinitym | avg=5.42m var=2.57
MISSION_LOG: t=2025-04-15T19:07:43.730Z | Mission 10_0_2_15_20250415184905_b0y64d STOPPED for robot at 10.0.2.15
limo1 : SCAN_LOG: t=19:00:07.625 | min_dist=0.32m@-93° | obstacles(<0.5m)=209 | F/L/R/B=0.54/2.88/0.32/Infinitym | avg=2.74m var=5.67
limo1 : SCAN_LOG: t=19:00:07.750 | min_dist=0.32m@-98° | obstacles(<0.5m)=205 | F/L/R/B=1.67/2.87/0.32/Infinitym | avg=2.78m var=5.77
limo1 : SCAN_LOG: t=19:00:07.875 | min_dist=0.32m@-100° | obstacles(<0.5m)=204 | F/L/R/B=1.65/2.87/0.32/Infinitym | avg=2.78m var=5.77
limo1 : SCAN_LOG: t=19:00:08.000 | min_dist=0.32m@-100° | obstacles(<0.5m)=205 | F/L/R/B=1.65/2.86/0.32/Infinitym | avg=2.78m var=5.77
limo1 : SCAN_LOG: t=19:00:08.125 | min_dist=0.3m@-96° | obstacles(<0.5m)=204 | F/L/R/B=1.65/2.87/0.3/Infinitym | avg=2.78m var=5.76
limo1 : SCAN_LOG: t=19:00:08.250 | min_dist=0.32m@-101° | obstacles(<0.5m)=202 | F/L/R/B=1.67/2.87/0.32/Infinitym | avg=2.78m var=5.77
limo1 : SCAN_LOG: t=19:00:08.375 | min_dist=0.31m@-97° | obstacles(<0.5m)=207 | F/L/R/B=1.66/2.88/0.31/Infinitym | avg=2.78m var=5.77
limo1 : SCAN_LOG: t=19:00:08.500 | min_dist=0.31m@-99° | obstacles(<0.5m)=203 | F/L/R/B=1.66/2.86/0.31/Infinitym | avg=2.78m var=5.77
limo1 : SCAN_LOG: t=19:00:08.625 | min_dist=0.32m@-99° | obstacles(<0.5m)=202 | F/L/R/B=1.67/2.87/0.32/Infinitym | avg=2.78m var=5.76
limo1 : SCAN_LOG: t=19:00:08.750 | min_dist=0.32m@-99° | obstacles(<0.5m)=205 | F/L/R/B=1.66/2.88/0.32/Infinitym | avg=2.78m var=5.77
limo1 : SCAN_LOG: t=19:00:08.875 | min_dist=0.32m@-91° | obstacles(<0.5m)=205 | F/L/R/B=1.67/2.86/0.32/Infinitym | avg=2.78m var=5.77
limo1 : SCAN_LOG: t=19:00:09.000 | min_dist=0.31m@-97° | obstacles(<0.5m)=204 | F/L/R/B=1.67/2.87/0.31/Infinitym | avg=2.78m var=5.77
limo1 : SCAN_LOG: t=19:00:09.125 | min_dist=0.32m@-103° | obstacles(<0.5m)=206 | F/L/R/B=1.66/2.87/0.32/Infinitym | avg=2.78m var=5.77
limo1 : SCAN_LOG: t=19:00:09.250 | min_dist=0.32m@-94° | obstacles(<0.5m)=205 | F/L/R/B=1.68/2.88/0.32/Infinitym | avg=2.78m var=5.76
limo1 : SCAN_LOG: t=19:00:09.375 | min_dist=0.32m@-98° | obstacles(<0.5m)=206 | F/L/R/B=1.67/2.87/0.32/Infinitym | avg=2.78m var=5.77
limo1 : SCAN_LOG: t=19:00:09.500 | min_dist=0.32m@-108° | obstacles(<0.5m)=203 | F/L/R/B=1.67/2.87/0.32/Infinitym | avg=2.78m var=5.77
limo1 : SCAN_LOG: t=19:00:09.625 | min_dist=0.31m@-100° | obstacles(<0.5m)=203 | F/L/R/B=1.67/2.88/0.31/Infinitym | avg=2.78m var=5.76
limo1 : SCAN_LOG: t=19:00:09.750 | min_dist=0.32m@-91° | obstacles(<0.5m)=204 | F/L/R/B=1.67/2.87/0.32/Infinitym | avg=2.78m var=5.77
limo1 : SCAN_LOG: t=19:00:09.875 | min_dist=0.32m@-102° | obstacles(<0.5m)=203 | F/L/R/B=1.67/2.88/0.32/Infinitym | avg=2.78m var=5.76
limo1 : SCAN_LOG: t=19:00:10.000 | min_dist=0.32m@-105° | obstacles(<0.5m)=204 | F/L/R/B=1.67/2.86/0.32/Infinitym | avg=2.78m var=5.77
limo1 : SCAN_LOG: t=19:00:10.125 | min_dist=0.33m@-86° | obstacles(<0.5m)=205 | F/L/R/B=1.67/2.88/0.33/Infinitym | avg=2.78m var=5.77
limo1 : SCAN_LOG: t=19:00:10.375 | min_dist=0.32m@-104° | obstacles(<0.5m)=203 | F/L/R/B=1.68/2.88/0.32/Infinitym | avg=2.78m var=5.77
limo1 : SCAN_LOG: t=19:00:10.500 | min_dist=0.32m@-94° | obstacles(<0.5m)=205 | F/L/R/B=1.66/2.87/0.32/Infinitym | avg=2.78m var=5.77
limo1 : SCAN_LOG: t=19:00:10.750 | min_dist=0.32m@-97° | obstacles(<0.5m)=202 | F/L/R/B=1.66/2.87/0.32/Infinitym | avg=2.78m var=5.77
limo1 : SCAN_LOG: t=19:00:10.875 | min_dist=0.32m@-109° | obstacles(<0.5m)=205 | F/L/R/B=1.67/2.87/0.32/Infinitym | avg=2.78m var=5.76
limo1 : SCAN_LOG: t=19:00:11.000 | min_dist=0.32m@-111° | obstacles(<0.5m)=204 | F/L/R/B=1.67/2.88/0.32/Infinitym | avg=2.78m var=5.77
limo1 : SCAN_LOG: t=19:00:11.250 | min_dist=0.32m@-93° | obstacles(<0.5m)=204 | F/L/R/B=1.67/2.87/0.32/Infinitym | avg=2.78m var=5.77
limo1 : SCAN_LOG: t=19:00:11.375 | min_dist=0.32m@-96° | obstacles(<0.5m)=205 | F/L/R/B=1.67/2.87/0.32/Infinitym | avg=2.78m var=5.77
limo1 : SCAN_LOG: t=19:00:11.500 | min_dist=0.32m@-87° | obstacles(<0.5m)=204 | F/L/R/B=1.66/2.87/0.32/Infinitym | avg=2.78m var=5.76
limo1 : SCAN_LOG: t=19:00:11.625 | min_dist=0.32m@-97° | obstacles(<0.5m)=205 | F/L/R/B=1.65/2.88/0.32/Infinitym | avg=2.78m var=5.76
limo1 : SCAN_LOG: t=19:00:11.875 | min_dist=0.31m@-98° | obstacles(<0.5m)=205 | F/L/R/B=1.67/2.87/0.31/Infinitym | avg=2.78m var=5.77
limo1 : SCAN_LOG: t=19:00:12.000 | min_dist=0.32m@-91° | obstacles(<0.5m)=205 | F/L/R/B=1.67/2.88/0.32/Infinitym | avg=2.78m var=5.76
limo1 : SCAN_LOG: t=19:00:12.250 | min_dist=0.33m@-100° | obstacles(<0.5m)=203 | F/L/R/B=1.65/2.87/0.33/Infinitym | avg=2.78m var=5.77
limo1 : SCAN_LOG: t=19:00:12.375 | min_dist=0.32m@-98° | obstacles(<0.5m)=202 | F/L/R/B=1.66/2.87/0.32/Infinitym | avg=2.78m var=5.76
limo1 : SCAN_LOG: t=19:00:12.500 | min_dist=0.32m@-100° | obstacles(<0.5m)=205 | F/L/R/B=1.68/2.88/0.32/Infinitym | avg=2.78m var=5.77
limo1 : SCAN_LOG: t=19:00:12.750 | min_dist=0.32m@-105° | obstacles(<0.5m)=205 | F/L/R/B=1.66/2.87/0.32/Infinitym | avg=2.78m var=5.77
limo1 : SCAN_LOG: t=19:00:12.875 | min_dist=0.32m@-98° | obstacles(<0.5m)=204 | F/L/R/B=1.67/2.87/0.32/Infinitym | avg=2.78m var=5.77
limo1 : SCAN_LOG: t=19:00:13.000 | min_dist=0.32m@-104° | obstacles(<0.5m)=203 | F/L/R/B=1.69/2.86/0.32/Infinitym | avg=2.78m var=5.77
limo1 : SCAN_LOG: t=19:00:13.250 | min_dist=0.32m@-107° | obstacles(<0.5m)=204 | F/L/R/B=1.66/2.85/0.32/Infinitym | avg=2.78m var=5.76
limo1 : SCAN_LOG: t=19:00:13.375 | min_dist=0.32m@-100° | obstacles(<0.5m)=201 | F/L/R/B=1.66/2.88/0.32/Infinitym | avg=2.78m var=5.77
limo1 : SCAN_LOG: t=19:00:13.500 | min_dist=0.32m@-96° | obstacles(<0.5m)=206 | F/L/R/B=1.66/2.87/0.32/Infinitym | avg=2.78m var=5.77
limo1 : SCAN_LOG: t=19:00:13.750 | min_dist=0.32m@-91° | obstacles(<0.5m)=204 | F/L/R/B=1.67/2.87/0.32/Infinitym | avg=2.78m var=5.77
limo1 : SCAN_LOG: t=19:00:14.000 | min_dist=0.33m@-113° | obstacles(<0.5m)=205 | F/L/R/B=1.66/2.88/0.33/Infinitym | avg=2.78m var=5.77
limo1 : SCAN_LOG: t=19:00:14.125 | min_dist=0.32m@-97° | obstacles(<0.5m)=204 | F/L/R/B=1.66/2.87/0.32/Infinitym | avg=2.78m var=5.76
limo1 : SCAN_LOG: t=19:00:14.250 | min_dist=0.32m@-93° | obstacles(<0.5m)=203 | F/L/R/B=1.66/2.87/0.32/Infinitym | avg=2.78m var=5.76
limo1 : SCAN_LOG: t=19:00:14.500 | min_dist=0.32m@-91° | obstacles(<0.5m)=205 | F/L/R/B=1.68/2.88/0.32/Infinitym | avg=2.78m var=5.76
limo1 : SCAN_LOG: t=19:00:14.625 | min_dist=0.32m@-111° | obstacles(<0.5m)=204 | F/L/R/B=1.67/2.88/0.32/Infinitym | avg=2.78m var=5.77
limo1 : SCAN_LOG: t=19:00:14.750 | min_dist=0.32m@-96° | obstacles(<0.5m)=203 | F/L/R/B=1.67/2.87/0.32/Infinitym | avg=2.78m var=5.76
limo1 : SCAN_LOG: t=19:00:14.875 | min_dist=0.31m@-98° | obstacles(<0.5m)=203 | F/L/R/B=1.65/2.87/0.31/Infinitym | avg=2.78m var=5.77
limo1 : SCAN_LOG: t=19:00:15.000 | min_dist=0.32m@-107° | obstacles(<0.5m)=203 | F/L/R/B=1.66/2.87/0.32/Infinitym | avg=2.78m var=5.77
limo1 : SCAN_LOG: t=19:00:15.125 | min_dist=0.32m@-101° | obstacles(<0.5m)=205 | F/L/R/B=1.67/2.87/0.32/Infinitym | avg=2.78m var=5.77
limo1 : SCAN_LOG: t=19:00:15.250 | min_dist=0.32m@-93° | obstacles(<0.5m)=204 | F/L/R/B=1.66/2.87/0.32/Infinitym | avg=2.78m var=5.76
limo1 : SCAN_LOG: t=19:00:15.375 | min_dist=0.31m@-103° | obstacles(<0.5m)=204 | F/L/R/B=1.67/2.88/0.31/Infinitym | avg=2.78m var=5.76
limo1 : SCAN_LOG: t=19:00:15.500 | min_dist=0.32m@-103° | obstacles(<0.5m)=203 | F/L/R/B=1.67/2.86/0.32/Infinitym | avg=2.78m var=5.77
limo1 : SCAN_LOG: t=19:00:15.625 | min_dist=0.32m@-98° | obstacles(<0.5m)=203 | F/L/R/B=1.66/2.87/0.32/Infinitym | avg=2.78m var=5.76
limo1 : SCAN_LOG: t=19:00:15.875 | min_dist=0.31m@-107° | obstacles(<0.5m)=203 | F/L/R/B=1.67/2.87/0.31/Infinitym | avg=2.78m var=5.77
limo1 : SCAN_LOG: t=19:00:16.000 | min_dist=0.32m@-92° | obstacles(<0.5m)=204 | F/L/R/B=1.65/2.88/0.32/Infinitym | avg=2.78m var=5.77
limo1 : SCAN_LOG: t=19:00:16.125 | min_dist=0.32m@-96° | obstacles(<0.5m)=202 | F/L/R/B=1.65/2.86/0.32/Infinitym | avg=2.78m var=5.77
limo1 : SCAN_LOG: t=19:00:16.250 | min_dist=0.32m@-97° | obstacles(<0.5m)=201 | F/L/R/B=1.67/2.88/0.32/Infinitym | avg=2.78m var=5.76
limo1 : SCAN_LOG: t=19:00:16.375 | min_dist=0.32m@-100° | obstacles(<0.5m)=204 | F/L/R/B=1.67/2.87/0.32/Infinitym | avg=2.78m var=5.77
limo1 : SCAN_LOG: t=19:00:16.500 | min_dist=0.31m@-101° | obstacles(<0.5m)=203 | F/L/R/B=1.66/2.87/0.31/Infinitym | avg=2.78m var=5.77
limo1 : SCAN_LOG: t=19:00:16.625 | min_dist=0.32m@-105° | obstacles(<0.5m)=205 | F/L/R/B=1.67/2.87/0.32/Infinitym | avg=2.78m var=5.77
limo1 : SCAN_LOG: t=19:00:16.750 | min_dist=0.32m@-95° | obstacles(<0.5m)=204 | F/L/R/B=1.67/2.87/0.32/Infinitym | avg=2.78m var=5.77
limo1 : SCAN_LOG: t=19:00:16.875 | min_dist=0.31m@-101° | obstacles(<0.5m)=205 | F/L/R/B=1.66/2.87/0.31/Infinitym | avg=2.78m var=5.76
limo1 : SCAN_LOG: t=19:00:17.000 | min_dist=0.32m@-98° | obstacles(<0.5m)=202 | F/L/R/B=1.68/2.88/0.32/Infinitym | avg=2.78m var=5.77
limo1 : SCAN_LOG: t=19:00:17.125 | min_dist=0.32m@-96° | obstacles(<0.5m)=206 | F/L/R/B=1.66/2.87/0.32/Infinitym | avg=2.78m var=5.76
limo1 : SCAN_LOG: t=19:00:17.250 | min_dist=0.33m@-112° | obstacles(<0.5m)=204 | F/L/R/B=1.67/2.86/0.33/Infinitym | avg=2.78m var=5.77
limo1 : SCAN_LOG: t=19:00:17.375 | min_dist=0.32m@-93° | obstacles(<0.5m)=205 | F/L/R/B=1.67/2.87/0.32/Infinitym | avg=2.78m var=5.76
limo1 : SCAN_LOG: t=19:00:17.500 | min_dist=0.32m@-91° | obstacles(<0.5m)=202 | F/L/R/B=1.66/2.88/0.32/Infinitym | avg=2.78m var=5.76
limo1 : SCAN_LOG: t=19:00:17.625 | min_dist=0.32m@-95° | obstacles(<0.5m)=203 | F/L/R/B=1.67/2.87/0.32/Infinitym | avg=2.78m var=5.77
limo1 : SCAN_LOG: t=19:00:17.750 | min_dist=0.33m@-102° | obstacles(<0.5m)=203 | F/L/R/B=1.67/2.87/0.33/Infinitym | avg=2.78m var=5.77
limo1 : SCAN_LOG: t=19:00:17.875 | min_dist=0.32m@-89° | obstacles(<0.5m)=205 | F/L/R/B=1.67/2.87/0.32/Infinitym | avg=2.78m var=5.77
limo1 : SCAN_LOG: t=19:00:18.000 | min_dist=0.32m@-99° | obstacles(<0.5m)=201 | F/L/R/B=1.67/2.87/0.32/Infinitym | avg=2.78m var=5.77
limo1 : SCAN_LOG: t=19:00:18.125 | min_dist=0.32m@-97° | obstacles(<0.5m)=205 | F/L/R/B=1.67/2.87/0.32/Infinitym | avg=2.78m var=5.76
limo1 : SCAN_LOG: t=19:00:18.250 | min_dist=0.32m@-94° | obstacles(<0.5m)=205 | F/L/R/B=1.66/2.86/0.32/Infinitym | avg=2.78m var=5.77
limo1 : SCAN_LOG: t=19:00:18.375 | min_dist=0.32m@-100° | obstacles(<0.5m)=204 | F/L/R/B=1.67/2.88/0.32/Infinitym | avg=2.78m var=5.77
limo1 : SCAN_LOG: t=19:00:18.500 | min_dist=0.32m@-105° | obstacles(<0.5m)=203 | F/L/R/B=1.66/2.87/0.32/Infinitym | avg=2.78m var=5.76
limo1 : SCAN_LOG: t=19:00:18.625 | min_dist=0.32m@-104° | obstacles(<0.5m)=201 | F/L/R/B=1.66/2.88/0.32/Infinitym | avg=2.78m var=5.76
limo1 : SCAN_LOG: t=19:00:18.750 | min_dist=0.33m@-103° | obstacles(<0.5m)=203 | F/L/R/B=1.66/2.87/0.33/Infinitym | avg=2.78m var=5.76
limo1 : SCAN_LOG: t=19:00:18.875 | min_dist=0.32m@-94° | obstacles(<0.5m)=203 | F/L/R/B=1.67/2.87/0.32/Infinitym | avg=2.78m var=5.77
limo1 : SCAN_LOG: t=19:00:19.000 | min_dist=0.32m@-98° | obstacles(<0.5m)=204 | F/L/R/B=1.66/2.87/0.32/Infinitym | avg=2.78m var=5.77
limo1 : SCAN_LOG: t=19:00:19.125 | min_dist=0.32m@-96° | obstacles(<0.5m)=204 | F/L/R/B=1.69/2.87/0.32/Infinitym | avg=2.78m var=5.77
limo1 : SCAN_LOG: t=19:00:19.250 | min_dist=0.33m@-105° | obstacles(<0.5m)=202 | F/L/R/B=1.67/2.87/0.33/Infinitym | avg=2.78m var=5.77
limo1 : SCAN_LOG: t=19:00:19.375 | min_dist=0.31m@-98° | obstacles(<0.5m)=205 | F/L/R/B=1.66/2.87/0.31/Infinitym | avg=2.78m var=5.77
limo1 : SCAN_LOG: t=19:00:19.500 | min_dist=0.32m@-97° | obstacles(<0.5m)=203 | F/L/R/B=1.67/2.87/0.32/Infinitym | avg=2.78m var=5.77
limo1 : SCAN_LOG: t=19:00:19.625 | min_dist=0.32m@-100° | obstacles(<0.5m)=203 | F/L/R/B=1.66/2.87/0.32/Infinitym | avg=2.78m var=5.76
limo1 : SCAN_LOG: t=19:00:19.750 | min_dist=0.32m@-99° | obstacles(<0.5m)=205 | F/L/R/B=1.66/2.87/0.32/Infinitym | avg=2.78m var=5.77
limo1 : SCAN_LOG: t=19:00:19.875 | min_dist=0.32m@-96° | obstacles(<0.5m)=204 | F/L/R/B=1.68/2.88/0.32/Infinitym | avg=2.78m var=5.77
limo1 : SCAN_LOG: t=19:00:20.000 | min_dist=0.32m@-93° | obstacles(<0.5m)=203 | F/L/R/B=1.66/2.86/0.32/Infinitym | avg=2.78m var=5.77
limo1 : SCAN_LOG: t=19:00:20.125 | min_dist=0.32m@-116° | obstacles(<0.5m)=207 | F/L/R/B=1.67/2.88/0.32/Infinitym | avg=2.78m var=5.76
limo1 : SCAN_LOG: t=19:00:20.250 | min_dist=0.32m@-107° | obstacles(<0.5m)=204 | F/L/R/B=1.66/2.87/0.32/Infinitym | avg=2.78m var=5.77
limo1 : SCAN_LOG: t=19:00:20.375 | min_dist=0.31m@-107° | obstacles(<0.5m)=202 | F/L/R/B=1.67/2.88/0.31/Infinitym | avg=2.78m var=5.76
limo1 : SCAN_LOG: t=19:00:20.500 | min_dist=0.32m@-96° | obstacles(<0.5m)=205 | F/L/R/B=1.67/2.86/0.32/Infinitym | avg=2.78m var=5.76
limo1 : SCAN_LOG: t=19:00:20.625 | min_dist=0.32m@-108° | obstacles(<0.5m)=203 | F/L/R/B=1.67/2.87/0.32/Infinitym | avg=2.78m var=5.76
limo1 : SCAN_LOG: t=19:00:20.750 | min_dist=0.32m@-101° | obstacles(<0.5m)=199 | F/L/R/B=1.67/2.87/0.32/Infinitym | avg=2.78m var=5.77
limo1 : SCAN_LOG: t=19:00:20.875 | min_dist=0.32m@-86° | obstacles(<0.5m)=205 | F/L/R/B=1.67/2.88/0.32/Infinitym | avg=2.78m var=5.76
limo1 : SCAN_LOG: t=19:00:21.000 | min_dist=0.32m@-99° | obstacles(<0.5m)=204 | F/L/R/B=1.67/2.87/0.32/Infinitym | avg=2.78m var=5.77
limo1 : SCAN_LOG: t=19:00:21.125 | min_dist=0.32m@-107° | obstacles(<0.5m)=204 | F/L/R/B=1.67/2.87/0.32/Infinitym | avg=2.78m var=5.77
limo1 : SCAN_LOG: t=19:00:21.250 | min_dist=0.32m@-99° | obstacles(<0.5m)=202 | F/L/R/B=1.68/2.87/0.32/Infinitym | avg=2.78m var=5.77
limo1 : SCAN_LOG: t=19:00:21.375 | min_dist=0.32m@-102° | obstacles(<0.5m)=204 | F/L/R/B=1.67/2.87/0.32/Infinitym | avg=2.78m var=5.77
limo1 : SCAN_LOG: t=19:00:21.500 | min_dist=0.32m@-93° | obstacles(<0.5m)=203 | F/L/R/B=1.64/2.87/0.32/Infinitym | avg=2.78m var=5.77
limo1 : SCAN_LOG: t=19:00:21.625 | min_dist=0.32m@-90° | obstacles(<0.5m)=205 | F/L/R/B=1.66/2.87/0.32/Infinitym | avg=2.78m var=5.77
limo1 : SCAN_LOG: t=19:00:21.750 | min_dist=0.32m@-105° | obstacles(<0.5m)=202 | F/L/R/B=1.67/2.87/0.32/Infinitym | avg=2.78m var=5.76
limo1 : SCAN_LOG: t=19:00:21.875 | min_dist=0.32m@-103° | obstacles(<0.5m)=206 | F/L/R/B=1.67/2.87/0.32/Infinitym | avg=2.78m var=5.77
limo1 : SCAN_LOG: t=19:00:22.000 | min_dist=0.32m@-97° | obstacles(<0.5m)=205 | F/L/R/B=1.66/2.87/0.32/Infinitym | avg=2.78m var=5.77
limo1 : SCAN_LOG: t=19:00:22.125 | min_dist=0.32m@-101° | obstacles(<0.5m)=203 | F/L/R/B=1.67/2.88/0.32/Infinitym | avg=2.78m var=5.77
limo1 : SCAN_LOG: t=19:00:22.250 | min_dist=0.32m@-95° | obstacles(<0.5m)=203 | F/L/R/B=1.66/2.87/0.32/Infinitym | avg=2.78m var=5.76
limo1 : SCAN_LOG: t=19:00:22.375 | min_dist=0.32m@-99° | obstacles(<0.5m)=205 | F/L/R/B=1.65/2.86/0.32/Infinitym | avg=2.78m var=5.77
limo1 : SCAN_LOG: t=19:00:22.500 | min_dist=0.32m@-102° | obstacles(<0.5m)=203 | F/L/R/B=1.66/2.87/0.32/Infinitym | avg=2.78m var=5.77
limo1 : SCAN_LOG: t=19:00:22.625 | min_dist=0.31m@-99° | obstacles(<0.5m)=203 | F/L/R/B=1.66/2.87/0.31/Infinitym | avg=2.78m var=5.76
limo1 : SCAN_LOG: t=19:00:22.750 | min_dist=0.32m@-99° | obstacles(<0.5m)=205 | F/L/R/B=1.67/2.86/0.32/Infinitym | avg=2.78m var=5.76
limo1 : SCAN_LOG: t=19:00:22.875 | min_dist=0.32m@-87° | obstacles(<0.5m)=203 | F/L/R/B=1.66/2.87/0.32/Infinitym | avg=2.78m var=5.77
limo1 : SCAN_LOG: t=19:00:23.000 | min_dist=0.3m@-101° | obstacles(<0.5m)=206 | F/L/R/B=1.67/2.87/0.3/Infinitym | avg=2.78m var=5.77
limo1 : SCAN_LOG: t=19:00:23.125 | min_dist=0.33m@-99° | obstacles(<0.5m)=204 | F/L/R/B=1.67/2.87/0.33/Infinitym | avg=2.78m var=5.77
limo1 : SCAN_LOG: t=19:00:23.250 | min_dist=0.32m@-107° | obstacles(<0.5m)=206 | F/L/R/B=1.67/2.87/0.32/Infinitym | avg=2.78m var=5.77
limo1 : SCAN_LOG: t=19:00:23.375 | min_dist=0.32m@-101° | obstacles(<0.5m)=202 | F/L/R/B=1.65/2.87/0.32/Infinitym | avg=2.78m var=5.77
limo1 : SCAN_LOG: t=19:00:23.500 | min_dist=0.32m@-104° | obstacles(<0.5m)=205 | F/L/R/B=1.67/2.87/0.32/Infinitym | avg=2.78m var=5.77
limo1 : SCAN_LOG: t=19:00:23.625 | min_dist=0.32m@-101° | obstacles(<0.5m)=202 | F/L/R/B=1.66/2.87/0.32/Infinitym | avg=2.78m var=5.77
limo1 : SCAN_LOG: t=19:00:23.750 | min_dist=0.32m@-93° | obstacles(<0.5m)=204 | F/L/R/B=1.67/2.87/0.32/Infinitym | avg=2.78m var=5.77
limo1 : SCAN_LOG: t=19:00:24.000 | min_dist=0.32m@-100° | obstacles(<0.5m)=203 | F/L/R/B=1.67/2.87/0.32/Infinitym | avg=2.78m var=5.77
limo1 : SCAN_LOG: t=19:00:24.125 | min_dist=0.31m@-105° | obstacles(<0.5m)=205 | F/L/R/B=1.67/2.87/0.31/Infinitym | avg=2.78m var=5.77
limo1 : SCAN_LOG: t=19:00:24.250 | min_dist=0.32m@-97° | obstacles(<0.5m)=204 | F/L/R/B=1.66/2.87/0.32/Infinitym | avg=2.78m var=5.77
limo1 : SCAN_LOG: t=19:00:24.375 | min_dist=0.32m@-93° | obstacles(<0.5m)=204 | F/L/R/B=1.67/2.87/0.32/Infinitym | avg=2.78m var=5.76
limo1 : SCAN_LOG: t=19:00:24.500 | min_dist=0.32m@-97° | obstacles(<0.5m)=203 | F/L/R/B=1.67/2.87/0.32/Infinitym | avg=2.78m var=5.77
limo1 : SCAN_LOG: t=19:00:24.750 | min_dist=0.31m@-101° | obstacles(<0.5m)=206 | F/L/R/B=1.67/2.87/0.31/Infinitym | avg=2.78m var=5.77
limo1 : SCAN_LOG: t=19:00:25.000 | min_dist=0.32m@-93° | obstacles(<0.5m)=208 | F/L/R/B=1.66/2.87/0.32/Infinitym | avg=2.78m var=5.77
limo1 : SCAN_LOG: t=19:00:25.250 | min_dist=0.31m@-96° | obstacles(<0.5m)=204 | F/L/R/B=1.66/2.87/0.31/Infinitym | avg=2.78m var=5.77
limo1 : SCAN_LOG: t=19:00:25.500 | min_dist=0.32m@-99° | obstacles(<0.5m)=202 | F/L/R/B=1.67/2.87/0.32/Infinitym | avg=2.78m var=5.77
limo1 : SCAN_LOG: t=19:00:25.750 | min_dist=0.32m@-101° | obstacles(<0.5m)=205 | F/L/R/B=1.67/2.86/0.32/Infinitym | avg=2.78m var=5.77
limo1 : SCAN_LOG: t=19:00:26.000 | min_dist=0.32m@-107° | obstacles(<0.5m)=204 | F/L/R/B=1.66/2.88/0.32/Infinitym | avg=2.78m var=5.77
limo1 : SCAN_LOG: t=19:00:26.250 | min_dist=0.32m@-85° | obstacles(<0.5m)=203 | F/L/R/B=1.66/2.88/0.32/Infinitym | avg=2.78m var=5.76
limo1 : SCAN_LOG: t=19:00:26.500 | min_dist=0.31m@-107° | obstacles(<0.5m)=204 | F/L/R/B=1.66/2.88/0.31/Infinitym | avg=2.78m var=5.77
limo1 : SCAN_LOG: t=19:00:26.750 | min_dist=0.31m@-96° | obstacles(<0.5m)=206 | F/L/R/B=1.67/2.87/0.31/Infinitym | avg=2.78m var=5.77
limo1 : SCAN_LOG: t=19:00:26.875 | min_dist=0.31m@-85° | obstacles(<0.5m)=205 | F/L/R/B=1.67/2.87/0.31/Infinitym | avg=2.78m var=5.77
limo1 : SCAN_LOG: t=19:00:27.000 | min_dist=0.31m@-99° | obstacles(<0.5m)=207 | F/L/R/B=1.67/2.87/0.31/Infinitym | avg=2.78m var=5.77
limo1 : SCAN_LOG: t=19:00:27.250 | min_dist=0.31m@-106° | obstacles(<0.5m)=202 | F/L/R/B=1.67/2.88/0.31/Infinitym | avg=2.78m var=5.77
limo1 : SCAN_LOG: t=19:00:27.500 | min_dist=0.32m@-92° | obstacles(<0.5m)=203 | F/L/R/B=1.66/2.88/0.32/Infinitym | avg=2.78m var=5.76
limo1 : SCAN_LOG: t=19:00:27.625 | min_dist=0.32m@-92° | obstacles(<0.5m)=203 | F/L/R/B=1.66/2.87/0.32/Infinitym | avg=2.78m var=5.77
limo1 : SCAN_LOG: t=19:00:27.750 | min_dist=0.32m@-99° | obstacles(<0.5m)=203 | F/L/R/B=1.66/2.87/0.32/Infinitym | avg=2.78m var=5.77
limo1 : SCAN_LOG: t=19:00:27.875 | min_dist=0.32m@-91° | obstacles(<0.5m)=203 | F/L/R/B=1.67/2.88/0.32/Infinitym | avg=2.78m var=5.76
limo1 : SCAN_LOG: t=19:00:28.000 | min_dist=0.33m@-97° | obstacles(<0.5m)=203 | F/L/R/B=1.67/2.87/0.33/Infinitym | avg=2.78m var=5.76
limo1 : SCAN_LOG: t=19:00:28.250 | min_dist=0.32m@-96° | obstacles(<0.5m)=204 | F/L/R/B=1.68/2.87/0.32/Infinitym | avg=2.78m var=5.77
limo1 : SCAN_LOG: t=19:00:28.500 | min_dist=0.31m@-94° | obstacles(<0.5m)=204 | F/L/R/B=1.67/2.87/0.31/Infinitym | avg=2.78m var=5.77
limo1 : SCAN_LOG: t=19:00:28.750 | min_dist=0.32m@-87° | obstacles(<0.5m)=205 | F/L/R/B=1.67/2.87/0.32/Infinitym | avg=2.78m var=5.77
limo1 : SCAN_LOG: t=19:00:29.000 | min_dist=0.32m@-98° | obstacles(<0.5m)=203 | F/L/R/B=1.66/2.88/0.32/Infinitym | avg=2.78m var=5.77
limo1 : SCAN_LOG: t=19:00:29.250 | min_dist=0.32m@-98° | obstacles(<0.5m)=203 | F/L/R/B=1.67/2.88/0.32/Infinitym | avg=2.78m var=5.77
limo1 : SCAN_LOG: t=19:00:29.500 | min_dist=0.32m@-92° | obstacles(<0.5m)=204 | F/L/R/B=1.66/2.87/0.32/Infinitym | avg=2.78m var=5.77
limo1 : SCAN_LOG: t=19:00:29.750 | min_dist=0.31m@-98° | obstacles(<0.5m)=205 | F/L/R/B=1.67/2.87/0.31/Infinitym | avg=2.78m var=5.77
limo1 : SCAN_LOG: t=19:00:30.000 | min_dist=0.32m@-102° | obstacles(<0.5m)=204 | F/L/R/B=1.66/2.87/0.32/Infinitym | avg=2.78m var=5.77
limo1 : SCAN_LOG: t=19:00:30.250 | min_dist=0.32m@-99° | obstacles(<0.5m)=204 | F/L/R/B=1.67/2.87/0.32/Infinitym | avg=2.78m var=5.77
limo1 : SCAN_LOG: t=19:00:30.500 | min_dist=0.32m@-96° | obstacles(<0.5m)=204 | F/L/R/B=1.67/2.87/0.32/Infinitym | avg=2.78m var=5.76
limo1 : SCAN_LOG: t=19:00:30.750 | min_dist=0.32m@-101° | obstacles(<0.5m)=204 | F/L/R/B=1.67/2.88/0.32/Infinitym | avg=2.78m var=5.77
limo1 : SCAN_LOG: t=19:00:30.875 | min_dist=0.32m@-102° | obstacles(<0.5m)=204 | F/L/R/B=1.66/2.87/0.32/Infinitym | avg=2.78m var=5.77
limo1 : SCAN_LOG: t=19:00:31.000 | min_dist=0.31m@-102° | obstacles(<0.5m)=203 | F/L/R/B=1.67/2.86/0.31/Infinitym | avg=2.78m var=5.77
limo1 : SCAN_LOG: t=19:00:31.250 | min_dist=0.32m@-101° | obstacles(<0.5m)=204 | F/L/R/B=1.67/2.86/0.32/Infinitym | avg=2.78m var=5.76
limo1 : SCAN_LOG: t=19:00:31.375 | min_dist=0.32m@-93° | obstacles(<0.5m)=202 | F/L/R/B=1.65/2.87/0.32/Infinitym | avg=2.78m var=5.77
limo1 : SCAN_LOG: t=19:00:31.500 | min_dist=0.32m@-92° | obstacles(<0.5m)=206 | F/L/R/B=1.67/2.87/0.32/Infinitym | avg=2.78m var=5.77
limo1 : SCAN_LOG: t=19:00:31.750 | min_dist=0.32m@-115° | obstacles(<0.5m)=204 | F/L/R/B=1.65/2.87/0.32/Infinitym | avg=2.78m var=5.76
limo1 : SCAN_LOG: t=19:00:31.875 | min_dist=0.32m@-109° | obstacles(<0.5m)=204 | F/L/R/B=1.68/2.88/0.32/Infinitym | avg=2.78m var=5.77
limo1 : SCAN_LOG: t=19:00:32.000 | min_dist=0.32m@-92° | obstacles(<0.5m)=204 | F/L/R/B=1.66/2.87/0.32/Infinitym | avg=2.78m var=5.76
limo1 : SCAN_LOG: t=19:00:32.250 | min_dist=0.33m@-90° | obstacles(<0.5m)=205 | F/L/R/B=1.65/2.86/0.33/Infinitym | avg=2.78m var=5.77
limo1 : SCAN_LOG: t=19:00:32.500 | min_dist=0.32m@-101° | obstacles(<0.5m)=204 | F/L/R/B=1.68/2.87/0.32/Infinitym | avg=2.78m var=5.76
limo1 : SCAN_LOG: t=19:00:32.625 | min_dist=0.32m@-97° | obstacles(<0.5m)=205 | F/L/R/B=1.66/2.86/0.32/Infinitym | avg=2.78m var=5.77
limo1 : SCAN_LOG: t=19:00:32.750 | min_dist=0.32m@-89° | obstacles(<0.5m)=205 | F/L/R/B=1.67/2.87/0.32/Infinitym | avg=2.78m var=5.77
limo1 : SCAN_LOG: t=19:00:32.875 | min_dist=0.32m@-100° | obstacles(<0.5m)=203 | F/L/R/B=1.66/2.87/0.32/Infinitym | avg=2.78m var=5.76
limo1 : SCAN_LOG: t=19:00:33.000 | min_dist=0.31m@-105° | obstacles(<0.5m)=203 | F/L/R/B=1.65/2.88/0.31/Infinitym | avg=2.78m var=5.77
limo1 : SCAN_LOG: t=19:00:33.250 | min_dist=0.33m@-97° | obstacles(<0.5m)=206 | F/L/R/B=1.67/2.87/0.33/Infinitym | avg=2.78m var=5.77
limo1 : SCAN_LOG: t=19:00:33.500 | min_dist=0.32m@-99° | obstacles(<0.5m)=205 | F/L/R/B=1.66/2.86/0.32/Infinitym | avg=2.78m var=5.77
limo1 : SCAN_LOG: t=19:00:33.625 | min_dist=0.32m@-99° | obstacles(<0.5m)=204 | F/L/R/B=1.67/2.86/0.32/Infinitym | avg=2.78m var=5.76
limo1 : SCAN_LOG: t=19:00:33.750 | min_dist=0.32m@-103° | obstacles(<0.5m)=204 | F/L/R/B=1.68/2.88/0.32/Infinitym | avg=2.78m var=5.77
limo1 : SCAN_LOG: t=19:00:33.875 | min_dist=0.32m@-86° | obstacles(<0.5m)=204 | F/L/R/B=1.68/2.88/0.32/Infinitym | avg=2.78m var=5.77
limo1 : SCAN_LOG: t=19:00:34.000 | min_dist=0.31m@-103° | obstacles(<0.5m)=205 | F/L/R/B=1.65/2.87/0.31/Infinitym | avg=2.78m var=5.77
limo1 : SCAN_LOG: t=19:00:34.125 | min_dist=0.32m@-101° | obstacles(<0.5m)=204 | F/L/R/B=1.67/2.88/0.32/Infinitym | avg=2.78m var=5.77
limo1 : SCAN_LOG: t=19:00:34.250 | min_dist=0.33m@-111° | obstacles(<0.5m)=205 | F/L/R/B=1.65/2.87/0.33/Infinitym | avg=2.78m var=5.76
limo1 : SCAN_LOG: t=19:00:34.500 | min_dist=0.32m@-84° | obstacles(<0.5m)=203 | F/L/R/B=1.66/2.86/0.32/Infinitym | avg=2.78m var=5.77
limo1 : SCAN_LOG: t=19:00:34.750 | min_dist=0.32m@-90° | obstacles(<0.5m)=207 | F/L/R/B=1.67/2.87/0.32/Infinitym | avg=2.78m var=5.77
limo1 : SCAN_LOG: t=19:00:34.875 | min_dist=0.31m@-100° | obstacles(<0.5m)=202 | F/L/R/B=1.66/2.87/0.31/Infinitym | avg=2.78m var=5.77
limo1 : SCAN_LOG: t=19:00:35.000 | min_dist=0.32m@-97° | obstacles(<0.5m)=204 | F/L/R/B=1.66/2.87/0.32/Infinitym | avg=2.78m var=5.77
limo1 : SCAN_LOG: t=19:00:35.250 | min_dist=0.32m@-101° | obstacles(<0.5m)=203 | F/L/R/B=1.66/2.86/0.32/Infinitym | avg=2.78m var=5.76
limo1 : SCAN_LOG: t=19:00:35.500 | min_dist=0.32m@-106° | obstacles(<0.5m)=203 | F/L/R/B=1.66/2.87/0.32/Infinitym | avg=2.78m var=5.77
limo1 : SCAN_LOG: t=19:00:35.750 | min_dist=0.32m@-93° | obstacles(<0.5m)=205 | F/L/R/B=1.66/2.87/0.32/Infinitym | avg=2.78m var=5.77
limo1 : SCAN_LOG: t=19:00:35.875 | min_dist=0.32m@-92° | obstacles(<0.5m)=203 | F/L/R/B=1.66/2.87/0.32/Infinitym | avg=2.78m var=5.77
limo1 : SCAN_LOG: t=19:00:36.000 | min_dist=0.32m@-93° | obstacles(<0.5m)=205 | F/L/R/B=1.66/2.87/0.32/Infinitym | avg=2.78m var=5.76
limo1 : SCAN_LOG: t=19:00:36.250 | min_dist=0.32m@-110° | obstacles(<0.5m)=204 | F/L/R/B=1.66/2.88/0.32/Infinitym | avg=2.78m var=5.77
limo1 : SCAN_LOG: t=19:00:36.500 | min_dist=0.31m@-104° | obstacles(<0.5m)=203 | F/L/R/B=1.67/2.88/0.31/Infinitym | avg=2.78m var=5.77
limo1 : SCAN_LOG: t=19:00:36.750 | min_dist=0.33m@-106° | obstacles(<0.5m)=203 | F/L/R/B=1.66/2.87/0.33/Infinitym | avg=2.78m var=5.76
limo1 : SCAN_LOG: t=19:00:37.000 | min_dist=0.31m@-100° | obstacles(<0.5m)=206 | F/L/R/B=1.67/2.88/0.31/Infinitym | avg=2.78m var=5.77
limo1 : SCAN_LOG: t=19:00:37.250 | min_dist=0.32m@-93° | obstacles(<0.5m)=202 | F/L/R/B=1.66/2.87/0.32/Infinitym | avg=2.78m var=5.77
limo1 : SCAN_LOG: t=19:00:37.500 | min_dist=0.32m@-105° | obstacles(<0.5m)=204 | F/L/R/B=1.67/2.87/0.32/Infinitym | avg=2.78m var=5.77
limo1 : SCAN_LOG: t=19:00:37.750 | min_dist=0.32m@-86° | obstacles(<0.5m)=204 | F/L/R/B=1.66/2.87/0.32/Infinitym | avg=2.78m var=5.77
limo1 : SCAN_LOG: t=19:00:38.000 | min_dist=0.32m@-104° | obstacles(<0.5m)=206 | F/L/R/B=1.67/2.87/0.32/Infinitym | avg=2.78m var=5.77
limo1 : SCAN_LOG: t=19:00:38.250 | min_dist=0.32m@-90° | obstacles(<0.5m)=204 | F/L/R/B=1.66/2.87/0.32/Infinitym | avg=2.78m var=5.77
limo1 : SCAN_LOG: t=19:00:38.500 | min_dist=0.32m@-91° | obstacles(<0.5m)=202 | F/L/R/B=1.65/2.87/0.32/Infinitym | avg=2.78m var=5.77
limo1 : SCAN_LOG: t=19:00:38.750 | min_dist=0.32m@-99° | obstacles(<0.5m)=204 | F/L/R/B=1.66/2.87/0.32/Infinitym | avg=2.78m var=5.77
limo1 : SCAN_LOG: t=19:00:38.875 | min_dist=0.31m@-92° | obstacles(<0.5m)=200 | F/L/R/B=1.66/2.87/0.31/Infinitym | avg=2.78m var=5.77
limo1 : SCAN_LOG: t=19:00:39.000 | min_dist=0.32m@-90° | obstacles(<0.5m)=203 | F/L/R/B=1.68/2.86/0.32/Infinitym | avg=2.78m var=5.76
limo1 : SCAN_LOG: t=19:00:39.250 | min_dist=0.33m@-96° | obstacles(<0.5m)=205 | F/L/R/B=1.66/2.87/0.33/Infinitym | avg=2.78m var=5.77
limo1 : SCAN_LOG: t=19:00:39.375 | min_dist=0.32m@-109° | obstacles(<0.5m)=203 | F/L/R/B=1.66/2.87/0.32/Infinitym | avg=2.78m var=5.76
limo1 : SCAN_LOG: t=19:00:39.500 | min_dist=0.32m@-100° | obstacles(<0.5m)=205 | F/L/R/B=1.66/2.87/0.32/Infinitym | avg=2.78m var=5.76
limo1 : SCAN_LOG: t=19:00:39.750 | min_dist=0.32m@-91° | obstacles(<0.5m)=203 | F/L/R/B=1.66/2.87/0.32/Infinitym | avg=2.78m var=5.77
limo1 : SCAN_LOG: t=19:00:40.000 | min_dist=0.33m@-114° | obstacles(<0.5m)=204 | F/L/R/B=1.67/2.87/0.33/Infinitym | avg=2.78m var=5.77
limo1 : SCAN_LOG: t=19:00:40.250 | min_dist=0.33m@-92° | obstacles(<0.5m)=205 | F/L/R/B=1.66/2.88/0.33/Infinitym | avg=2.78m var=5.76
limo1 : SCAN_LOG: t=19:00:40.500 | min_dist=0.32m@-101° | obstacles(<0.5m)=205 | F/L/R/B=1.67/2.87/0.32/Infinitym | avg=2.78m var=5.76
limo1 : SCAN_LOG: t=19:00:40.750 | min_dist=0.32m@-108° | obstacles(<0.5m)=203 | F/L/R/B=1.66/2.87/0.32/Infinitym | avg=2.78m var=5.76
limo1 : SCAN_LOG: t=19:00:40.875 | min_dist=0.32m@-87° | obstacles(<0.5m)=204 | F/L/R/B=1.67/2.88/0.32/Infinitym | avg=2.78m var=5.77
limo1 : SCAN_LOG: t=19:00:41.000 | min_dist=0.32m@-106° | obstacles(<0.5m)=203 | F/L/R/B=1.66/2.87/0.32/Infinitym | avg=2.78m var=5.77
limo1 : SCAN_LOG: t=19:00:41.250 | min_dist=0.31m@-104° | obstacles(<0.5m)=202 | F/L/R/B=1.67/2.88/0.31/Infinitym | avg=2.78m var=5.77
