MISSION_LOG: t=2025-04-15T15:54:05.432Z | Mission 10_0_2_15_20250415155405_864c7t STARTED for robot at 10.0.2.15
limo1 : SCAN_LOG: t=19:00:14.000 | min_dist=1.15m@-2° | obstacles(<0.5m)=0 | F/L/R/B=1.15/1.29/1.52/Infinitym | avg=3.54m var=6.9
limo2 : SCAN_LOG: t=19:00:14.000 | min_dist=0.22m@-7° | obstacles(<0.5m)=359 | F/L/R/B=0.22/0.38/0.33/Infinitym | avg=2.22m var=7.42
limo1 : SCAN_LOG: t=19:00:14.125 | min_dist=1.11m@-6° | obstacles(<0.5m)=0 | F/L/R/B=1.11/1.27/1.48/Infinitym | avg=3.5m var=6.97
limo2 : SCAN_LOG: t=19:00:14.125 | min_dist=0.19m@-12° | obstacles(<0.5m)=386 | F/L/R/B=0.19/0.34/0.27/Infinitym | avg=2.16m var=7.47
limo1 : SCAN_LOG: t=19:00:14.250 | min_dist=1.01m@4° | obstacles(<0.5m)=0 | F/L/R/B=1.01/1.22/1.34/Infinitym | avg=3.41m var=7.12
limo2 : SCAN_LOG: t=19:00:14.250 | min_dist=0.18m@-9° | obstacles(<0.5m)=400 | F/L/R/B=0.18/0.29/0.25/Infinitym | avg=2.12m var=7.53
limo1 : SCAN_LOG: t=19:00:14.375 | min_dist=0.91m@-4° | obstacles(<0.5m)=0 | F/L/R/B=0.91/1.17/1.21/Infinitym | avg=3.27m var=7.19
limo2 : SCAN_LOG: t=19:00:14.375 | min_dist=0.16m@-13° | obstacles(<0.5m)=412 | F/L/R/B=0.16/0.29/0.22/Infinitym | avg=2.13m var=7.87
limo1 : SCAN_LOG: t=19:00:14.500 | min_dist=0.81m@-5° | obstacles(<0.5m)=0 | F/L/R/B=0.81/1.12/1.08/Infinitym | avg=3.13m var=7.26
limo2 : SCAN_LOG: t=19:00:14.500 | min_dist=0.16m@-25° | obstacles(<0.5m)=418 | F/L/R/B=0.16/0.33/0.19/Infinitym | avg=2.14m var=8.28
limo1 : SCAN_LOG: t=19:00:14.625 | min_dist=0.71m@-7° | obstacles(<0.5m)=0 | F/L/R/B=0.71/1.09/0.96/Infinitym | avg=2.98m var=7.32
limo2 : SCAN_LOG: t=19:00:14.625 | min_dist=0.15m@-36° | obstacles(<0.5m)=418 | F/L/R/B=0.15/0.43/0.17/Infinitym | avg=2.08m var=8.34
limo1 : SCAN_LOG: t=19:00:14.750 | min_dist=0.61m@-7° | obstacles(<0.5m)=0 | F/L/R/B=0.61/0.96/0.82/Infinitym | avg=2.81m var=7.37
limo2 : SCAN_LOG: t=19:00:14.750 | min_dist=0.17m@-37° | obstacles(<0.5m)=407 | F/L/R/B=0.17/0.77/0.18/Infinitym | avg=1.88m var=7.33
limo1 : SCAN_LOG: t=19:00:14.875 | min_dist=0.51m@-8° | obstacles(<0.5m)=0 | F/L/R/B=0.51/0.82/0.69/Infinitym | avg=2.63m var=7.39
limo2 : SCAN_LOG: t=19:00:14.875 | min_dist=0.19m@-41° | obstacles(<0.5m)=389 | F/L/R/B=0.19/6.27/0.19/Infinitym | avg=1.86m var=7.19
limo1 : SCAN_LOG: t=19:00:15.000 | min_dist=0.41m@4° | obstacles(<0.5m)=185 | F/L/R/B=0.41/0.65/0.56/Infinitym | avg=2.45m var=7.44
limo2 : SCAN_LOG: t=19:00:15.000 | min_dist=0.22m@-38° | obstacles(<0.5m)=367 | F/L/R/B=0.22/6.25/0.22/Infinitym | avg=2.06m var=7.92
limo1 : SCAN_LOG: t=19:00:15.125 | min_dist=0.31m@-9° | obstacles(<0.5m)=291 | F/L/R/B=0.31/0.5/0.44/Infinitym | avg=2.26m var=7.47
limo2 : SCAN_LOG: t=19:00:15.125 | min_dist=0.24m@-53° | obstacles(<0.5m)=346 | F/L/R/B=0.25/6.33/0.24/Infinitym | avg=2.4m var=8.98
limo1 : SCAN_LOG: t=19:00:15.250 | min_dist=0.28m@-3° | obstacles(<0.5m)=318 | F/L/R/B=0.28/0.46/0.38/Infinitym | avg=2.18m var=7.47
limo2 : SCAN_LOG: t=19:00:15.250 | min_dist=0.27m@-68° | obstacles(<0.5m)=325 | F/L/R/B=0.3/6.51/0.27/Infinitym | avg=2.71m var=9.77
limo1 : SCAN_LOG: t=19:00:15.375 | min_dist=0.26m@5° | obstacles(<0.5m)=336 | F/L/R/B=0.26/0.44/0.36/Infinitym | avg=2.16m var=7.59
limo2 : SCAN_LOG: t=19:00:15.375 | min_dist=0.28m@-74° | obstacles(<0.5m)=296 | F/L/R/B=0.34/3.37/0.28/Infinitym | avg=2.94m var=9.99
limo1 : SCAN_LOG: t=19:00:15.500 | min_dist=0.24m@-2° | obstacles(<0.5m)=346 | F/L/R/B=0.24/0.45/0.32/Infinitym | avg=2.12m var=7.69
limo2 : SCAN_LOG: t=19:00:15.500 | min_dist=0.31m@-85° | obstacles(<0.5m)=266 | F/L/R/B=0.4/3.22/0.31/Infinitym | avg=3.08m var=9.73
limo1 : SCAN_LOG: t=19:00:15.625 | min_dist=0.23m@-4° | obstacles(<0.5m)=356 | F/L/R/B=0.23/0.47/0.3/Infinitym | avg=2.08m var=7.78
limo2 : SCAN_LOG: t=19:00:15.625 | min_dist=0.34m@-78° | obstacles(<0.5m)=234 | F/L/R/B=0.45/3.16/0.34/Infinitym | avg=3.21m var=9.48
limo1 : SCAN_LOG: t=19:00:15.750 | min_dist=0.24m@-10° | obstacles(<0.5m)=349 | F/L/R/B=0.24/0.52/0.3/Infinitym | avg=2.06m var=7.76
limo2 : SCAN_LOG: t=19:00:15.750 | min_dist=0.36m@-88° | obstacles(<0.5m)=205 | F/L/R/B=0.55/3.1/0.36/Infinitym | avg=3.33m var=9.14
limo1 : SCAN_LOG: t=19:00:15.875 | min_dist=0.26m@-13° | obstacles(<0.5m)=333 | F/L/R/B=0.26/0.61/0.3/Infinitym | avg=2.12m var=7.95
limo2 : SCAN_LOG: t=19:00:15.875 | min_dist=0.38m@-103° | obstacles(<0.5m)=179 | F/L/R/B=0.67/3.09/0.38/Infinitym | avg=3.44m var=8.88
limo1 : SCAN_LOG: t=19:00:16.000 | min_dist=0.28m@-18° | obstacles(<0.5m)=315 | F/L/R/B=0.28/0.73/0.32/Infinitym | avg=2.13m var=7.95
limo2 : SCAN_LOG: t=19:00:16.000 | min_dist=0.39m@-114° | obstacles(<0.5m)=142 | F/L/R/B=0.83/3.06/0.39/Infinitym | avg=3.55m var=8.51
limo1 : SCAN_LOG: t=19:00:16.125 | min_dist=0.3m@-31° | obstacles(<0.5m)=300 | F/L/R/B=0.3/0.84/0.33/Infinitym | avg=2.12m var=7.8
limo2 : SCAN_LOG: t=19:00:16.125 | min_dist=0.42m@-108° | obstacles(<0.5m)=103 | F/L/R/B=1.12/3.05/0.42/Infinitym | avg=3.66m var=8.12
limo1 : SCAN_LOG: t=19:00:16.250 | min_dist=0.32m@-30° | obstacles(<0.5m)=282 | F/L/R/B=0.32/0.84/0.34/Infinitym | avg=2.08m var=7.57
limo2 : SCAN_LOG: t=19:00:16.250 | min_dist=0.44m@-118° | obstacles(<0.5m)=68 | F/L/R/B=1.62/3.02/0.44/Infinitym | avg=3.78m var=7.75
limo1 : SCAN_LOG: t=19:00:16.375 | min_dist=0.34m@-29° | obstacles(<0.5m)=265 | F/L/R/B=0.34/0.85/0.36/Infinitym | avg=2.08m var=7.54
limo2 : SCAN_LOG: t=19:00:16.375 | min_dist=0.5m@-114° | obstacles(<0.5m)=1 | F/L/R/B=6.18/2.97/0.5/Infinitym | avg=3.95m var=7.24
limo1 : SCAN_LOG: t=19:00:16.500 | min_dist=0.35m@-28° | obstacles(<0.5m)=257 | F/L/R/B=0.35/0.92/0.36/Infinitym | avg=2m var=7.24
limo2 : SCAN_LOG: t=19:00:16.500 | min_dist=0.6m@-118° | obstacles(<0.5m)=0 | F/L/R/B=6.11/2.94/0.6/Infinitym | avg=4.14m var=6.73
limo1 : SCAN_LOG: t=19:00:16.625 | min_dist=0.34m@-46° | obstacles(<0.5m)=247 | F/L/R/B=0.35/0.98/0.34/Infinitym | avg=1.9m var=6.92
limo2 : SCAN_LOG: t=19:00:16.625 | min_dist=0.68m@-118° | obstacles(<0.5m)=0 | F/L/R/B=6.04/2.93/0.68/Infinitym | avg=4.3m var=6.31
limo1 : SCAN_LOG: t=19:00:16.750 | min_dist=0.36m@-44° | obstacles(<0.5m)=242 | F/L/R/B=0.36/1.05/0.36/Infinitym | avg=2m var=7.52
limo2 : SCAN_LOG: t=19:00:16.750 | min_dist=0.76m@-115° | obstacles(<0.5m)=0 | F/L/R/B=5.97/2.9/0.76/Infinitym | avg=4.42m var=6.05
limo1 : SCAN_LOG: t=19:00:16.875 | min_dist=0.38m@-50° | obstacles(<0.5m)=225 | F/L/R/B=0.39/1.19/0.38/Infinitym | avg=2.27m var=8.57
limo2 : SCAN_LOG: t=19:00:16.875 | min_dist=0.83m@-120° | obstacles(<0.5m)=0 | F/L/R/B=5.89/2.87/0.83/Infinitym | avg=4.52m var=5.81
limo1 : SCAN_LOG: t=19:00:17.000 | min_dist=0.38m@-64° | obstacles(<0.5m)=208 | F/L/R/B=0.41/3.06/0.38/Infinitym | avg=2.42m var=8.75
limo2 : SCAN_LOG: t=19:00:17.000 | min_dist=0.9m@-119° | obstacles(<0.5m)=0 | F/L/R/B=5.82/2.86/0.9/Infinitym | avg=4.61m var=5.59
limo1 : SCAN_LOG: t=19:00:17.125 | min_dist=0.41m@-69° | obstacles(<0.5m)=189 | F/L/R/B=0.44/1.37/0.41/Infinitym | avg=2.5m var=8.67
limo2 : SCAN_LOG: t=19:00:17.125 | min_dist=0.97m@-120° | obstacles(<0.5m)=0 | F/L/R/B=5.73/2.84/0.97/Infinitym | avg=4.72m var=5.36
limo1 : SCAN_LOG: t=19:00:17.250 | min_dist=0.43m@-59° | obstacles(<0.5m)=164 | F/L/R/B=0.48/2.75/0.43/Infinitym | avg=2.57m var=8.48
limo2 : SCAN_LOG: t=19:00:17.250 | min_dist=1.05m@-118° | obstacles(<0.5m)=0 | F/L/R/B=5.66/2.81/1.05/Infinitym | avg=4.82m var=5.11
limo1 : SCAN_LOG: t=19:00:17.375 | min_dist=0.44m@-76° | obstacles(<0.5m)=145 | F/L/R/B=0.5/2.63/0.44/Infinitym | avg=2.67m var=8.48
limo2 : SCAN_LOG: t=19:00:17.375 | min_dist=1.11m@-120° | obstacles(<0.5m)=0 | F/L/R/B=5.57/2.8/1.11/Infinitym | avg=4.91m var=4.89
limo1 : SCAN_LOG: t=19:00:17.500 | min_dist=0.45m@-90° | obstacles(<0.5m)=117 | F/L/R/B=0.55/2.56/0.45/Infinitym | avg=2.72m var=8.35
limo2 : SCAN_LOG: t=19:00:17.500 | min_dist=1.19m@-119° | obstacles(<0.5m)=0 | F/L/R/B=5.51/2.79/1.19/Infinitym | avg=5.01m var=4.68
limo1 : SCAN_LOG: t=19:00:17.625 | min_dist=0.46m@-90° | obstacles(<0.5m)=102 | F/L/R/B=0.59/2.52/0.46/Infinitym | avg=2.75m var=8.19
limo2 : SCAN_LOG: t=19:00:17.625 | min_dist=1.24m@-120° | obstacles(<0.5m)=0 | F/L/R/B=5.42/2.77/1.24/Infinitym | avg=5.1m var=4.42
limo1 : SCAN_LOG: t=19:00:17.750 | min_dist=0.47m@-78° | obstacles(<0.5m)=88 | F/L/R/B=0.63/2.49/0.47/Infinitym | avg=2.77m var=8.09
limo2 : SCAN_LOG: t=19:00:17.750 | min_dist=1.32m@-118° | obstacles(<0.5m)=0 | F/L/R/B=5.35/2.74/1.32/Infinitym | avg=5.17m var=4.16
limo1 : SCAN_LOG: t=19:00:17.875 | min_dist=0.47m@-90° | obstacles(<0.5m)=62 | F/L/R/B=0.66/2.45/0.47/Infinitym | avg=2.8m var=8.05
limo2 : SCAN_LOG: t=19:00:17.875 | min_dist=1.38m@-120° | obstacles(<0.5m)=0 | F/L/R/B=5.26/2.73/1.38/Infinitym | avg=5.24m var=3.89
limo1 : SCAN_LOG: t=19:00:18.000 | min_dist=0.47m@-80° | obstacles(<0.5m)=51 | F/L/R/B=0.66/2.44/0.47/Infinitym | avg=2.81m var=8
limo2 : SCAN_LOG: t=19:00:18.000 | min_dist=1.47m@-118° | obstacles(<0.5m)=0 | F/L/R/B=5.2/2.71/1.47/Infinitym | avg=5.31m var=3.6
limo1 : SCAN_LOG: t=19:00:18.125 | min_dist=0.48m@-100° | obstacles(<0.5m)=40 | F/L/R/B=0.69/2.42/0.48/Infinitym | avg=2.79m var=7.84
limo2 : SCAN_LOG: t=19:00:18.125 | min_dist=1.55m@-119° | obstacles(<0.5m)=0 | F/L/R/B=5.12/2.7/1.55/Infinitym | avg=5.37m var=3.31
limo1 : SCAN_LOG: t=19:00:18.250 | min_dist=0.48m@-97° | obstacles(<0.5m)=24 | F/L/R/B=0.71/2.43/0.48/Infinitym | avg=2.85m var=7.98
limo2 : SCAN_LOG: t=19:00:18.250 | min_dist=1.62m@-120° | obstacles(<0.5m)=0 | F/L/R/B=5.04/2.69/1.62/Infinitym | avg=5.43m var=3.06
limo1 : SCAN_LOG: t=19:00:18.375 | min_dist=0.49m@-94° | obstacles(<0.5m)=9 | F/L/R/B=0.73/2.42/0.49/Infinitym | avg=2.88m var=7.98
limo2 : SCAN_LOG: t=19:00:18.375 | min_dist=1.68m@-118° | obstacles(<0.5m)=0 | F/L/R/B=4.96/2.68/1.68/Infinitym | avg=5.49m var=2.8
limo1 : SCAN_LOG: t=19:00:18.500 | min_dist=0.49m@-89° | obstacles(<0.5m)=6 | F/L/R/B=0.75/2.44/0.49/Infinitym | avg=2.87m var=7.85
limo2 : SCAN_LOG: t=19:00:18.500 | min_dist=1.77m@-120° | obstacles(<0.5m)=0 | F/L/R/B=4.88/2.69/1.77/Infinitym | avg=5.53m var=2.55
limo1 : SCAN_LOG: t=19:00:18.625 | min_dist=0.5m@-97° | obstacles(<0.5m)=3 | F/L/R/B=0.75/2.44/0.5/Infinitym | avg=2.91m var=7.91
limo2 : SCAN_LOG: t=19:00:18.625 | min_dist=1.84m@-118° | obstacles(<0.5m)=0 | F/L/R/B=4.81/2.68/1.84/Infinitym | avg=5.56m var=2.29
limo1 : SCAN_LOG: t=19:00:18.750 | min_dist=0.5m@-93° | obstacles(<0.5m)=0 | F/L/R/B=0.76/2.45/0.5/Infinitym | avg=2.96m var=8.06
limo2 : SCAN_LOG: t=19:00:18.750 | min_dist=1.91m@-119° | obstacles(<0.5m)=0 | F/L/R/B=4.74/2.69/1.91/Infinitym | avg=5.59m var=2.06
limo1 : SCAN_LOG: t=19:00:18.875 | min_dist=0.5m@-85° | obstacles(<0.5m)=0 | F/L/R/B=0.76/2.48/0.5/Infinitym | avg=3m var=8.1
limo2 : SCAN_LOG: t=19:00:18.875 | min_dist=1.98m@-118° | obstacles(<0.5m)=0 | F/L/R/B=4.65/2.7/1.98/Infinitym | avg=5.61m var=1.86
limo1 : SCAN_LOG: t=19:00:19.000 | min_dist=0.51m@-92° | obstacles(<0.5m)=0 | F/L/R/B=0.78/2.52/0.51/Infinitym | avg=3.07m var=8.15
limo2 : SCAN_LOG: t=19:00:19.000 | min_dist=2.71m@97° | obstacles(<0.5m)=0 | F/L/R/B=4.58/2.71/4.61/Infinitym | avg=5.62m var=1.68
limo1 : SCAN_LOG: t=19:00:19.125 | min_dist=0.5m@-95° | obstacles(<0.5m)=0 | F/L/R/B=0.8/2.57/0.5/Infinitym | avg=3.16m var=8.27
limo2 : SCAN_LOG: t=19:00:19.125 | min_dist=2.72m@100° | obstacles(<0.5m)=0 | F/L/R/B=4.5/2.72/4.54/Infinitym | avg=5.56m var=1.56
limo1 : SCAN_LOG: t=19:00:19.250 | min_dist=0.52m@-91° | obstacles(<0.5m)=0 | F/L/R/B=0.82/2.61/0.52/Infinitym | avg=3.22m var=8.33
limo2 : SCAN_LOG: t=19:00:19.250 | min_dist=2.73m@101° | obstacles(<0.5m)=0 | F/L/R/B=4.42/2.73/4.44/Infinitym | avg=5.52m var=1.49
limo1 : SCAN_LOG: t=19:00:19.375 | min_dist=0.53m@-96° | obstacles(<0.5m)=0 | F/L/R/B=0.84/2.67/0.53/Infinitym | avg=3.31m var=8.45
limo2 : SCAN_LOG: t=19:00:19.375 | min_dist=2.75m@103° | obstacles(<0.5m)=0 | F/L/R/B=4.35/2.75/4.37/Infinitym | avg=5.48m var=1.44
limo1 : SCAN_LOG: t=19:00:19.500 | min_dist=0.54m@-91° | obstacles(<0.5m)=0 | F/L/R/B=0.83/2.72/0.54/Infinitym | avg=3.37m var=8.49
limo2 : SCAN_LOG: t=19:00:19.500 | min_dist=2.78m@105° | obstacles(<0.5m)=0 | F/L/R/B=4.27/2.78/4.31/Infinitym | avg=5.45m var=1.38
limo1 : SCAN_LOG: t=19:00:19.625 | min_dist=0.54m@-95° | obstacles(<0.5m)=0 | F/L/R/B=0.84/2.76/0.54/Infinitym | avg=3.43m var=8.49
limo2 : SCAN_LOG: t=19:00:19.625 | min_dist=2.81m@107° | obstacles(<0.5m)=0 | F/L/R/B=4.2/2.81/4.22/Infinitym | avg=5.41m var=1.32
limo1 : SCAN_LOG: t=19:00:19.750 | min_dist=0.55m@-98° | obstacles(<0.5m)=0 | F/L/R/B=0.85/2.81/0.55/Infinitym | avg=3.49m var=8.49
limo2 : SCAN_LOG: t=19:00:19.750 | min_dist=2.83m@109° | obstacles(<0.5m)=0 | F/L/R/B=4.11/2.83/4.14/Infinitym | avg=5.36m var=1.29
limo1 : SCAN_LOG: t=19:00:19.875 | min_dist=0.55m@-87° | obstacles(<0.5m)=0 | F/L/R/B=0.86/2.84/0.55/Infinitym | avg=3.56m var=8.55
limo2 : SCAN_LOG: t=19:00:19.875 | min_dist=2.87m@111° | obstacles(<0.5m)=0 | F/L/R/B=4.05/2.87/4.07/Infinitym | avg=5.32m var=1.25
limo1 : SCAN_LOG: t=19:00:20.000 | min_dist=0.56m@-91° | obstacles(<0.5m)=0 | F/L/R/B=0.89/2.91/0.56/Infinitym | avg=3.62m var=8.56
limo2 : SCAN_LOG: t=19:00:20.000 | min_dist=2.92m@113° | obstacles(<0.5m)=0 | F/L/R/B=3.97/2.92/3.98/Infinitym | avg=5.28m var=1.23
limo1 : SCAN_LOG: t=19:00:20.125 | min_dist=0.57m@-92° | obstacles(<0.5m)=0 | F/L/R/B=0.89/2.95/0.57/Infinitym | avg=3.68m var=8.52
limo2 : SCAN_LOG: t=19:00:20.125 | min_dist=2.94m@114° | obstacles(<0.5m)=0 | F/L/R/B=3.9/2.94/3.92/Infinitym | avg=5.22m var=1.19
limo1 : SCAN_LOG: t=19:00:20.250 | min_dist=0.57m@-92° | obstacles(<0.5m)=0 | F/L/R/B=0.91/3/0.57/Infinitym | avg=3.74m var=8.52
limo2 : SCAN_LOG: t=19:00:20.250 | min_dist=2.99m@116° | obstacles(<0.5m)=0 | F/L/R/B=3.82/2.99/3.84/Infinitym | avg=5.19m var=1.18
limo1 : SCAN_LOG: t=19:00:20.375 | min_dist=0.58m@-98° | obstacles(<0.5m)=0 | F/L/R/B=0.91/3.04/0.58/Infinitym | avg=3.79m var=8.48
limo2 : SCAN_LOG: t=19:00:20.375 | min_dist=3.05m@118° | obstacles(<0.5m)=0 | F/L/R/B=3.75/3.05/3.77/Infinitym | avg=5.14m var=1.17
limo1 : SCAN_LOG: t=19:00:20.500 | min_dist=0.58m@-93° | obstacles(<0.5m)=0 | F/L/R/B=0.93/2.87/0.58/Infinitym | avg=3.84m var=8.43
limo2 : SCAN_LOG: t=19:00:20.500 | min_dist=3.08m@120° | obstacles(<0.5m)=0 | F/L/R/B=3.67/3.08/3.69/Infinitym | avg=5.09m var=1.17
limo1 : SCAN_LOG: t=19:00:20.625 | min_dist=0.6m@-95° | obstacles(<0.5m)=0 | F/L/R/B=0.93/3.14/0.6/Infinitym | avg=3.9m var=8.4
limo2 : SCAN_LOG: t=19:00:20.625 | min_dist=3.21m@120° | obstacles(<0.5m)=0 | F/L/R/B=3.59/3.21/3.62/Infinitym | avg=5.04m var=1.18
limo1 : SCAN_LOG: t=19:00:20.750 | min_dist=0.6m@-99° | obstacles(<0.5m)=0 | F/L/R/B=0.93/2.78/0.6/Infinitym | avg=3.96m var=8.35
limo2 : SCAN_LOG: t=19:00:20.750 | min_dist=3.52m@-42° | obstacles(<0.5m)=0 | F/L/R/B=3.52/5.06/3.53/Infinitym | avg=4.98m var=1.2
limo1 : SCAN_LOG: t=19:00:20.875 | min_dist=0.6m@-92° | obstacles(<0.5m)=0 | F/L/R/B=0.95/2.82/0.6/Infinitym | avg=4.02m var=8.29
limo2 : SCAN_LOG: t=19:00:20.875 | min_dist=3.44m@-41° | obstacles(<0.5m)=0 | F/L/R/B=3.44/5/3.46/Infinitym | avg=4.91m var=1.21
limo1 : SCAN_LOG: t=19:00:21.000 | min_dist=0.62m@-98° | obstacles(<0.5m)=0 | F/L/R/B=0.95/2.82/0.62/Infinitym | avg=4.08m var=8.24
limo2 : SCAN_LOG: t=19:00:21.000 | min_dist=3.37m@-46° | obstacles(<0.5m)=0 | F/L/R/B=3.37/4.93/3.37/Infinitym | avg=4.84m var=1.24
limo1 : SCAN_LOG: t=19:00:21.125 | min_dist=0.63m@-96° | obstacles(<0.5m)=0 | F/L/R/B=0.97/2.89/0.63/Infinitym | avg=4.15m var=8.16
limo2 : SCAN_LOG: t=19:00:21.125 | min_dist=3.28m@-42° | obstacles(<0.5m)=0 | F/L/R/B=3.28/4.87/3.31/Infinitym | avg=4.78m var=1.29
limo1 : SCAN_LOG: t=19:00:21.250 | min_dist=0.63m@-95° | obstacles(<0.5m)=0 | F/L/R/B=0.99/2.92/0.63/Infinitym | avg=4.21m var=8.06
limo2 : SCAN_LOG: t=19:00:21.250 | min_dist=3.21m@-39° | obstacles(<0.5m)=0 | F/L/R/B=3.21/4.8/3.22/Infinitym | avg=4.7m var=1.32
limo1 : SCAN_LOG: t=19:00:21.375 | min_dist=0.63m@-102° | obstacles(<0.5m)=0 | F/L/R/B=0.98/2.96/0.63/Infinitym | avg=4.28m var=7.95
limo2 : SCAN_LOG: t=19:00:21.375 | min_dist=3.13m@-42° | obstacles(<0.5m)=0 | F/L/R/B=3.13/4.74/3.14/Infinitym | avg=4.63m var=1.34
limo1 : SCAN_LOG: t=19:00:21.500 | min_dist=0.63m@-90° | obstacles(<0.5m)=0 | F/L/R/B=0.99/3/0.63/Infinitym | avg=4.33m var=7.78
limo2 : SCAN_LOG: t=19:00:21.500 | min_dist=3.06m@-43° | obstacles(<0.5m)=0 | F/L/R/B=3.06/4.66/3.08/Infinitym | avg=4.56m var=1.37
limo2 : SCAN_LOG: t=19:00:21.625 | min_dist=2.98m@-41° | obstacles(<0.5m)=0 | F/L/R/B=2.98/4.61/3/Infinitym | avg=4.49m var=1.41
limo1 : SCAN_LOG: t=19:00:21.750 | min_dist=0.65m@-96° | obstacles(<0.5m)=0 | F/L/R/B=4.82/3.24/0.65/Infinitym | avg=4.5m var=7.47
limo2 : SCAN_LOG: t=19:00:21.750 | min_dist=2.91m@-42° | obstacles(<0.5m)=0 | F/L/R/B=2.91/4.54/2.92/Infinitym | avg=4.42m var=1.44
limo1 : SCAN_LOG: t=19:00:22.000 | min_dist=0.66m@-93° | obstacles(<0.5m)=0 | F/L/R/B=4.63/3.2/0.66/Infinitym | avg=4.75m var=7
limo2 : SCAN_LOG: t=19:00:22.000 | min_dist=2.76m@-36° | obstacles(<0.5m)=0 | F/L/R/B=2.76/4.41/2.76/Infinitym | avg=4.28m var=1.53
limo1 : SCAN_LOG: t=19:00:22.125 | min_dist=0.68m@-92° | obstacles(<0.5m)=0 | F/L/R/B=4.53/3.25/0.68/Infinitym | avg=4.89m var=6.61
limo2 : SCAN_LOG: t=19:00:22.125 | min_dist=2.67m@-39° | obstacles(<0.5m)=0 | F/L/R/B=2.67/4.36/2.71/Infinitym | avg=4.21m var=1.56
limo1 : SCAN_LOG: t=19:00:22.250 | min_dist=0.67m@-89° | obstacles(<0.5m)=0 | F/L/R/B=4.43/3.38/0.67/Infinitym | avg=5.03m var=6.09
limo2 : SCAN_LOG: t=19:00:22.250 | min_dist=2.59m@-39° | obstacles(<0.5m)=0 | F/L/R/B=2.59/4.29/2.62/Infinitym | avg=4.14m var=1.59
limo1 : SCAN_LOG: t=19:00:22.375 | min_dist=0.69m@-98° | obstacles(<0.5m)=0 | F/L/R/B=4.33/3.28/0.69/Infinitym | avg=5.18m var=5.47
limo2 : SCAN_LOG: t=19:00:22.375 | min_dist=2.52m@-39° | obstacles(<0.5m)=0 | F/L/R/B=2.52/4.24/2.54/Infinitym | avg=4.07m var=1.65
limo1 : SCAN_LOG: t=19:00:22.500 | min_dist=0.69m@-99° | obstacles(<0.5m)=0 | F/L/R/B=4.23/3.47/0.69/Infinitym | avg=5.34m var=4.74
limo2 : SCAN_LOG: t=19:00:22.500 | min_dist=2.44m@-37° | obstacles(<0.5m)=0 | F/L/R/B=2.44/4.16/2.46/Infinitym | avg=4m var=1.7
limo1 : SCAN_LOG: t=19:00:22.625 | min_dist=0.71m@-106° | obstacles(<0.5m)=0 | F/L/R/B=4.14/3.37/0.71/Infinitym | avg=5.47m var=4.11
limo2 : SCAN_LOG: t=19:00:22.625 | min_dist=2.37m@-40° | obstacles(<0.5m)=0 | F/L/R/B=2.37/4.1/2.39/Infinitym | avg=3.92m var=1.71
limo1 : SCAN_LOG: t=19:00:22.750 | min_dist=0.72m@-108° | obstacles(<0.5m)=0 | F/L/R/B=4.03/3.49/0.72/Infinitym | avg=5.57m var=3.55
limo2 : SCAN_LOG: t=19:00:22.750 | min_dist=2.29m@-39° | obstacles(<0.5m)=0 | F/L/R/B=2.29/4.04/2.32/Infinitym | avg=3.84m var=1.74
limo1 : SCAN_LOG: t=19:00:22.875 | min_dist=0.76m@-113° | obstacles(<0.5m)=0 | F/L/R/B=3.94/3.44/0.76/Infinitym | avg=5.66m var=3.05
limo2 : SCAN_LOG: t=19:00:22.875 | min_dist=2.21m@-39° | obstacles(<0.5m)=0 | F/L/R/B=2.21/3.97/2.22/Infinitym | avg=3.77m var=1.79
limo1 : SCAN_LOG: t=19:00:23.000 | min_dist=0.81m@-120° | obstacles(<0.5m)=0 | F/L/R/B=3.83/3.58/0.81/Infinitym | avg=5.76m var=2.56
limo2 : SCAN_LOG: t=19:00:23.000 | min_dist=2.12m@-37° | obstacles(<0.5m)=0 | F/L/R/B=2.12/3.91/2.15/Infinitym | avg=3.7m var=1.85
limo1 : SCAN_LOG: t=19:00:23.125 | min_dist=1.02m@-120° | obstacles(<0.5m)=0 | F/L/R/B=3.74/3.55/1.02/Infinitym | avg=5.83m var=2.19
limo2 : SCAN_LOG: t=19:00:23.125 | min_dist=2.04m@-34° | obstacles(<0.5m)=0 | F/L/R/B=2.04/3.85/2.07/Infinitym | avg=3.62m var=1.86
limo1 : SCAN_LOG: t=19:00:23.250 | min_dist=3.62m@67° | obstacles(<0.5m)=0 | F/L/R/B=3.63/3.62/5.28/Infinitym | avg=5.81m var=2.23
limo1 : SCAN_LOG: t=19:00:23.375 | min_dist=3.53m@4° | obstacles(<0.5m)=0 | F/L/R/B=3.53/3.74/5.14/Infinitym | avg=5.75m var=2.36
limo2 : SCAN_LOG: t=19:00:23.375 | min_dist=1.9m@-39° | obstacles(<0.5m)=0 | F/L/R/B=1.9/3.72/1.92/Infinitym | avg=3.47m var=1.95
limo1 : SCAN_LOG: t=19:00:23.500 | min_dist=3.44m@1° | obstacles(<0.5m)=0 | F/L/R/B=3.44/3.7/4.99/Infinitym | avg=5.68m var=2.49
limo2 : SCAN_LOG: t=19:00:23.500 | min_dist=1.82m@-39° | obstacles(<0.5m)=0 | F/L/R/B=1.82/3.66/1.84/Infinitym | avg=3.39m var=1.99
limo1 : SCAN_LOG: t=19:00:23.750 | min_dist=3.23m@-2° | obstacles(<0.5m)=0 | F/L/R/B=3.23/3.81/4.72/Infinitym | avg=5.54m var=2.77
limo2 : SCAN_LOG: t=19:00:23.750 | min_dist=1.66m@-39° | obstacles(<0.5m)=0 | F/L/R/B=1.66/3.55/1.68/Infinitym | avg=3.23m var=2.09
limo1 : SCAN_LOG: t=19:00:23.875 | min_dist=3.12m@-1° | obstacles(<0.5m)=0 | F/L/R/B=3.12/3.94/4.57/Infinitym | avg=5.48m var=2.92
limo2 : SCAN_LOG: t=19:00:23.875 | min_dist=1.58m@-42° | obstacles(<0.5m)=0 | F/L/R/B=1.58/3.48/1.6/Infinitym | avg=3.15m var=2.12
limo1 : SCAN_LOG: t=19:00:24.000 | min_dist=3.03m@0° | obstacles(<0.5m)=0 | F/L/R/B=3.03/4/4.43/Infinitym | avg=5.4m var=3.06
limo2 : SCAN_LOG: t=19:00:24.000 | min_dist=1.5m@-39° | obstacles(<0.5m)=0 | F/L/R/B=1.5/3.41/1.52/Infinitym | avg=3.06m var=2.12
limo1 : SCAN_LOG: t=19:00:24.125 | min_dist=2.93m@-2° | obstacles(<0.5m)=0 | F/L/R/B=2.93/3.96/4.26/Infinitym | avg=5.32m var=3.21
limo2 : SCAN_LOG: t=19:00:24.125 | min_dist=1.43m@-35° | obstacles(<0.5m)=0 | F/L/R/B=1.43/3.36/1.44/Infinitym | avg=2.99m var=2.19
limo1 : SCAN_LOG: t=19:00:24.250 | min_dist=2.83m@-1° | obstacles(<0.5m)=0 | F/L/R/B=2.83/3.99/4.11/Infinitym | avg=5.25m var=3.36
limo2 : SCAN_LOG: t=19:00:24.250 | min_dist=1.34m@-37° | obstacles(<0.5m)=0 | F/L/R/B=1.34/3.3/1.37/Infinitym | avg=2.9m var=2.23
limo1 : SCAN_LOG: t=19:00:24.375 | min_dist=2.73m@-2° | obstacles(<0.5m)=0 | F/L/R/B=2.73/3.85/3.98/Infinitym | avg=5.16m var=3.51
limo2 : SCAN_LOG: t=19:00:24.375 | min_dist=1.26m@-31° | obstacles(<0.5m)=0 | F/L/R/B=1.26/3.24/1.29/Infinitym | avg=2.82m var=2.31
limo1 : SCAN_LOG: t=19:00:24.500 | min_dist=2.63m@6° | obstacles(<0.5m)=0 | F/L/R/B=2.63/3.69/3.84/Infinitym | avg=5.09m var=3.69
limo2 : SCAN_LOG: t=19:00:24.500 | min_dist=1.17m@-39° | obstacles(<0.5m)=0 | F/L/R/B=1.17/3.19/1.2/Infinitym | avg=2.73m var=2.31
limo2 : SCAN_LOG: t=19:00:24.625 | min_dist=1.1m@-36° | obstacles(<0.5m)=0 | F/L/R/B=1.1/3.12/1.12/Infinitym | avg=2.63m var=2.31
limo1 : SCAN_LOG: t=19:00:24.750 | min_dist=2.44m@4° | obstacles(<0.5m)=0 | F/L/R/B=2.44/3.42/3.55/Infinitym | avg=4.92m var=4.02
limo2 : SCAN_LOG: t=19:00:24.750 | min_dist=1.02m@-34° | obstacles(<0.5m)=0 | F/L/R/B=1.02/3.05/1.04/Infinitym | avg=2.52m var=2.29
limo1 : SCAN_LOG: t=19:00:24.875 | min_dist=2.34m@1° | obstacles(<0.5m)=0 | F/L/R/B=2.34/3.3/3.39/Infinitym | avg=4.84m var=4.2
limo2 : SCAN_LOG: t=19:00:24.875 | min_dist=0.94m@-41° | obstacles(<0.5m)=0 | F/L/R/B=0.94/2.99/0.96/Infinitym | avg=2.43m var=2.32
limo1 : SCAN_LOG: t=19:00:25.000 | min_dist=2.22m@-4° | obstacles(<0.5m)=0 | F/L/R/B=2.22/3.14/3.25/Infinitym | avg=4.75m var=4.36
limo2 : SCAN_LOG: t=19:00:25.000 | min_dist=0.84m@-36° | obstacles(<0.5m)=0 | F/L/R/B=0.84/2.95/0.87/Infinitym | avg=2.33m var=2.31
limo1 : SCAN_LOG: t=19:00:25.125 | min_dist=2.13m@-2° | obstacles(<0.5m)=0 | F/L/R/B=2.13/2.99/3.11/Infinitym | avg=4.65m var=4.54
limo2 : SCAN_LOG: t=19:00:25.125 | min_dist=0.78m@-40° | obstacles(<0.5m)=0 | F/L/R/B=0.78/2.88/0.79/Infinitym | avg=2.21m var=2.24
limo1 : SCAN_LOG: t=19:00:25.250 | min_dist=2.02m@-1° | obstacles(<0.5m)=0 | F/L/R/B=2.02/2.87/2.96/Infinitym | avg=4.56m var=4.72
limo2 : SCAN_LOG: t=19:00:25.250 | min_dist=0.7m@-27° | obstacles(<0.5m)=0 | F/L/R/B=0.7/2.82/0.72/Infinitym | avg=2.09m var=2.18
limo1 : SCAN_LOG: t=19:00:25.375 | min_dist=1.93m@-2° | obstacles(<0.5m)=0 | F/L/R/B=1.93/2.72/2.83/Infinitym | avg=4.46m var=4.91
limo2 : SCAN_LOG: t=19:00:25.375 | min_dist=0.62m@-37° | obstacles(<0.5m)=0 | F/L/R/B=0.62/2.77/0.63/Infinitym | avg=1.97m var=2.13
limo1 : SCAN_LOG: t=19:00:25.500 | min_dist=1.84m@1° | obstacles(<0.5m)=0 | F/L/R/B=1.84/2.59/2.66/Infinitym | avg=4.36m var=5.07
limo2 : SCAN_LOG: t=19:00:25.500 | min_dist=0.53m@-38° | obstacles(<0.5m)=0 | F/L/R/B=0.53/2.7/0.55/Infinitym | avg=1.85m var=2.14
limo1 : SCAN_LOG: t=19:00:25.625 | min_dist=1.74m@-1° | obstacles(<0.5m)=0 | F/L/R/B=1.74/2.44/2.54/Infinitym | avg=4.27m var=5.29
limo2 : SCAN_LOG: t=19:00:25.625 | min_dist=0.45m@-30° | obstacles(<0.5m)=100 | F/L/R/B=0.45/2.65/0.46/Infinitym | avg=1.72m var=2.07
limo1 : SCAN_LOG: t=19:00:25.750 | min_dist=1.64m@3° | obstacles(<0.5m)=0 | F/L/R/B=1.64/2.31/2.38/Infinitym | avg=4.17m var=5.49
limo2 : SCAN_LOG: t=19:00:25.750 | min_dist=0.38m@-46° | obstacles(<0.5m)=218 | F/L/R/B=0.38/2.59/0.38/Infinitym | avg=1.6m var=2.09
limo1 : SCAN_LOG: t=19:00:25.875 | min_dist=1.53m@9° | obstacles(<0.5m)=0 | F/L/R/B=1.53/2.18/2.24/Infinitym | avg=4.06m var=5.67
limo2 : SCAN_LOG: t=19:00:25.875 | min_dist=0.36m@-28° | obstacles(<0.5m)=235 | F/L/R/B=0.36/2.57/0.38/Infinitym | avg=1.59m var=2.17
limo1 : SCAN_LOG: t=19:00:26.000 | min_dist=1.44m@-1° | obstacles(<0.5m)=0 | F/L/R/B=1.44/2.03/2.08/Infinitym | avg=3.94m var=5.86
limo2 : SCAN_LOG: t=19:00:26.000 | min_dist=0.39m@-39° | obstacles(<0.5m)=213 | F/L/R/B=0.39/2.59/0.39/Infinitym | avg=1.68m var=2.58
limo1 : SCAN_LOG: t=19:00:26.250 | min_dist=1.24m@4° | obstacles(<0.5m)=0 | F/L/R/B=1.24/1.75/1.82/Infinitym | avg=3.71m var=6.23
limo2 : SCAN_LOG: t=19:00:26.250 | min_dist=0.42m@-53° | obstacles(<0.5m)=165 | F/L/R/B=0.43/2.59/0.42/Infinitym | avg=1.72m var=2.61
limo1 : SCAN_LOG: t=19:00:26.375 | min_dist=1.13m@4° | obstacles(<0.5m)=0 | F/L/R/B=1.13/1.61/1.66/Infinitym | avg=3.59m var=6.45
limo2 : SCAN_LOG: t=19:00:26.375 | min_dist=0.46m@-58° | obstacles(<0.5m)=114 | F/L/R/B=0.48/2.67/0.46/Infinitym | avg=1.78m var=2.62
limo1 : SCAN_LOG: t=19:00:26.500 | min_dist=1.03m@2° | obstacles(<0.5m)=0 | F/L/R/B=1.03/1.47/1.5/Infinitym | avg=3.47m var=6.65
limo2 : SCAN_LOG: t=19:00:26.500 | min_dist=0.48m@-80° | obstacles(<0.5m)=21 | F/L/R/B=0.55/2.85/0.48/Infinitym | avg=1.85m var=2.63
limo1 : SCAN_LOG: t=19:00:26.625 | min_dist=0.93m@-3° | obstacles(<0.5m)=0 | F/L/R/B=0.93/1.32/1.36/Infinitym | avg=3.34m var=6.85
limo2 : SCAN_LOG: t=19:00:26.625 | min_dist=0.52m@-87° | obstacles(<0.5m)=0 | F/L/R/B=0.69/3.21/0.52/Infinitym | avg=2.04m var=3.05
limo1 : SCAN_LOG: t=19:00:26.750 | min_dist=0.83m@2° | obstacles(<0.5m)=0 | F/L/R/B=0.83/1.2/1.23/Infinitym | avg=3.21m var=7.05
limo2 : SCAN_LOG: t=19:00:26.750 | min_dist=0.56m@-98° | obstacles(<0.5m)=0 | F/L/R/B=0.89/3.82/0.56/Infinitym | avg=2.16m var=3.05
limo1 : SCAN_LOG: t=19:00:26.875 | min_dist=0.74m@-1° | obstacles(<0.5m)=0 | F/L/R/B=0.74/1.05/1.07/Infinitym | avg=3.06m var=7.25
limo2 : SCAN_LOG: t=19:00:26.875 | min_dist=0.61m@-108° | obstacles(<0.5m)=0 | F/L/R/B=1.22/4.69/0.61/Infinitym | avg=2.27m var=3.06
limo1 : SCAN_LOG: t=19:00:27.000 | min_dist=0.63m@1° | obstacles(<0.5m)=0 | F/L/R/B=0.63/0.91/0.92/Infinitym | avg=2.92m var=7.45
limo2 : SCAN_LOG: t=19:00:27.000 | min_dist=0.67m@-111° | obstacles(<0.5m)=0 | F/L/R/B=1.75/5.95/0.67/Infinitym | avg=2.53m var=3.73
limo1 : SCAN_LOG: t=19:00:27.250 | min_dist=0.42m@-5° | obstacles(<0.5m)=152 | F/L/R/B=0.42/0.63/0.64/Infinitym | avg=2.6m var=7.82
limo2 : SCAN_LOG: t=19:00:27.250 | min_dist=0.8m@-119° | obstacles(<0.5m)=0 | F/L/R/B=2.16/6.09/0.8/Infinitym | avg=2.78m var=3.95
limo1 : SCAN_LOG: t=19:00:27.500 | min_dist=0.33m@3° | obstacles(<0.5m)=265 | F/L/R/B=0.33/0.51/0.49/Infinitym | avg=2.4m var=7.91
limo2 : SCAN_LOG: t=19:00:27.500 | min_dist=0.93m@-119° | obstacles(<0.5m)=0 | F/L/R/B=2.01/6.04/0.93/Infinitym | avg=2.8m var=3.76
limo1 : SCAN_LOG: t=19:00:27.750 | min_dist=0.37m@-9° | obstacles(<0.5m)=237 | F/L/R/B=0.37/0.62/0.47/Infinitym | avg=2.34m var=7.51
limo2 : SCAN_LOG: t=19:00:27.750 | min_dist=1.05m@-119° | obstacles(<0.5m)=0 | F/L/R/B=1.85/5.99/1.05/Infinitym | avg=2.74m var=3.6
limo1 : SCAN_LOG: t=19:00:28.000 | min_dist=0.38m@-22° | obstacles(<0.5m)=211 | F/L/R/B=0.38/0.82/0.46/Infinitym | avg=2.21m var=6.93
limo2 : SCAN_LOG: t=19:00:28.000 | min_dist=1.16m@-119° | obstacles(<0.5m)=0 | F/L/R/B=1.68/5.94/1.16/Infinitym | avg=2.65m var=3.48
limo1 : SCAN_LOG: t=19:00:28.250 | min_dist=0.41m@-26° | obstacles(<0.5m)=188 | F/L/R/B=0.41/1.57/0.43/Infinitym | avg=1.99m var=6.18
limo2 : SCAN_LOG: t=19:00:28.250 | min_dist=1.27m@-119° | obstacles(<0.5m)=0 | F/L/R/B=1.52/5.92/1.27/Infinitym | avg=2.5m var=3.22
limo1 : SCAN_LOG: t=19:00:28.375 | min_dist=0.41m@-31° | obstacles(<0.5m)=176 | F/L/R/B=0.41/3.3/0.43/Infinitym | avg=1.98m var=6.27
limo2 : SCAN_LOG: t=19:00:28.375 | min_dist=1.33m@-119° | obstacles(<0.5m)=0 | F/L/R/B=1.43/5.9/1.33/Infinitym | avg=2.4m var=3.01
limo1 : SCAN_LOG: t=19:00:28.500 | min_dist=0.43m@-39° | obstacles(<0.5m)=152 | F/L/R/B=0.43/5.65/0.44/Infinitym | avg=2.17m var=7.27
limo2 : SCAN_LOG: t=19:00:28.500 | min_dist=1.35m@-36° | obstacles(<0.5m)=0 | F/L/R/B=1.35/5.89/1.38/Infinitym | avg=2.33m var=2.96
limo1 : SCAN_LOG: t=19:00:28.625 | min_dist=0.46m@-56° | obstacles(<0.5m)=111 | F/L/R/B=0.47/6.85/0.46/Infinitym | avg=2.27m var=7.67
limo2 : SCAN_LOG: t=19:00:28.625 | min_dist=1.26m@-39° | obstacles(<0.5m)=0 | F/L/R/B=1.26/5.88/1.3/Infinitym | avg=2.23m var=2.73
limo1 : SCAN_LOG: t=19:00:28.750 | min_dist=0.48m@-68° | obstacles(<0.5m)=20 | F/L/R/B=0.53/6.82/0.48/Infinitym | avg=2.41m var=7.98
limo2 : SCAN_LOG: t=19:00:28.750 | min_dist=1.19m@-39° | obstacles(<0.5m)=0 | F/L/R/B=1.19/5.88/1.19/Infinitym | avg=2.15m var=2.65
limo1 : SCAN_LOG: t=19:00:28.875 | min_dist=0.52m@-70° | obstacles(<0.5m)=0 | F/L/R/B=0.63/3.81/0.52/Infinitym | avg=2.72m var=8.13
limo2 : SCAN_LOG: t=19:00:28.875 | min_dist=1.1m@-33° | obstacles(<0.5m)=0 | F/L/R/B=1.1/5.86/1.13/Infinitym | avg=2.06m var=2.57
limo1 : SCAN_LOG: t=19:00:29.000 | min_dist=0.55m@-80° | obstacles(<0.5m)=0 | F/L/R/B=0.75/3.79/0.55/Infinitym | avg=2.95m var=8.42
limo2 : SCAN_LOG: t=19:00:29.000 | min_dist=1.02m@-37° | obstacles(<0.5m)=0 | F/L/R/B=1.02/5.84/1.04/Infinitym | avg=1.97m var=2.47
limo1 : SCAN_LOG: t=19:00:29.125 | min_dist=0.58m@-103° | obstacles(<0.5m)=0 | F/L/R/B=0.93/3.78/0.58/Infinitym | avg=3.14m var=8.36
limo2 : SCAN_LOG: t=19:00:29.125 | min_dist=0.94m@-39° | obstacles(<0.5m)=0 | F/L/R/B=0.94/5.53/0.96/Infinitym | avg=1.85m var=2.25
limo1 : SCAN_LOG: t=19:00:29.250 | min_dist=0.62m@-101° | obstacles(<0.5m)=0 | F/L/R/B=1.14/3.78/0.62/Infinitym | avg=3.32m var=8.33
limo2 : SCAN_LOG: t=19:00:29.250 | min_dist=0.86m@-33° | obstacles(<0.5m)=0 | F/L/R/B=0.86/4.99/0.87/Infinitym | avg=1.71m var=1.99
limo1 : SCAN_LOG: t=19:00:29.375 | min_dist=0.65m@-101° | obstacles(<0.5m)=0 | F/L/R/B=1.36/3.77/0.65/Infinitym | avg=3.44m var=8.18
limo2 : SCAN_LOG: t=19:00:29.375 | min_dist=0.78m@-39° | obstacles(<0.5m)=0 | F/L/R/B=0.78/4.64/0.8/Infinitym | avg=1.6m var=1.85
limo1 : SCAN_LOG: t=19:00:29.500 | min_dist=0.69m@-105° | obstacles(<0.5m)=0 | F/L/R/B=1.48/3.78/0.69/Infinitym | avg=3.5m var=7.86
limo2 : SCAN_LOG: t=19:00:29.500 | min_dist=0.69m@-39° | obstacles(<0.5m)=0 | F/L/R/B=0.69/4.22/0.7/Infinitym | avg=1.44m var=1.47
limo1 : SCAN_LOG: t=19:00:29.625 | min_dist=0.72m@-107° | obstacles(<0.5m)=0 | F/L/R/B=1.62/3.77/0.72/Infinitym | avg=3.56m var=7.64
limo2 : SCAN_LOG: t=19:00:29.625 | min_dist=0.61m@-35° | obstacles(<0.5m)=0 | F/L/R/B=0.61/3.63/0.62/Infinitym | avg=1.34m var=1.46
limo1 : SCAN_LOG: t=19:00:29.875 | min_dist=0.78m@-110° | obstacles(<0.5m)=0 | F/L/R/B=1.68/3.79/0.78/Infinitym | avg=3.64m var=7.29
limo2 : SCAN_LOG: t=19:00:29.875 | min_dist=0.43m@-31° | obstacles(<0.5m)=124 | F/L/R/B=0.43/2.63/0.46/Infinitym | avg=1.11m var=1.45
limo1 : SCAN_LOG: t=19:00:30.000 | min_dist=0.81m@-101° | obstacles(<0.5m)=0 | F/L/R/B=1.72/3.82/0.81/Infinitym | avg=3.67m var=7.09
limo2 : SCAN_LOG: t=19:00:30.000 | min_dist=0.39m@-38° | obstacles(<0.5m)=204 | F/L/R/B=0.39/2.38/0.41/Infinitym | avg=1.04m var=1.46
limo2 : SCAN_LOG: t=19:00:30.125 | min_dist=0.38m@-37° | obstacles(<0.5m)=215 | F/L/R/B=0.38/2.78/0.38/Infinitym | avg=1.02m var=1.5
limo1 : SCAN_LOG: t=19:00:30.250 | min_dist=0.85m@-105° | obstacles(<0.5m)=0 | F/L/R/B=1.75/3.86/0.85/Infinitym | avg=3.72m var=6.76
limo2 : SCAN_LOG: t=19:00:30.250 | min_dist=0.38m@-46° | obstacles(<0.5m)=221 | F/L/R/B=0.38/4.72/0.38/Infinitym | avg=1m var=1.54
limo1 : SCAN_LOG: t=19:00:30.375 | min_dist=0.88m@-98° | obstacles(<0.5m)=0 | F/L/R/B=1.88/3.88/0.88/Infinitym | avg=3.76m var=6.54
limo2 : SCAN_LOG: t=19:00:30.375 | min_dist=0.38m@-38° | obstacles(<0.5m)=222 | F/L/R/B=0.38/5.81/0.38/Infinitym | avg=1.09m var=2.32
limo1 : SCAN_LOG: t=19:00:30.500 | min_dist=0.91m@-102° | obstacles(<0.5m)=0 | F/L/R/B=1.99/3.91/0.91/Infinitym | avg=3.8m var=6.33
limo2 : SCAN_LOG: t=19:00:30.500 | min_dist=0.39m@-45° | obstacles(<0.5m)=207 | F/L/R/B=0.39/5.78/0.39/Infinitym | avg=1.12m var=2.53
limo1 : SCAN_LOG: t=19:00:30.625 | min_dist=0.95m@-108° | obstacles(<0.5m)=0 | F/L/R/B=2.09/3.94/0.95/Infinitym | avg=3.85m var=6.15
limo2 : SCAN_LOG: t=19:00:30.625 | min_dist=0.41m@-60° | obstacles(<0.5m)=179 | F/L/R/B=0.43/5.77/0.41/Infinitym | avg=1.18m var=2.81
limo1 : SCAN_LOG: t=19:00:30.750 | min_dist=0.98m@-100° | obstacles(<0.5m)=0 | F/L/R/B=2.14/3.96/0.98/Infinitym | avg=3.86m var=5.94
limo2 : SCAN_LOG: t=19:00:30.750 | min_dist=0.44m@-59° | obstacles(<0.5m)=133 | F/L/R/B=0.49/5.77/0.44/Infinitym | avg=1.27m var=3.16
limo1 : SCAN_LOG: t=19:00:30.875 | min_dist=1m@-112° | obstacles(<0.5m)=0 | F/L/R/B=2.21/3.97/1/Infinitym | avg=3.88m var=5.75
limo2 : SCAN_LOG: t=19:00:30.875 | min_dist=0.46m@-76° | obstacles(<0.5m)=69 | F/L/R/B=0.55/5.44/0.46/Infinitym | avg=1.38m var=3.53
limo1 : SCAN_LOG: t=19:00:31.000 | min_dist=1.04m@-109° | obstacles(<0.5m)=0 | F/L/R/B=2.26/4.02/1.04/Infinitym | avg=3.9m var=5.57
limo2 : SCAN_LOG: t=19:00:31.000 | min_dist=0.49m@-84° | obstacles(<0.5m)=4 | F/L/R/B=0.63/5.31/0.49/Infinitym | avg=1.72m var=4.86
limo1 : SCAN_LOG: t=19:00:31.125 | min_dist=1.06m@-109° | obstacles(<0.5m)=0 | F/L/R/B=2.33/4.05/1.06/Infinitym | avg=3.91m var=5.38
limo2 : SCAN_LOG: t=19:00:31.125 | min_dist=0.53m@-82° | obstacles(<0.5m)=0 | F/L/R/B=0.75/4.32/0.53/Infinitym | avg=2.04m var=5.41
limo1 : SCAN_LOG: t=19:00:31.250 | min_dist=1.09m@-104° | obstacles(<0.5m)=0 | F/L/R/B=2.4/4.08/1.09/Infinitym | avg=3.94m var=5.22
limo2 : SCAN_LOG: t=19:00:31.250 | min_dist=0.57m@-102° | obstacles(<0.5m)=0 | F/L/R/B=0.99/3.48/0.57/Infinitym | avg=2.31m var=5.5
limo1 : SCAN_LOG: t=19:00:31.375 | min_dist=1.13m@-105° | obstacles(<0.5m)=0 | F/L/R/B=2.51/4.13/1.13/Infinitym | avg=3.95m var=5.04
limo2 : SCAN_LOG: t=19:00:31.375 | min_dist=0.61m@-101° | obstacles(<0.5m)=0 | F/L/R/B=1.28/3.1/0.61/Infinitym | avg=2.57m var=5.64
limo1 : SCAN_LOG: t=19:00:31.500 | min_dist=1.16m@-104° | obstacles(<0.5m)=0 | F/L/R/B=2.56/4.18/1.16/Infinitym | avg=3.97m var=4.87
limo2 : SCAN_LOG: t=19:00:31.500 | min_dist=0.67m@-106° | obstacles(<0.5m)=0 | F/L/R/B=1.66/3.02/0.67/Infinitym | avg=2.78m var=5.7
limo1 : SCAN_LOG: t=19:00:31.625 | min_dist=1.18m@-104° | obstacles(<0.5m)=0 | F/L/R/B=2.6/4.21/1.18/Infinitym | avg=3.97m var=4.73
limo2 : SCAN_LOG: t=19:00:31.625 | min_dist=0.71m@-115° | obstacles(<0.5m)=0 | F/L/R/B=1.91/3.03/0.71/Infinitym | avg=2.94m var=5.81
limo1 : SCAN_LOG: t=19:00:31.750 | min_dist=1.21m@-99° | obstacles(<0.5m)=0 | F/L/R/B=2.64/4.25/1.21/Infinitym | avg=3.97m var=4.57
limo1 : SCAN_LOG: t=19:00:31.875 | min_dist=1.24m@-100° | obstacles(<0.5m)=0 | F/L/R/B=2.73/4.32/1.24/Infinitym | avg=3.98m var=4.44
limo2 : SCAN_LOG: t=19:00:31.875 | min_dist=0.78m@-105° | obstacles(<0.5m)=0 | F/L/R/B=2.21/3.2/0.78/Infinitym | avg=3.16m var=5.96
limo1 : SCAN_LOG: t=19:00:32.000 | min_dist=1.27m@-106° | obstacles(<0.5m)=0 | F/L/R/B=2.74/4.37/1.27/Infinitym | avg=3.98m var=4.34
limo2 : SCAN_LOG: t=19:00:32.000 | min_dist=0.83m@-114° | obstacles(<0.5m)=0 | F/L/R/B=2.34/3.32/0.83/Infinitym | avg=3.23m var=5.99
limo1 : SCAN_LOG: t=19:00:32.125 | min_dist=1.31m@-108° | obstacles(<0.5m)=0 | F/L/R/B=2.82/4.49/1.31/Infinitym | avg=3.98m var=4.21
limo1 : SCAN_LOG: t=19:00:32.250 | min_dist=1.32m@-103° | obstacles(<0.5m)=0 | F/L/R/B=2.9/4.58/1.32/Infinitym | avg=3.97m var=4.08
limo2 : SCAN_LOG: t=19:00:32.250 | min_dist=0.91m@-111° | obstacles(<0.5m)=0 | F/L/R/B=2.57/3.54/0.91/Infinitym | avg=3.41m var=6.05
limo1 : SCAN_LOG: t=19:00:32.375 | min_dist=1.36m@-115° | obstacles(<0.5m)=0 | F/L/R/B=2.94/4.71/1.36/Infinitym | avg=3.97m var=3.99
limo2 : SCAN_LOG: t=19:00:32.375 | min_dist=0.96m@-117° | obstacles(<0.5m)=0 | F/L/R/B=2.7/3.67/0.96/Infinitym | avg=3.5m var=6.07
limo1 : SCAN_LOG: t=19:00:32.500 | min_dist=1.39m@-106° | obstacles(<0.5m)=0 | F/L/R/B=3/4.85/1.39/Infinitym | avg=3.96m var=3.9
limo2 : SCAN_LOG: t=19:00:32.500 | min_dist=1m@-115° | obstacles(<0.5m)=0 | F/L/R/B=2.8/3.78/1/Infinitym | avg=3.57m var=6.05
limo1 : SCAN_LOG: t=19:00:32.625 | min_dist=1.42m@-104° | obstacles(<0.5m)=0 | F/L/R/B=3.03/4.99/1.42/Infinitym | avg=3.95m var=3.8
limo2 : SCAN_LOG: t=19:00:32.625 | min_dist=1.03m@-114° | obstacles(<0.5m)=0 | F/L/R/B=2.88/3.84/1.03/Infinitym | avg=3.65m var=6.07
limo1 : SCAN_LOG: t=19:00:32.750 | min_dist=1.45m@-106° | obstacles(<0.5m)=0 | F/L/R/B=3.07/5.12/1.45/Infinitym | avg=3.93m var=3.71
limo2 : SCAN_LOG: t=19:00:32.750 | min_dist=1.07m@-108° | obstacles(<0.5m)=0 | F/L/R/B=2.91/3.75/1.07/Infinitym | avg=3.71m var=6.07
limo1 : SCAN_LOG: t=19:00:32.875 | min_dist=1.47m@-107° | obstacles(<0.5m)=0 | F/L/R/B=3.09/5.12/1.47/Infinitym | avg=3.9m var=3.6
limo2 : SCAN_LOG: t=19:00:32.875 | min_dist=1.11m@-118° | obstacles(<0.5m)=0 | F/L/R/B=3.06/3.63/1.11/Infinitym | avg=3.78m var=6.06
limo1 : SCAN_LOG: t=19:00:33.000 | min_dist=1.5m@-105° | obstacles(<0.5m)=0 | F/L/R/B=3.13/5.08/1.5/Infinitym | avg=3.88m var=3.53
limo2 : SCAN_LOG: t=19:00:33.000 | min_dist=1.14m@-109° | obstacles(<0.5m)=0 | F/L/R/B=3.11/3.58/1.14/Infinitym | avg=3.84m var=6
limo1 : SCAN_LOG: t=19:00:33.125 | min_dist=1.53m@-107° | obstacles(<0.5m)=0 | F/L/R/B=3.24/5.05/1.53/Infinitym | avg=3.86m var=3.4
limo2 : SCAN_LOG: t=19:00:33.125 | min_dist=1.19m@-109° | obstacles(<0.5m)=0 | F/L/R/B=3.24/3.56/1.19/Infinitym | avg=3.91m var=5.99
limo1 : SCAN_LOG: t=19:00:33.250 | min_dist=1.56m@-107° | obstacles(<0.5m)=0 | F/L/R/B=3.2/5.02/1.56/Infinitym | avg=3.83m var=3.35
limo2 : SCAN_LOG: t=19:00:33.250 | min_dist=1.23m@-115° | obstacles(<0.5m)=0 | F/L/R/B=3.37/3.56/1.23/Infinitym | avg=3.97m var=5.88
limo1 : SCAN_LOG: t=19:00:33.375 | min_dist=1.58m@-107° | obstacles(<0.5m)=0 | F/L/R/B=3.13/5.01/1.58/Infinitym | avg=3.8m var=3.22
limo2 : SCAN_LOG: t=19:00:33.375 | min_dist=1.27m@-111° | obstacles(<0.5m)=0 | F/L/R/B=3.53/3.33/1.27/Infinitym | avg=4.02m var=5.79
limo1 : SCAN_LOG: t=19:00:33.500 | min_dist=1.61m@-110° | obstacles(<0.5m)=0 | F/L/R/B=3.17/4.96/1.61/Infinitym | avg=3.79m var=3.15
limo2 : SCAN_LOG: t=19:00:33.500 | min_dist=1.31m@-113° | obstacles(<0.5m)=0 | F/L/R/B=3.71/3.32/1.31/Infinitym | avg=4.09m var=5.71
limo1 : SCAN_LOG: t=19:00:33.625 | min_dist=1.65m@-104° | obstacles(<0.5m)=0 | F/L/R/B=2.98/4.96/1.65/Infinitym | avg=3.76m var=3.06
limo2 : SCAN_LOG: t=19:00:33.625 | min_dist=1.35m@-113° | obstacles(<0.5m)=0 | F/L/R/B=3.85/3.42/1.35/Infinitym | avg=4.16m var=5.62
limo1 : SCAN_LOG: t=19:00:33.750 | min_dist=1.68m@-107° | obstacles(<0.5m)=0 | F/L/R/B=2.92/4.96/1.68/Infinitym | avg=3.73m var=3
limo2 : SCAN_LOG: t=19:00:33.750 | min_dist=1.39m@-115° | obstacles(<0.5m)=0 | F/L/R/B=3.75/3.15/1.39/Infinitym | avg=4.2m var=5.53
limo1 : SCAN_LOG: t=19:00:33.875 | min_dist=1.7m@-106° | obstacles(<0.5m)=0 | F/L/R/B=2.85/4.94/1.7/Infinitym | avg=3.68m var=2.9
limo2 : SCAN_LOG: t=19:00:33.875 | min_dist=1.43m@-111° | obstacles(<0.5m)=0 | F/L/R/B=3.66/3.12/1.43/Infinitym | avg=4.23m var=5.44
limo1 : SCAN_LOG: t=19:00:34.000 | min_dist=1.73m@-110° | obstacles(<0.5m)=0 | F/L/R/B=2.83/4.93/1.73/Infinitym | avg=3.65m var=2.81
limo2 : SCAN_LOG: t=19:00:34.000 | min_dist=1.47m@-114° | obstacles(<0.5m)=0 | F/L/R/B=3.56/3.07/1.47/Infinitym | avg=4.26m var=5.3
limo1 : SCAN_LOG: t=19:00:34.125 | min_dist=1.77m@-105° | obstacles(<0.5m)=0 | F/L/R/B=2.84/4.89/1.77/Infinitym | avg=3.59m var=2.7
limo2 : SCAN_LOG: t=19:00:34.125 | min_dist=1.51m@-117° | obstacles(<0.5m)=0 | F/L/R/B=3.48/3.03/1.51/Infinitym | avg=4.3m var=5.16
limo1 : SCAN_LOG: t=19:00:34.250 | min_dist=1.79m@-106° | obstacles(<0.5m)=0 | F/L/R/B=2.74/4.89/1.79/Infinitym | avg=3.56m var=2.66
limo2 : SCAN_LOG: t=19:00:34.250 | min_dist=1.56m@-112° | obstacles(<0.5m)=0 | F/L/R/B=3.37/5.36/1.56/Infinitym | avg=4.31m var=5.01
limo1 : SCAN_LOG: t=19:00:34.375 | min_dist=1.83m@-103° | obstacles(<0.5m)=0 | F/L/R/B=2.78/4.88/1.83/Infinitym | avg=3.49m var=2.52
limo2 : SCAN_LOG: t=19:00:34.375 | min_dist=1.6m@-115° | obstacles(<0.5m)=0 | F/L/R/B=3.29/5.48/1.6/Infinitym | avg=4.32m var=4.89
limo1 : SCAN_LOG: t=19:00:34.500 | min_dist=1.84m@-107° | obstacles(<0.5m)=0 | F/L/R/B=2.9/2.78/1.84/Infinitym | avg=3.44m var=2.45
limo2 : SCAN_LOG: t=19:00:34.500 | min_dist=1.64m@-109° | obstacles(<0.5m)=0 | F/L/R/B=3.19/5.6/1.64/Infinitym | avg=4.34m var=4.74
limo1 : SCAN_LOG: t=19:00:34.625 | min_dist=1.88m@-106° | obstacles(<0.5m)=0 | F/L/R/B=2.82/2.81/1.88/Infinitym | avg=3.37m var=2.32
limo2 : SCAN_LOG: t=19:00:34.625 | min_dist=1.68m@-110° | obstacles(<0.5m)=0 | F/L/R/B=3.1/5.69/1.68/Infinitym | avg=4.35m var=4.6
limo1 : SCAN_LOG: t=19:00:34.750 | min_dist=1.91m@-109° | obstacles(<0.5m)=0 | F/L/R/B=2.72/2.81/1.91/Infinitym | avg=3.3m var=2.19
limo2 : SCAN_LOG: t=19:00:34.750 | min_dist=1.72m@-111° | obstacles(<0.5m)=0 | F/L/R/B=3.01/5.83/1.72/Infinitym | avg=4.35m var=4.49
limo1 : SCAN_LOG: t=19:00:34.875 | min_dist=1.93m@-110° | obstacles(<0.5m)=0 | F/L/R/B=2.6/2.72/1.93/Infinitym | avg=3.24m var=2.1
limo2 : SCAN_LOG: t=19:00:34.875 | min_dist=1.76m@-113° | obstacles(<0.5m)=0 | F/L/R/B=2.91/5.93/1.76/Infinitym | avg=4.36m var=4.35
limo1 : SCAN_LOG: t=19:00:35.000 | min_dist=1.96m@-102° | obstacles(<0.5m)=0 | F/L/R/B=2.52/2.75/1.96/Infinitym | avg=3.17m var=2
limo2 : SCAN_LOG: t=19:00:35.000 | min_dist=1.8m@-112° | obstacles(<0.5m)=0 | F/L/R/B=2.83/6.03/1.8/Infinitym | avg=4.35m var=4.22
limo1 : SCAN_LOG: t=19:00:35.125 | min_dist=1.99m@-104° | obstacles(<0.5m)=0 | F/L/R/B=2.4/2.74/1.99/Infinitym | avg=3.1m var=1.89
limo2 : SCAN_LOG: t=19:00:35.125 | min_dist=1.84m@-113° | obstacles(<0.5m)=0 | F/L/R/B=2.74/6.08/1.84/Infinitym | avg=4.31m var=4.06
limo1 : SCAN_LOG: t=19:00:35.250 | min_dist=2.02m@-111° | obstacles(<0.5m)=0 | F/L/R/B=2.33/2.9/2.02/Infinitym | avg=3.02m var=1.76
limo2 : SCAN_LOG: t=19:00:35.250 | min_dist=1.87m@-114° | obstacles(<0.5m)=0 | F/L/R/B=2.64/6.03/1.87/Infinitym | avg=4.29m var=3.92
limo1 : SCAN_LOG: t=19:00:35.375 | min_dist=2.05m@-110° | obstacles(<0.5m)=0 | F/L/R/B=2.23/2.95/2.05/Infinitym | avg=2.94m var=1.61
limo2 : SCAN_LOG: t=19:00:35.375 | min_dist=1.91m@-113° | obstacles(<0.5m)=0 | F/L/R/B=2.57/5.99/1.91/Infinitym | avg=4.28m var=3.79
limo1 : SCAN_LOG: t=19:00:35.500 | min_dist=2.08m@-108° | obstacles(<0.5m)=0 | F/L/R/B=2.13/2.87/2.08/Infinitym | avg=2.85m var=1.45
limo2 : SCAN_LOG: t=19:00:35.500 | min_dist=1.96m@-110° | obstacles(<0.5m)=0 | F/L/R/B=2.47/5.94/1.96/Infinitym | avg=4.25m var=3.67
limo1 : SCAN_LOG: t=19:00:35.625 | min_dist=2.04m@-14° | obstacles(<0.5m)=0 | F/L/R/B=2.04/2.99/2.1/Infinitym | avg=2.77m var=1.31
limo2 : SCAN_LOG: t=19:00:35.625 | min_dist=2m@-106° | obstacles(<0.5m)=0 | F/L/R/B=2.39/5.89/2/Infinitym | avg=4.23m var=3.58
limo1 : SCAN_LOG: t=19:00:35.750 | min_dist=1.95m@-16° | obstacles(<0.5m)=0 | F/L/R/B=1.95/3/2.12/Infinitym | avg=2.66m var=1.07
limo2 : SCAN_LOG: t=19:00:35.750 | min_dist=2.04m@-109° | obstacles(<0.5m)=0 | F/L/R/B=2.28/5.85/2.04/Infinitym | avg=4.2m var=3.45
limo1 : SCAN_LOG: t=19:00:35.875 | min_dist=1.85m@-18° | obstacles(<0.5m)=0 | F/L/R/B=1.85/3.06/2.14/Infinitym | avg=2.6m var=1.07
limo2 : SCAN_LOG: t=19:00:35.875 | min_dist=2.07m@-116° | obstacles(<0.5m)=0 | F/L/R/B=2.23/5.8/2.07/Infinitym | avg=4.16m var=3.34
limo1 : SCAN_LOG: t=19:00:36.000 | min_dist=1.75m@-21° | obstacles(<0.5m)=0 | F/L/R/B=1.75/3.13/2.03/Infinitym | avg=2.52m var=1.04
limo2 : SCAN_LOG: t=19:00:36.000 | min_dist=2.12m@-113° | obstacles(<0.5m)=0 | F/L/R/B=2.14/5.75/2.12/Infinitym | avg=4.1m var=3.19
limo1 : SCAN_LOG: t=19:00:36.125 | min_dist=1.66m@-18° | obstacles(<0.5m)=0 | F/L/R/B=1.66/3.22/1.93/Infinitym | avg=2.46m var=1.06
MISSION_LOG: t=2025-04-15T15:59:27.243Z | Mission 10_0_2_15_20250415155405_864c7t STOPPED for robot at 10.0.2.15
limo2 : SCAN_LOG: t=19:00:36.125 | min_dist=2.07m@39° | obstacles(<0.5m)=0 | F/L/R/B=2.07/5.7/2.16/Infinitym | avg=4.06m var=3.07
limo1 : SCAN_LOG: t=19:00:36.250 | min_dist=1.6m@-15° | obstacles(<0.5m)=0 | F/L/R/B=1.6/3.29/1.84/Infinitym | avg=2.42m var=1.05
limo1 : SCAN_LOG: t=19:00:36.375 | min_dist=1.6m@-19° | obstacles(<0.5m)=0 | F/L/R/B=1.6/3.29/1.85/Infinitym | avg=2.42m var=1.05
limo1 : SCAN_LOG: t=19:00:36.500 | min_dist=1.6m@-23° | obstacles(<0.5m)=0 | F/L/R/B=1.6/3.29/1.84/Infinitym | avg=2.42m var=1.05
limo1 : SCAN_LOG: t=19:00:36.625 | min_dist=1.6m@-10° | obstacles(<0.5m)=0 | F/L/R/B=1.6/3.26/1.85/Infinitym | avg=2.42m var=1.05
limo1 : SCAN_LOG: t=19:00:36.750 | min_dist=1.61m@-20° | obstacles(<0.5m)=0 | F/L/R/B=1.61/3.3/1.85/Infinitym | avg=2.42m var=1.05
limo1 : SCAN_LOG: t=19:00:36.875 | min_dist=1.59m@-22° | obstacles(<0.5m)=0 | F/L/R/B=1.59/3.29/1.85/Infinitym | avg=2.42m var=1.05
limo1 : SCAN_LOG: t=19:00:37.000 | min_dist=1.6m@-21° | obstacles(<0.5m)=0 | F/L/R/B=1.6/3.28/1.86/Infinitym | avg=2.42m var=1.05
limo1 : SCAN_LOG: t=19:00:37.125 | min_dist=1.6m@-12° | obstacles(<0.5m)=0 | F/L/R/B=1.6/3.28/1.84/Infinitym | avg=2.42m var=1.05
limo1 : SCAN_LOG: t=19:00:37.250 | min_dist=1.6m@-19° | obstacles(<0.5m)=0 | F/L/R/B=1.6/3.29/1.84/Infinitym | avg=2.42m var=1.05
limo1 : SCAN_LOG: t=19:00:37.375 | min_dist=1.61m@-12° | obstacles(<0.5m)=0 | F/L/R/B=1.61/3.3/1.85/Infinitym | avg=2.42m var=1.05
limo1 : SCAN_LOG: t=19:00:37.500 | min_dist=1.6m@-17° | obstacles(<0.5m)=0 | F/L/R/B=1.6/3.3/1.85/Infinitym | avg=2.42m var=1.05
limo1 : SCAN_LOG: t=19:00:37.625 | min_dist=1.6m@-13° | obstacles(<0.5m)=0 | F/L/R/B=1.6/3.27/1.85/Infinitym | avg=2.42m var=1.05
limo1 : SCAN_LOG: t=19:00:37.750 | min_dist=1.6m@-18° | obstacles(<0.5m)=0 | F/L/R/B=1.6/3.29/1.85/Infinitym | avg=2.42m var=1.05
limo1 : SCAN_LOG: t=19:00:37.875 | min_dist=1.6m@-14° | obstacles(<0.5m)=0 | F/L/R/B=1.6/3.28/1.85/Infinitym | avg=2.42m var=1.05
limo1 : SCAN_LOG: t=19:00:38.000 | min_dist=1.6m@-20° | obstacles(<0.5m)=0 | F/L/R/B=1.6/3.28/1.86/Infinitym | avg=2.42m var=1.05
limo1 : SCAN_LOG: t=19:00:38.125 | min_dist=1.6m@-15° | obstacles(<0.5m)=0 | F/L/R/B=1.6/3.28/1.86/Infinitym | avg=2.42m var=1.05
limo1 : SCAN_LOG: t=19:00:38.250 | min_dist=1.6m@-20° | obstacles(<0.5m)=0 | F/L/R/B=1.6/3.27/1.84/Infinitym | avg=2.42m var=1.05
limo1 : SCAN_LOG: t=19:00:38.375 | min_dist=1.6m@-11° | obstacles(<0.5m)=0 | F/L/R/B=1.6/3.28/1.85/Infinitym | avg=2.42m var=1.05
limo1 : SCAN_LOG: t=19:00:38.500 | min_dist=1.59m@-13° | obstacles(<0.5m)=0 | F/L/R/B=1.59/3.27/1.85/Infinitym | avg=2.42m var=1.05
limo1 : SCAN_LOG: t=19:00:38.625 | min_dist=1.59m@-18° | obstacles(<0.5m)=0 | F/L/R/B=1.59/3.28/1.84/Infinitym | avg=2.42m var=1.05
limo1 : SCAN_LOG: t=19:00:38.750 | min_dist=1.6m@-20° | obstacles(<0.5m)=0 | F/L/R/B=1.6/3.27/1.84/Infinitym | avg=2.42m var=1.05
limo1 : SCAN_LOG: t=19:00:38.875 | min_dist=1.6m@-17° | obstacles(<0.5m)=0 | F/L/R/B=1.6/3.27/1.84/Infinitym | avg=2.42m var=1.05
limo1 : SCAN_LOG: t=19:00:39.000 | min_dist=1.59m@-13° | obstacles(<0.5m)=0 | F/L/R/B=1.59/3.28/1.84/Infinitym | avg=2.42m var=1.05
limo1 : SCAN_LOG: t=19:00:39.125 | min_dist=1.6m@-16° | obstacles(<0.5m)=0 | F/L/R/B=1.6/3.26/1.85/Infinitym | avg=2.42m var=1.05
limo1 : SCAN_LOG: t=19:00:39.250 | min_dist=1.59m@-14° | obstacles(<0.5m)=0 | F/L/R/B=1.59/3.29/1.86/Infinitym | avg=2.42m var=1.05
limo1 : SCAN_LOG: t=19:00:39.375 | min_dist=1.6m@-18° | obstacles(<0.5m)=0 | F/L/R/B=1.6/3.26/1.85/Infinitym | avg=2.42m var=1.05
limo1 : SCAN_LOG: t=19:00:39.500 | min_dist=1.59m@-18° | obstacles(<0.5m)=0 | F/L/R/B=1.59/3.29/1.84/Infinitym | avg=2.42m var=1.05
limo1 : SCAN_LOG: t=19:00:39.625 | min_dist=1.61m@-22° | obstacles(<0.5m)=0 | F/L/R/B=1.61/3.31/1.85/Infinitym | avg=2.42m var=1.05
limo1 : SCAN_LOG: t=19:00:39.750 | min_dist=1.6m@-12° | obstacles(<0.5m)=0 | F/L/R/B=1.6/3.28/1.84/Infinitym | avg=2.42m var=1.05
limo1 : SCAN_LOG: t=19:00:39.875 | min_dist=1.6m@-14° | obstacles(<0.5m)=0 | F/L/R/B=1.6/3.28/1.85/Infinitym | avg=2.42m var=1.05
limo1 : SCAN_LOG: t=19:00:40.000 | min_dist=1.6m@-22° | obstacles(<0.5m)=0 | F/L/R/B=1.6/3.28/1.85/Infinitym | avg=2.42m var=1.05
limo1 : SCAN_LOG: t=19:00:40.125 | min_dist=1.6m@-16° | obstacles(<0.5m)=0 | F/L/R/B=1.6/3.29/1.84/Infinitym | avg=2.42m var=1.05
limo1 : SCAN_LOG: t=19:00:40.250 | min_dist=1.59m@-9° | obstacles(<0.5m)=0 | F/L/R/B=1.59/3.28/1.84/Infinitym | avg=2.42m var=1.05
limo1 : SCAN_LOG: t=19:00:40.375 | min_dist=1.6m@-23° | obstacles(<0.5m)=0 | F/L/R/B=1.6/3.3/1.85/Infinitym | avg=2.42m var=1.05
limo1 : SCAN_LOG: t=19:00:40.500 | min_dist=1.6m@-12° | obstacles(<0.5m)=0 | F/L/R/B=1.6/3.29/1.83/Infinitym | avg=2.42m var=1.05
limo1 : SCAN_LOG: t=19:00:40.625 | min_dist=1.6m@-23° | obstacles(<0.5m)=0 | F/L/R/B=1.6/3.27/1.84/Infinitym | avg=2.42m var=1.05
limo1 : SCAN_LOG: t=19:00:40.750 | min_dist=1.6m@-19° | obstacles(<0.5m)=0 | F/L/R/B=1.6/3.28/1.86/Infinitym | avg=2.42m var=1.05
limo1 : SCAN_LOG: t=19:00:40.875 | min_dist=1.59m@-21° | obstacles(<0.5m)=0 | F/L/R/B=1.59/3.3/1.85/Infinitym | avg=2.42m var=1.05
limo1 : SCAN_LOG: t=19:00:41.000 | min_dist=1.6m@-19° | obstacles(<0.5m)=0 | F/L/R/B=1.6/3.29/1.85/Infinitym | avg=2.42m var=1.05
limo1 : SCAN_LOG: t=19:00:41.125 | min_dist=1.6m@-19° | obstacles(<0.5m)=0 | F/L/R/B=1.6/3.28/1.83/Infinitym | avg=2.42m var=1.05
limo1 : SCAN_LOG: t=19:00:41.250 | min_dist=1.6m@-17° | obstacles(<0.5m)=0 | F/L/R/B=1.6/3.28/1.85/Infinitym | avg=2.42m var=1.05
limo1 : SCAN_LOG: t=19:00:41.375 | min_dist=1.6m@-17° | obstacles(<0.5m)=0 | F/L/R/B=1.6/3.28/1.85/Infinitym | avg=2.42m var=1.05
limo1 : SCAN_LOG: t=19:00:41.500 | min_dist=1.61m@-16° | obstacles(<0.5m)=0 | F/L/R/B=1.61/3.29/1.85/Infinitym | avg=2.42m var=1.05
limo1 : SCAN_LOG: t=19:00:41.625 | min_dist=1.6m@-19° | obstacles(<0.5m)=0 | F/L/R/B=1.6/3.28/1.85/Infinitym | avg=2.42m var=1.05
limo1 : SCAN_LOG: t=19:00:41.750 | min_dist=1.6m@-24° | obstacles(<0.5m)=0 | F/L/R/B=1.6/3.28/1.84/Infinitym | avg=2.42m var=1.05
limo1 : SCAN_LOG: t=19:00:41.875 | min_dist=1.61m@-9° | obstacles(<0.5m)=0 | F/L/R/B=1.61/3.28/1.84/Infinitym | avg=2.42m var=1.05
limo1 : SCAN_LOG: t=19:00:42.000 | min_dist=1.61m@-13° | obstacles(<0.5m)=0 | F/L/R/B=1.61/3.28/1.83/Infinitym | avg=2.42m var=1.05
limo1 : SCAN_LOG: t=19:00:42.250 | min_dist=1.6m@-13° | obstacles(<0.5m)=0 | F/L/R/B=1.6/3.3/1.84/Infinitym | avg=2.42m var=1.05
limo1 : SCAN_LOG: t=19:00:42.375 | min_dist=1.6m@-10° | obstacles(<0.5m)=0 | F/L/R/B=1.6/3.27/1.85/Infinitym | avg=2.42m var=1.05
limo1 : SCAN_LOG: t=19:00:42.500 | min_dist=1.59m@-15° | obstacles(<0.5m)=0 | F/L/R/B=1.59/3.27/1.85/Infinitym | avg=2.42m var=1.05
limo1 : SCAN_LOG: t=19:00:42.750 | min_dist=1.6m@-18° | obstacles(<0.5m)=0 | F/L/R/B=1.6/3.27/1.84/Infinitym | avg=2.42m var=1.05
limo1 : SCAN_LOG: t=19:00:42.875 | min_dist=1.6m@-18° | obstacles(<0.5m)=0 | F/L/R/B=1.6/3.28/1.83/Infinitym | avg=2.42m var=1.05
limo1 : SCAN_LOG: t=19:00:43.000 | min_dist=1.61m@-19° | obstacles(<0.5m)=0 | F/L/R/B=1.61/3.27/1.84/Infinitym | avg=2.42m var=1.05
limo1 : SCAN_LOG: t=19:00:43.250 | min_dist=1.61m@-13° | obstacles(<0.5m)=0 | F/L/R/B=1.61/3.29/1.85/Infinitym | avg=2.42m var=1.05
limo1 : SCAN_LOG: t=19:00:43.500 | min_dist=1.58m@-19° | obstacles(<0.5m)=0 | F/L/R/B=1.58/3.28/1.86/Infinitym | avg=2.42m var=1.05
limo1 : SCAN_LOG: t=19:00:43.750 | min_dist=1.59m@-14° | obstacles(<0.5m)=0 | F/L/R/B=1.59/3.29/1.85/Infinitym | avg=2.42m var=1.05
limo1 : SCAN_LOG: t=19:00:43.875 | min_dist=1.6m@-17° | obstacles(<0.5m)=0 | F/L/R/B=1.6/3.3/1.85/Infinitym | avg=2.42m var=1.05
limo1 : SCAN_LOG: t=19:00:44.000 | min_dist=1.6m@-16° | obstacles(<0.5m)=0 | F/L/R/B=1.6/3.27/1.85/Infinitym | avg=2.42m var=1.05
limo1 : SCAN_LOG: t=19:00:44.250 | min_dist=1.6m@-22° | obstacles(<0.5m)=0 | F/L/R/B=1.6/3.28/1.84/Infinitym | avg=2.42m var=1.05
limo1 : SCAN_LOG: t=19:00:44.375 | min_dist=1.6m@-15° | obstacles(<0.5m)=0 | F/L/R/B=1.6/3.29/1.85/Infinitym | avg=2.42m var=1.05
limo1 : SCAN_LOG: t=19:00:44.500 | min_dist=1.6m@-14° | obstacles(<0.5m)=0 | F/L/R/B=1.6/3.26/1.85/Infinitym | avg=2.42m var=1.05
limo1 : SCAN_LOG: t=19:00:44.625 | min_dist=1.6m@-17° | obstacles(<0.5m)=0 | F/L/R/B=1.6/3.29/1.84/Infinitym | avg=2.42m var=1.05
limo1 : SCAN_LOG: t=19:00:44.750 | min_dist=1.6m@-14° | obstacles(<0.5m)=0 | F/L/R/B=1.6/3.28/1.84/Infinitym | avg=2.42m var=1.05
limo1 : SCAN_LOG: t=19:00:44.875 | min_dist=1.59m@-15° | obstacles(<0.5m)=0 | F/L/R/B=1.59/3.28/1.86/Infinitym | avg=2.42m var=1.05
limo1 : SCAN_LOG: t=19:00:45.000 | min_dist=1.6m@-17° | obstacles(<0.5m)=0 | F/L/R/B=1.6/3.27/1.86/Infinitym | avg=2.42m var=1.05
limo1 : SCAN_LOG: t=19:00:45.125 | min_dist=1.6m@-15° | obstacles(<0.5m)=0 | F/L/R/B=1.6/3.27/1.84/Infinitym | avg=2.42m var=1.05
limo1 : SCAN_LOG: t=19:00:45.250 | min_dist=1.6m@-16° | obstacles(<0.5m)=0 | F/L/R/B=1.6/3.28/1.83/Infinitym | avg=2.42m var=1.05
limo1 : SCAN_LOG: t=19:00:45.375 | min_dist=1.59m@-20° | obstacles(<0.5m)=0 | F/L/R/B=1.59/3.27/1.84/Infinitym | avg=2.42m var=1.05
limo1 : SCAN_LOG: t=19:00:45.500 | min_dist=1.59m@-21° | obstacles(<0.5m)=0 | F/L/R/B=1.59/3.29/1.85/Infinitym | avg=2.42m var=1.05
limo1 : SCAN_LOG: t=19:00:45.625 | min_dist=1.6m@-18° | obstacles(<0.5m)=0 | F/L/R/B=1.6/3.28/1.85/Infinitym | avg=2.42m var=1.05
limo1 : SCAN_LOG: t=19:00:45.750 | min_dist=1.6m@-19° | obstacles(<0.5m)=0 | F/L/R/B=1.6/3.28/1.84/Infinitym | avg=2.42m var=1.05
limo1 : SCAN_LOG: t=19:00:45.875 | min_dist=1.6m@-19° | obstacles(<0.5m)=0 | F/L/R/B=1.6/3.29/1.86/Infinitym | avg=2.42m var=1.05
limo1 : SCAN_LOG: t=19:00:46.000 | min_dist=1.6m@-16° | obstacles(<0.5m)=0 | F/L/R/B=1.6/3.26/1.84/Infinitym | avg=2.42m var=1.05
limo1 : SCAN_LOG: t=19:00:46.250 | min_dist=1.6m@-19° | obstacles(<0.5m)=0 | F/L/R/B=1.6/3.26/1.85/Infinitym | avg=2.42m var=1.05
limo1 : SCAN_LOG: t=19:00:46.500 | min_dist=1.59m@-17° | obstacles(<0.5m)=0 | F/L/R/B=1.59/3.26/1.84/Infinitym | avg=2.42m var=1.05
limo1 : SCAN_LOG: t=19:00:46.750 | min_dist=1.6m@-20° | obstacles(<0.5m)=0 | F/L/R/B=1.6/3.26/1.84/Infinitym | avg=2.42m var=1.05
limo1 : SCAN_LOG: t=19:00:46.875 | min_dist=1.6m@-19° | obstacles(<0.5m)=0 | F/L/R/B=1.6/3.29/1.83/Infinitym | avg=2.42m var=1.05
limo1 : SCAN_LOG: t=19:00:47.000 | min_dist=1.6m@-19° | obstacles(<0.5m)=0 | F/L/R/B=1.6/3.27/1.86/Infinitym | avg=2.42m var=1.05
limo1 : SCAN_LOG: t=19:00:47.125 | min_dist=1.59m@-10° | obstacles(<0.5m)=0 | F/L/R/B=1.59/3.28/1.83/Infinitym | avg=2.42m var=1.05
limo1 : SCAN_LOG: t=19:00:47.250 | min_dist=1.6m@-17° | obstacles(<0.5m)=0 | F/L/R/B=1.6/3.3/1.85/Infinitym | avg=2.42m var=1.05
limo1 : SCAN_LOG: t=19:00:47.375 | min_dist=1.6m@-18° | obstacles(<0.5m)=0 | F/L/R/B=1.6/3.29/1.83/Infinitym | avg=2.42m var=1.05
limo1 : SCAN_LOG: t=19:00:47.500 | min_dist=1.6m@-18° | obstacles(<0.5m)=0 | F/L/R/B=1.6/3.27/1.84/Infinitym | avg=2.42m var=1.05
limo1 : SCAN_LOG: t=19:00:47.750 | min_dist=1.6m@-12° | obstacles(<0.5m)=0 | F/L/R/B=1.6/3.27/1.84/Infinitym | avg=2.42m var=1.05
limo1 : SCAN_LOG: t=19:00:47.875 | min_dist=1.6m@-17° | obstacles(<0.5m)=0 | F/L/R/B=1.6/3.27/1.83/Infinitym | avg=2.42m var=1.05
limo1 : SCAN_LOG: t=19:00:48.000 | min_dist=1.59m@-17° | obstacles(<0.5m)=0 | F/L/R/B=1.59/3.28/1.85/Infinitym | avg=2.42m var=1.05
limo1 : SCAN_LOG: t=19:00:48.250 | min_dist=1.59m@-15° | obstacles(<0.5m)=0 | F/L/R/B=1.59/3.28/1.85/Infinitym | avg=2.42m var=1.05
limo1 : SCAN_LOG: t=19:00:48.375 | min_dist=1.61m@-18° | obstacles(<0.5m)=0 | F/L/R/B=1.61/3.28/1.84/Infinitym | avg=2.42m var=1.05
limo1 : SCAN_LOG: t=19:00:48.500 | min_dist=1.6m@-18° | obstacles(<0.5m)=0 | F/L/R/B=1.6/3.26/1.85/Infinitym | avg=2.42m var=1.05
limo1 : SCAN_LOG: t=19:00:48.750 | min_dist=1.6m@-21° | obstacles(<0.5m)=0 | F/L/R/B=1.6/3.3/1.83/Infinitym | avg=2.42m var=1.05
