MISSION_LOG: t=2025-04-16T02:12:19.801Z | Mission 10_0_2_15_20250416021219_82h5rp STARTED for robot at 10.0.2.15
limo1 : SCAN_LOG: t=19:00:05.000 | min_dist=1.16m@52° | obstacles(<0.5m)=0 | F/L/R/B=1.68/1.16/2.09/Infinitym | avg=4.46m var=6.37
limo2 : SCAN_LOG: t=19:00:05.000 | min_dist=0.23m@74° | obstacles(<0.5m)=304 | F/L/R/B=0.25/0.23/3.51/Infinitym | avg=2.86m var=9.84
limo1 : SCAN_LOG: t=19:00:05.125 | min_dist=1.16m@52° | obstacles(<0.5m)=0 | F/L/R/B=1.68/1.16/2.09/Infinitym | avg=4.46m var=6.37
limo2 : SCAN_LOG: t=19:00:05.125 | min_dist=0.23m@55° | obstacles(<0.5m)=305 | F/L/R/B=0.25/0.23/3.52/Infinitym | avg=2.86m var=9.84
limo1 : SCAN_LOG: t=19:00:05.250 | min_dist=1.23m@49° | obstacles(<0.5m)=0 | F/L/R/B=1.64/1.23/2.14/Infinitym | avg=4.51m var=6.47
limo2 : SCAN_LOG: t=19:00:05.250 | min_dist=0.21m@63° | obstacles(<0.5m)=321 | F/L/R/B=0.23/0.21/3.54/Infinitym | avg=2.76m var=9.84
limo1 : SCAN_LOG: t=19:00:05.375 | min_dist=1.11m@58° | obstacles(<0.5m)=0 | F/L/R/B=1.59/1.11/2.21/Infinitym | avg=4.58m var=6.6
limo2 : SCAN_LOG: t=19:00:05.375 | min_dist=0.2m@69° | obstacles(<0.5m)=336 | F/L/R/B=0.22/0.2/3.55/Infinitym | avg=2.66m var=9.81
limo1 : SCAN_LOG: t=19:00:05.500 | min_dist=1.06m@61° | obstacles(<0.5m)=0 | F/L/R/B=1.53/1.06/2.27/Infinitym | avg=4.62m var=6.71
limo2 : SCAN_LOG: t=19:00:05.500 | min_dist=0.2m@61° | obstacles(<0.5m)=349 | F/L/R/B=0.2/0.2/3.57/Infinitym | avg=2.58m var=9.76
limo1 : SCAN_LOG: t=19:00:05.625 | min_dist=1.03m@66° | obstacles(<0.5m)=0 | F/L/R/B=1.47/1.03/2.32/Infinitym | avg=4.63m var=6.83
limo2 : SCAN_LOG: t=19:00:05.625 | min_dist=0.18m@63° | obstacles(<0.5m)=356 | F/L/R/B=0.2/0.18/3.58/Infinitym | avg=2.54m var=9.75
limo1 : SCAN_LOG: t=19:00:05.750 | min_dist=1.04m@65° | obstacles(<0.5m)=0 | F/L/R/B=1.44/1.04/2.38/Infinitym | avg=4.57m var=6.87
limo2 : SCAN_LOG: t=19:00:05.750 | min_dist=0.2m@52° | obstacles(<0.5m)=347 | F/L/R/B=0.21/0.2/3.57/Infinitym | avg=2.63m var=9.91
limo1 : SCAN_LOG: t=19:00:05.875 | min_dist=0.98m@71° | obstacles(<0.5m)=0 | F/L/R/B=1.38/0.98/2.46/Infinitym | avg=4.49m var=6.94
limo2 : SCAN_LOG: t=19:00:05.875 | min_dist=0.2m@53° | obstacles(<0.5m)=331 | F/L/R/B=0.21/0.2/3.58/Infinitym | avg=2.74m var=10.1
limo1 : SCAN_LOG: t=19:00:06.000 | min_dist=0.93m@86° | obstacles(<0.5m)=0 | F/L/R/B=1.34/0.93/2.51/Infinitym | avg=4.41m var=7.04
limo2 : SCAN_LOG: t=19:00:06.000 | min_dist=0.21m@66° | obstacles(<0.5m)=318 | F/L/R/B=0.23/0.21/3.57/Infinitym | avg=2.85m var=10.24
limo1 : SCAN_LOG: t=19:00:06.125 | min_dist=0.93m@94° | obstacles(<0.5m)=0 | F/L/R/B=1.28/0.93/2.59/Infinitym | avg=4.27m var=7.12
limo2 : SCAN_LOG: t=19:00:06.125 | min_dist=0.22m@59° | obstacles(<0.5m)=306 | F/L/R/B=0.23/0.22/1.12/Infinitym | avg=2.96m var=10.41
limo1 : SCAN_LOG: t=19:00:06.250 | min_dist=0.92m@101° | obstacles(<0.5m)=0 | F/L/R/B=1.23/0.92/2.65/Infinitym | avg=4.18m var=7.2
limo2 : SCAN_LOG: t=19:00:06.250 | min_dist=0.23m@62° | obstacles(<0.5m)=294 | F/L/R/B=0.24/0.23/0.98/Infinitym | avg=3.07m var=10.53
limo1 : SCAN_LOG: t=19:00:06.375 | min_dist=0.95m@108° | obstacles(<0.5m)=0 | F/L/R/B=1.19/0.95/2.69/Infinitym | avg=4.08m var=7.27
limo2 : SCAN_LOG: t=19:00:06.375 | min_dist=0.24m@53° | obstacles(<0.5m)=280 | F/L/R/B=0.24/0.24/1/Infinitym | avg=3.19m var=10.62
MISSION_LOG: t=2025-04-16T02:12:57.701Z | Mission 10_0_2_15_20250416021219_82h5rp STOPPED for robot at 10.0.2.15
limo1 : SCAN_LOG: t=19:00:06.500 | min_dist=0.99m@105° | obstacles(<0.5m)=0 | F/L/R/B=1.14/0.99/2.78/Infinitym | avg=3.95m var=7.32
limo1 : SCAN_LOG: t=19:00:06.625 | min_dist=1.02m@64° | obstacles(<0.5m)=0 | F/L/R/B=1.08/1.02/2.82/Infinitym | avg=3.87m var=7.37
limo1 : SCAN_LOG: t=19:00:06.750 | min_dist=1.03m@63° | obstacles(<0.5m)=0 | F/L/R/B=1.07/1.03/2.85/Infinitym | avg=3.83m var=7.36
limo1 : SCAN_LOG: t=19:00:07.000 | min_dist=1.02m@64° | obstacles(<0.5m)=0 | F/L/R/B=1.07/1.02/2.85/Infinitym | avg=3.83m var=7.36
limo1 : SCAN_LOG: t=19:00:07.125 | min_dist=1.02m@62° | obstacles(<0.5m)=0 | F/L/R/B=1.07/1.02/2.84/Infinitym | avg=3.83m var=7.36
limo1 : SCAN_LOG: t=19:00:07.250 | min_dist=1.02m@117° | obstacles(<0.5m)=0 | F/L/R/B=1.06/1.02/2.83/Infinitym | avg=3.83m var=7.36
limo1 : SCAN_LOG: t=19:00:07.375 | min_dist=1.01m@59° | obstacles(<0.5m)=0 | F/L/R/B=1.08/1.01/2.85/Infinitym | avg=3.83m var=7.36
limo1 : SCAN_LOG: t=19:00:07.500 | min_dist=1.02m@64° | obstacles(<0.5m)=0 | F/L/R/B=1.07/1.02/2.84/Infinitym | avg=3.83m var=7.36
limo1 : SCAN_LOG: t=19:00:07.625 | min_dist=1.02m@63° | obstacles(<0.5m)=0 | F/L/R/B=1.08/1.02/2.83/Infinitym | avg=3.83m var=7.36
limo1 : SCAN_LOG: t=19:00:07.750 | min_dist=1.02m@64° | obstacles(<0.5m)=0 | F/L/R/B=1.08/1.02/2.84/Infinitym | avg=3.83m var=7.36
limo1 : SCAN_LOG: t=19:00:07.875 | min_dist=1.01m@63° | obstacles(<0.5m)=0 | F/L/R/B=1.08/1.01/2.84/Infinitym | avg=3.83m var=7.36
limo1 : SCAN_LOG: t=19:00:08.000 | min_dist=1.02m@68° | obstacles(<0.5m)=0 | F/L/R/B=1.07/1.02/2.84/Infinitym | avg=3.83m var=7.36
limo1 : SCAN_LOG: t=19:00:08.125 | min_dist=1.02m@117° | obstacles(<0.5m)=0 | F/L/R/B=1.06/1.02/2.82/Infinitym | avg=3.83m var=7.36
limo1 : SCAN_LOG: t=19:00:08.250 | min_dist=1.03m@60° | obstacles(<0.5m)=0 | F/L/R/B=1.08/1.03/2.84/Infinitym | avg=3.83m var=7.36
limo1 : SCAN_LOG: t=19:00:08.375 | min_dist=1.01m@63° | obstacles(<0.5m)=0 | F/L/R/B=1.08/1.01/2.83/Infinitym | avg=3.84m var=7.36
limo1 : SCAN_LOG: t=19:00:08.500 | min_dist=1.01m@67° | obstacles(<0.5m)=0 | F/L/R/B=1.07/1.01/2.85/Infinitym | avg=3.83m var=7.36
limo1 : SCAN_LOG: t=19:00:08.625 | min_dist=1.02m@61° | obstacles(<0.5m)=0 | F/L/R/B=1.07/1.02/2.83/Infinitym | avg=3.83m var=7.36
limo1 : SCAN_LOG: t=19:00:08.750 | min_dist=1.03m@62° | obstacles(<0.5m)=0 | F/L/R/B=1.08/1.03/2.84/Infinitym | avg=3.83m var=7.36
limo1 : SCAN_LOG: t=19:00:08.875 | min_dist=1.02m@64° | obstacles(<0.5m)=0 | F/L/R/B=1.08/1.02/2.84/Infinitym | avg=3.83m var=7.36
limo1 : SCAN_LOG: t=19:00:09.000 | min_dist=1.02m@63° | obstacles(<0.5m)=0 | F/L/R/B=1.08/1.02/2.84/Infinitym | avg=3.83m var=7.36
limo1 : SCAN_LOG: t=19:00:09.125 | min_dist=1.02m@56° | obstacles(<0.5m)=0 | F/L/R/B=1.06/1.02/2.83/Infinitym | avg=3.83m var=7.36
limo1 : SCAN_LOG: t=19:00:09.250 | min_dist=1.02m@65° | obstacles(<0.5m)=0 | F/L/R/B=1.07/1.02/2.84/Infinitym | avg=3.84m var=7.36
limo1 : SCAN_LOG: t=19:00:09.375 | min_dist=1.02m@65° | obstacles(<0.5m)=0 | F/L/R/B=1.08/1.02/2.83/Infinitym | avg=3.83m var=7.36
limo1 : SCAN_LOG: t=19:00:09.500 | min_dist=1.02m@57° | obstacles(<0.5m)=0 | F/L/R/B=1.06/1.02/2.83/Infinitym | avg=3.83m var=7.36
limo1 : SCAN_LOG: t=19:00:09.625 | min_dist=1.02m@63° | obstacles(<0.5m)=0 | F/L/R/B=1.08/1.02/2.84/Infinitym | avg=3.84m var=7.36
limo1 : SCAN_LOG: t=19:00:09.750 | min_dist=1.01m@61° | obstacles(<0.5m)=0 | F/L/R/B=1.07/1.01/2.84/Infinitym | avg=3.83m var=7.36
limo1 : SCAN_LOG: t=19:00:09.875 | min_dist=1.02m@61° | obstacles(<0.5m)=0 | F/L/R/B=1.08/1.02/2.83/Infinitym | avg=3.83m var=7.36
limo1 : SCAN_LOG: t=19:00:10.000 | min_dist=1.02m@64° | obstacles(<0.5m)=0 | F/L/R/B=1.07/1.02/2.85/Infinitym | avg=3.83m var=7.36
limo1 : SCAN_LOG: t=19:00:10.125 | min_dist=1.02m@117° | obstacles(<0.5m)=0 | F/L/R/B=1.07/1.02/2.84/Infinitym | avg=3.83m var=7.36
limo1 : SCAN_LOG: t=19:00:10.250 | min_dist=1.02m@65° | obstacles(<0.5m)=0 | F/L/R/B=1.07/1.02/2.84/Infinitym | avg=3.83m var=7.35
limo1 : SCAN_LOG: t=19:00:10.375 | min_dist=1.03m@66° | obstacles(<0.5m)=0 | F/L/R/B=1.06/1.03/2.84/Infinitym | avg=3.83m var=7.36
limo1 : SCAN_LOG: t=19:00:10.500 | min_dist=1.01m@63° | obstacles(<0.5m)=0 | F/L/R/B=1.08/1.01/2.83/Infinitym | avg=3.83m var=7.36
limo1 : SCAN_LOG: t=19:00:10.625 | min_dist=1.02m@59° | obstacles(<0.5m)=0 | F/L/R/B=1.08/1.02/2.83/Infinitym | avg=3.83m var=7.36
limo1 : SCAN_LOG: t=19:00:10.750 | min_dist=1.02m@63° | obstacles(<0.5m)=0 | F/L/R/B=1.08/1.02/2.84/Infinitym | avg=3.83m var=7.36
limo1 : SCAN_LOG: t=19:00:10.875 | min_dist=1.03m@64° | obstacles(<0.5m)=0 | F/L/R/B=1.08/1.03/2.84/Infinitym | avg=3.83m var=7.36
limo1 : SCAN_LOG: t=19:00:11.000 | min_dist=1.02m@63° | obstacles(<0.5m)=0 | F/L/R/B=1.06/1.02/2.84/Infinitym | avg=3.83m var=7.36
limo1 : SCAN_LOG: t=19:00:11.125 | min_dist=1.02m@62° | obstacles(<0.5m)=0 | F/L/R/B=1.08/1.02/2.84/Infinitym | avg=3.83m var=7.36
limo1 : SCAN_LOG: t=19:00:11.250 | min_dist=1.02m@61° | obstacles(<0.5m)=0 | F/L/R/B=1.07/1.02/2.83/Infinitym | avg=3.83m var=7.36
limo1 : SCAN_LOG: t=19:00:11.375 | min_dist=1.02m@61° | obstacles(<0.5m)=0 | F/L/R/B=1.07/1.02/2.84/Infinitym | avg=3.83m var=7.36
limo1 : SCAN_LOG: t=19:00:11.500 | min_dist=1.02m@58° | obstacles(<0.5m)=0 | F/L/R/B=1.09/1.02/2.84/Infinitym | avg=3.83m var=7.36
limo1 : SCAN_LOG: t=19:00:11.625 | min_dist=1.02m@59° | obstacles(<0.5m)=0 | F/L/R/B=1.08/1.02/2.85/Infinitym | avg=3.83m var=7.36
limo1 : SCAN_LOG: t=19:00:11.750 | min_dist=1.02m@61° | obstacles(<0.5m)=0 | F/L/R/B=1.07/1.02/2.84/Infinitym | avg=3.83m var=7.36
limo1 : SCAN_LOG: t=19:00:11.875 | min_dist=1.01m@62° | obstacles(<0.5m)=0 | F/L/R/B=1.07/1.01/2.84/Infinitym | avg=3.83m var=7.36
limo1 : SCAN_LOG: t=19:00:12.000 | min_dist=1.02m@55° | obstacles(<0.5m)=0 | F/L/R/B=1.07/1.02/2.84/Infinitym | avg=3.84m var=7.36
limo1 : SCAN_LOG: t=19:00:12.125 | min_dist=1.01m@61° | obstacles(<0.5m)=0 | F/L/R/B=1.06/1.01/2.85/Infinitym | avg=3.83m var=7.36
limo1 : SCAN_LOG: t=19:00:12.250 | min_dist=1.02m@58° | obstacles(<0.5m)=0 | F/L/R/B=1.07/1.02/2.83/Infinitym | avg=3.83m var=7.36
limo1 : SCAN_LOG: t=19:00:12.375 | min_dist=1.02m@58° | obstacles(<0.5m)=0 | F/L/R/B=1.08/1.02/2.83/Infinitym | avg=3.83m var=7.36
limo1 : SCAN_LOG: t=19:00:12.500 | min_dist=1.02m@60° | obstacles(<0.5m)=0 | F/L/R/B=1.08/1.02/2.84/Infinitym | avg=3.83m var=7.36
limo1 : SCAN_LOG: t=19:00:12.625 | min_dist=1m@57° | obstacles(<0.5m)=0 | F/L/R/B=1.07/1/2.83/Infinitym | avg=3.83m var=7.36
limo1 : SCAN_LOG: t=19:00:12.750 | min_dist=1.02m@56° | obstacles(<0.5m)=0 | F/L/R/B=1.08/1.02/2.84/Infinitym | avg=3.83m var=7.36
limo1 : SCAN_LOG: t=19:00:12.875 | min_dist=1.02m@60° | obstacles(<0.5m)=0 | F/L/R/B=1.08/1.02/2.82/Infinitym | avg=3.83m var=7.36
limo1 : SCAN_LOG: t=19:00:13.000 | min_dist=1.02m@64° | obstacles(<0.5m)=0 | F/L/R/B=1.08/1.02/2.85/Infinitym | avg=3.83m var=7.36
limo1 : SCAN_LOG: t=19:00:13.125 | min_dist=1.02m@63° | obstacles(<0.5m)=0 | F/L/R/B=1.07/1.02/2.83/Infinitym | avg=3.83m var=7.36
limo1 : SCAN_LOG: t=19:00:13.250 | min_dist=1.02m@64° | obstacles(<0.5m)=0 | F/L/R/B=1.08/1.02/2.82/Infinitym | avg=3.83m var=7.36
limo1 : SCAN_LOG: t=19:00:13.375 | min_dist=1.02m@66° | obstacles(<0.5m)=0 | F/L/R/B=1.09/1.02/2.84/Infinitym | avg=3.83m var=7.36
limo1 : SCAN_LOG: t=19:00:13.500 | min_dist=1.02m@55° | obstacles(<0.5m)=0 | F/L/R/B=1.07/1.02/2.85/Infinitym | avg=3.83m var=7.36
limo1 : SCAN_LOG: t=19:00:13.625 | min_dist=1.01m@63° | obstacles(<0.5m)=0 | F/L/R/B=1.08/1.01/2.83/Infinitym | avg=3.83m var=7.36
limo1 : SCAN_LOG: t=19:00:13.750 | min_dist=1.02m@61° | obstacles(<0.5m)=0 | F/L/R/B=1.08/1.02/2.84/Infinitym | avg=3.84m var=7.36
limo1 : SCAN_LOG: t=19:00:13.875 | min_dist=1.02m@58° | obstacles(<0.5m)=0 | F/L/R/B=1.07/1.02/2.84/Infinitym | avg=3.83m var=7.36
limo1 : SCAN_LOG: t=19:00:14.000 | min_dist=1.02m@58° | obstacles(<0.5m)=0 | F/L/R/B=1.09/1.02/2.83/Infinitym | avg=3.83m var=7.36
limo1 : SCAN_LOG: t=19:00:14.125 | min_dist=1.02m@64° | obstacles(<0.5m)=0 | F/L/R/B=1.07/1.02/2.85/Infinitym | avg=3.83m var=7.36
limo1 : SCAN_LOG: t=19:00:14.250 | min_dist=1.02m@58° | obstacles(<0.5m)=0 | F/L/R/B=1.08/1.02/2.83/Infinitym | avg=3.83m var=7.36
limo1 : SCAN_LOG: t=19:00:14.375 | min_dist=1.02m@61° | obstacles(<0.5m)=0 | F/L/R/B=1.07/1.02/2.85/Infinitym | avg=3.83m var=7.36
limo1 : SCAN_LOG: t=19:00:14.500 | min_dist=1.01m@68° | obstacles(<0.5m)=0 | F/L/R/B=1.07/1.01/2.84/Infinitym | avg=3.83m var=7.36
limo1 : SCAN_LOG: t=19:00:14.625 | min_dist=1.02m@68° | obstacles(<0.5m)=0 | F/L/R/B=1.07/1.02/2.84/Infinitym | avg=3.83m var=7.37
limo1 : SCAN_LOG: t=19:00:14.750 | min_dist=1.02m@60° | obstacles(<0.5m)=0 | F/L/R/B=1.08/1.02/2.84/Infinitym | avg=3.83m var=7.36
limo1 : SCAN_LOG: t=19:00:14.875 | min_dist=1.02m@55° | obstacles(<0.5m)=0 | F/L/R/B=1.06/1.02/2.83/Infinitym | avg=3.83m var=7.36
limo1 : SCAN_LOG: t=19:00:15.000 | min_dist=1.02m@53° | obstacles(<0.5m)=0 | F/L/R/B=1.07/1.02/2.84/Infinitym | avg=3.83m var=7.36
limo1 : SCAN_LOG: t=19:00:15.125 | min_dist=1.01m@117° | obstacles(<0.5m)=0 | F/L/R/B=1.06/1.01/2.84/Infinitym | avg=3.83m var=7.36
limo1 : SCAN_LOG: t=19:00:15.250 | min_dist=1.02m@70° | obstacles(<0.5m)=0 | F/L/R/B=1.09/1.02/2.84/Infinitym | avg=3.83m var=7.36
limo1 : SCAN_LOG: t=19:00:15.375 | min_dist=1.02m@64° | obstacles(<0.5m)=0 | F/L/R/B=1.07/1.02/2.84/Infinitym | avg=3.83m var=7.36
limo1 : SCAN_LOG: t=19:00:15.500 | min_dist=1.02m@61° | obstacles(<0.5m)=0 | F/L/R/B=1.08/1.02/2.84/Infinitym | avg=3.83m var=7.36
limo1 : SCAN_LOG: t=19:00:15.625 | min_dist=1.03m@63° | obstacles(<0.5m)=0 | F/L/R/B=1.07/1.03/2.84/Infinitym | avg=3.83m var=7.36
limo1 : SCAN_LOG: t=19:00:15.750 | min_dist=1m@60° | obstacles(<0.5m)=0 | F/L/R/B=1.07/1/2.84/Infinitym | avg=3.83m var=7.36
limo1 : SCAN_LOG: t=19:00:15.875 | min_dist=1.01m@64° | obstacles(<0.5m)=0 | F/L/R/B=1.07/1.01/2.85/Infinitym | avg=3.83m var=7.36
limo1 : SCAN_LOG: t=19:00:16.000 | min_dist=1.02m@55° | obstacles(<0.5m)=0 | F/L/R/B=1.07/1.02/2.84/Infinitym | avg=3.83m var=7.36
limo1 : SCAN_LOG: t=19:00:16.125 | min_dist=1.02m@66° | obstacles(<0.5m)=0 | F/L/R/B=1.08/1.02/2.84/Infinitym | avg=3.83m var=7.36
limo1 : SCAN_LOG: t=19:00:16.250 | min_dist=1.02m@117° | obstacles(<0.5m)=0 | F/L/R/B=1.08/1.02/2.82/Infinitym | avg=3.83m var=7.36
limo1 : SCAN_LOG: t=19:00:16.375 | min_dist=1.01m@61° | obstacles(<0.5m)=0 | F/L/R/B=1.08/1.01/2.84/Infinitym | avg=3.83m var=7.36
limo1 : SCAN_LOG: t=19:00:16.500 | min_dist=1.02m@64° | obstacles(<0.5m)=0 | F/L/R/B=1.07/1.02/2.84/Infinitym | avg=3.84m var=7.36
limo1 : SCAN_LOG: t=19:00:16.625 | min_dist=1.02m@64° | obstacles(<0.5m)=0 | F/L/R/B=1.07/1.02/2.84/Infinitym | avg=3.83m var=7.36
limo1 : SCAN_LOG: t=19:00:16.750 | min_dist=1.02m@64° | obstacles(<0.5m)=0 | F/L/R/B=1.08/1.02/2.85/Infinitym | avg=3.83m var=7.36
limo1 : SCAN_LOG: t=19:00:16.875 | min_dist=1.02m@67° | obstacles(<0.5m)=0 | F/L/R/B=1.06/1.02/2.83/Infinitym | avg=3.84m var=7.36
limo1 : SCAN_LOG: t=19:00:17.000 | min_dist=1.02m@59° | obstacles(<0.5m)=0 | F/L/R/B=1.07/1.02/2.84/Infinitym | avg=3.83m var=7.36
limo1 : SCAN_LOG: t=19:00:17.125 | min_dist=1.02m@62° | obstacles(<0.5m)=0 | F/L/R/B=1.07/1.02/2.84/Infinitym | avg=3.83m var=7.36
limo1 : SCAN_LOG: t=19:00:17.250 | min_dist=1.02m@62° | obstacles(<0.5m)=0 | F/L/R/B=1.07/1.02/2.84/Infinitym | avg=3.83m var=7.36
limo1 : SCAN_LOG: t=19:00:17.375 | min_dist=1.02m@62° | obstacles(<0.5m)=0 | F/L/R/B=1.07/1.02/2.83/Infinitym | avg=3.83m var=7.36
limo1 : SCAN_LOG: t=19:00:17.500 | min_dist=1.02m@57° | obstacles(<0.5m)=0 | F/L/R/B=1.07/1.02/2.84/Infinitym | avg=3.83m var=7.36
limo1 : SCAN_LOG: t=19:00:17.625 | min_dist=1.02m@61° | obstacles(<0.5m)=0 | F/L/R/B=1.07/1.02/2.84/Infinitym | avg=3.83m var=7.36
limo1 : SCAN_LOG: t=19:00:17.750 | min_dist=1.02m@67° | obstacles(<0.5m)=0 | F/L/R/B=1.07/1.02/2.84/Infinitym | avg=3.83m var=7.36
limo1 : SCAN_LOG: t=19:00:17.875 | min_dist=1.02m@61° | obstacles(<0.5m)=0 | F/L/R/B=1.08/1.02/2.84/Infinitym | avg=3.83m var=7.36
limo1 : SCAN_LOG: t=19:00:18.000 | min_dist=1.02m@60° | obstacles(<0.5m)=0 | F/L/R/B=1.07/1.02/2.83/Infinitym | avg=3.83m var=7.36
limo1 : SCAN_LOG: t=19:00:18.250 | min_dist=1.02m@64° | obstacles(<0.5m)=0 | F/L/R/B=1.08/1.02/2.83/Infinitym | avg=3.83m var=7.36
limo1 : SCAN_LOG: t=19:00:18.375 | min_dist=1.02m@58° | obstacles(<0.5m)=0 | F/L/R/B=1.06/1.02/2.83/Infinitym | avg=3.83m var=7.36
limo1 : SCAN_LOG: t=19:00:18.500 | min_dist=1.02m@60° | obstacles(<0.5m)=0 | F/L/R/B=1.08/1.02/2.85/Infinitym | avg=3.83m var=7.36
limo1 : SCAN_LOG: t=19:00:18.625 | min_dist=1.02m@56° | obstacles(<0.5m)=0 | F/L/R/B=1.08/1.02/2.83/Infinitym | avg=3.83m var=7.36
limo1 : SCAN_LOG: t=19:00:18.750 | min_dist=1.02m@63° | obstacles(<0.5m)=0 | F/L/R/B=1.07/1.02/2.84/Infinitym | avg=3.83m var=7.36
limo1 : SCAN_LOG: t=19:00:18.875 | min_dist=1m@65° | obstacles(<0.5m)=0 | F/L/R/B=1.07/1/2.83/Infinitym | avg=3.83m var=7.36
limo1 : SCAN_LOG: t=19:00:19.000 | min_dist=1.01m@58° | obstacles(<0.5m)=0 | F/L/R/B=1.07/1.01/2.83/Infinitym | avg=3.83m var=7.36
limo1 : SCAN_LOG: t=19:00:19.125 | min_dist=1.02m@60° | obstacles(<0.5m)=0 | F/L/R/B=1.07/1.02/2.82/Infinitym | avg=3.83m var=7.36
limo1 : SCAN_LOG: t=19:00:19.250 | min_dist=1.02m@65° | obstacles(<0.5m)=0 | F/L/R/B=1.08/1.02/2.84/Infinitym | avg=3.83m var=7.36
limo1 : SCAN_LOG: t=19:00:19.375 | min_dist=1.02m@57° | obstacles(<0.5m)=0 | F/L/R/B=1.07/1.02/2.84/Infinitym | avg=3.83m var=7.36
limo1 : SCAN_LOG: t=19:00:19.500 | min_dist=1.02m@63° | obstacles(<0.5m)=0 | F/L/R/B=1.07/1.02/2.84/Infinitym | avg=3.83m var=7.36
limo1 : SCAN_LOG: t=19:00:19.625 | min_dist=1.02m@60° | obstacles(<0.5m)=0 | F/L/R/B=1.06/1.02/2.83/Infinitym | avg=3.83m var=7.36
limo1 : SCAN_LOG: t=19:00:19.750 | min_dist=1.02m@69° | obstacles(<0.5m)=0 | F/L/R/B=1.08/1.02/2.84/Infinitym | avg=3.83m var=7.36
limo1 : SCAN_LOG: t=19:00:19.875 | min_dist=1.01m@60° | obstacles(<0.5m)=0 | F/L/R/B=1.06/1.01/2.84/Infinitym | avg=3.83m var=7.36
MISSION_LOG: t=2025-04-16T02:16:17.356Z | Mission undefined STOPPED for robot at 10.0.2.15
MISSION_LOG: t=2025-04-16T02:16:17.408Z | Mission undefined STOPPED for robot at 10.0.2.15
